<testsuites id="" name="" tests="30" failures="30" skipped="0" errors="0" time="33.758269999999996">
<testsuite name="accessibility/a11y.test.ts" timestamp="2025-10-04T15:12:59.689Z" hostname="chromium-desktop" tests="30" failures="30" skipped="0" time="96.008" errors="0">
<testcase name="Accessibility Tests - Public Pages › Homepage - Should have no accessibility violations" classname="accessibility/a11y.test.ts" time="3.041">
<failure message="a11y.test.ts:20:7 Homepage - Should have no accessibility violations" type="FAILURE">
<![CDATA[  [chromium-desktop] › accessibility/a11y.test.ts:20:7 › Accessibility Tests - Public Pages › Homepage - Should have no accessibility violations 

    Error: expect(received).toEqual(expected) // deep equality

    - Expected  -  1
    + Received  + 91

    - Array []
    + Array [
    +   Object {
    +     "description": "Ensure the contrast between foreground and background colors meets WCAG 2 AA minimum contrast ratio thresholds",
    +     "help": "Elements must meet minimum color contrast ratio thresholds",
    +     "helpUrl": "https://dequeuniversity.com/rules/axe/4.10/color-contrast?application=playwright",
    +     "id": "color-contrast",
    +     "impact": "serious",
    +     "nodes": Array [
    +       Object {
    +         "all": Array [],
    +         "any": Array [
    +           Object {
    +             "data": Object {
    +               "bgColor": "#ffffff",
    +               "contrastRatio": 1.12,
    +               "expectedContrastRatio": "4.5:1",
    +               "fgColor": "#f1f2f4",
    +               "fontSize": "15.0pt (20px)",
    +               "fontWeight": "normal",
    +               "messageKey": null,
    +             },
    +             "id": "color-contrast",
    +             "impact": "serious",
    +             "message": "Element has insufficient color contrast of 1.12 (foreground color: #f1f2f4, background color: #ffffff, font size: 15.0pt (20px), font weight: normal). Expected contrast ratio of 4.5:1",
    +             "relatedNodes": Array [
    +               Object {
    +                 "html": "<body class=\"inter_5972bc34-module__OU16Qa__className bg-background text-foreground antialiased\">",
    +                 "target": Array [
    +                   "body",
    +                 ],
    +               },
    +             ],
    +           },
    +         ],
    +         "failureSummary": "Fix any of the following:
    +   Element has insufficient color contrast of 1.12 (foreground color: #f1f2f4, background color: #ffffff, font size: 15.0pt (20px), font weight: normal). Expected contrast ratio of 4.5:1",
    +         "html": "<p class=\"text-xl text-secondary mb-8\">Enterprise Management Platform</p>",
    +         "impact": "serious",
    +         "none": Array [],
    +         "target": Array [
    +           "p",
    +         ],
    +       },
    +       Object {
    +         "all": Array [],
    +         "any": Array [
    +           Object {
    +             "data": Object {
    +               "bgColor": "#3b82f6",
    +               "contrastRatio": 4.11,
    +               "expectedContrastRatio": "4.5:1",
    +               "fgColor": "#262626",
    +               "fontSize": "12.0pt (16px)",
    +               "fontWeight": "normal",
    +               "messageKey": null,
    +             },
    +             "id": "color-contrast",
    +             "impact": "serious",
    +             "message": "Element has insufficient color contrast of 4.11 (foreground color: #262626, background color: #3b82f6, font size: 12.0pt (16px), font weight: normal). Expected contrast ratio of 4.5:1",
    +             "relatedNodes": Array [
    +               Object {
    +                 "html": "<a class=\"inline-block bg-blue-500 hover:bg-blue-600 text-foreground px-8 py-3 rounded-lg font-medium transition-colors\" href=\"/dashboard\">Go to Dashboard</a>",
    +                 "target": Array [
    +                   "a",
    +                 ],
    +               },
    +             ],
    +           },
    +         ],
    +         "failureSummary": "Fix any of the following:
    +   Element has insufficient color contrast of 4.11 (foreground color: #262626, background color: #3b82f6, font size: 12.0pt (16px), font weight: normal). Expected contrast ratio of 4.5:1",
    +         "html": "<a class=\"inline-block bg-blue-500 hover:bg-blue-600 text-foreground px-8 py-3 rounded-lg font-medium transition-colors\" href=\"/dashboard\">Go to Dashboard</a>",
    +         "impact": "serious",
    +         "none": Array [],
    +         "target": Array [
    +           "a",
    +         ],
    +       },
    +     ],
    +     "tags": Array [
    +       "cat.color",
    +       "wcag2aa",
    +       "wcag143",
    +       "TTv5",
    +       "TT13.c",
    +       "EN-301-549",
    +       "EN-9.1.4.3",
    +       "ACT",
    +     ],
    +   },
    + ]

      26 |       .analyze();
      27 |
    > 28 |     expect(accessibilityScanResults.violations).toEqual([]);
         |                                                 ^
      29 |   });
      30 |
      31 |   test('Login Page - Should have no accessibility violations', async ({ page }) => {
        at /Users/eko3/limn-systems-enterprise/tests/e2e/accessibility/a11y.test.ts:28:49

    attachment #1: screenshot (image/png) ──────────────────────────────────────────────────────────
    ../../test-results/accessibility-a11y-Accessi-e3881-no-accessibility-violations-chromium-desktop/test-failed-1.png
    ────────────────────────────────────────────────────────────────────────────────────────────────

    attachment #2: video (video/webm) ──────────────────────────────────────────────────────────────
    ../../test-results/accessibility-a11y-Accessi-e3881-no-accessibility-violations-chromium-desktop/video-1.webm
    ────────────────────────────────────────────────────────────────────────────────────────────────

    attachment #3: video (video/webm) ──────────────────────────────────────────────────────────────
    ../../test-results/accessibility-a11y-Accessi-e3881-no-accessibility-violations-chromium-desktop/video.webm
    ────────────────────────────────────────────────────────────────────────────────────────────────

    Error Context: ../../test-results/accessibility-a11y-Accessi-e3881-no-accessibility-violations-chromium-desktop/error-context.md
]]>
</failure>
<system-out>
<![CDATA[
[[ATTACHMENT|../test-results/accessibility-a11y-Accessi-e3881-no-accessibility-violations-chromium-desktop/test-failed-1.png]]

[[ATTACHMENT|../test-results/accessibility-a11y-Accessi-e3881-no-accessibility-violations-chromium-desktop/video-1.webm]]

[[ATTACHMENT|../test-results/accessibility-a11y-Accessi-e3881-no-accessibility-violations-chromium-desktop/video.webm]]

[[ATTACHMENT|../test-results/accessibility-a11y-Accessi-e3881-no-accessibility-violations-chromium-desktop/error-context.md]]
]]>
</system-out>
</testcase>
<testcase name="Accessibility Tests - Public Pages › Login Page - Should have no accessibility violations" classname="accessibility/a11y.test.ts" time="2.996">
<failure message="a11y.test.ts:31:7 Login Page - Should have no accessibility violations" type="FAILURE">
<![CDATA[  [chromium-desktop] › accessibility/a11y.test.ts:31:7 › Accessibility Tests - Public Pages › Login Page - Should have no accessibility violations 

    Error: expect(received).toEqual(expected) // deep equality

    - Expected  -  1
    + Received  + 56

    - Array []
    + Array [
    +   Object {
    +     "description": "Ensure the contrast between foreground and background colors meets WCAG 2 AA minimum contrast ratio thresholds",
    +     "help": "Elements must meet minimum color contrast ratio thresholds",
    +     "helpUrl": "https://dequeuniversity.com/rules/axe/4.10/color-contrast?application=playwright",
    +     "id": "color-contrast",
    +     "impact": "serious",
    +     "nodes": Array [
    +       Object {
    +         "all": Array [],
    +         "any": Array [
    +           Object {
    +             "data": Object {
    +               "bgColor": "#ffffff",
    +               "contrastRatio": 2.54,
    +               "expectedContrastRatio": "4.5:1",
    +               "fgColor": "#60a5fa",
    +               "fontSize": "9.0pt (12px)",
    +               "fontWeight": "normal",
    +               "messageKey": null,
    +             },
    +             "id": "color-contrast",
    +             "impact": "serious",
    +             "message": "Element has insufficient color contrast of 2.54 (foreground color: #60a5fa, background color: #ffffff, font size: 9.0pt (12px), font weight: normal). Expected contrast ratio of 4.5:1",
    +             "relatedNodes": Array [
    +               Object {
    +                 "html": "<div class=\"card border shadow-lg rounded-lg px-8 py-10\">",
    +                 "target": Array [
    +                   ".border",
    +                 ],
    +               },
    +             ],
    +           },
    +         ],
    +         "failureSummary": "Fix any of the following:
    +   Element has insufficient color contrast of 2.54 (foreground color: #60a5fa, background color: #ffffff, font size: 9.0pt (12px), font weight: normal). Expected contrast ratio of 4.5:1",
    +         "html": "<a href=\"mailto:support@limnsystems.com\" class=\"text-blue-400 hover:text-blue-300 font-medium\">Contact Support</a>",
    +         "impact": "serious",
    +         "none": Array [],
    +         "target": Array [
    +           "a",
    +         ],
    +       },
    +     ],
    +     "tags": Array [
    +       "cat.color",
    +       "wcag2aa",
    +       "wcag143",
    +       "TTv5",
    +       "TT13.c",
    +       "EN-301-549",
    +       "EN-9.1.4.3",
    +       "ACT",
    +     ],
    +   },
    + ]

      37 |       .analyze();
      38 |
    > 39 |     expect(accessibilityScanResults.violations).toEqual([]);
         |                                                 ^
      40 |   });
      41 | });
      42 |
        at /Users/eko3/limn-systems-enterprise/tests/e2e/accessibility/a11y.test.ts:39:49

    attachment #1: screenshot (image/png) ──────────────────────────────────────────────────────────
    ../../test-results/accessibility-a11y-Accessi-b3921-no-accessibility-violations-chromium-desktop/test-failed-1.png
    ────────────────────────────────────────────────────────────────────────────────────────────────

    attachment #2: video (video/webm) ──────────────────────────────────────────────────────────────
    ../../test-results/accessibility-a11y-Accessi-b3921-no-accessibility-violations-chromium-desktop/video.webm
    ────────────────────────────────────────────────────────────────────────────────────────────────

    attachment #3: video (video/webm) ──────────────────────────────────────────────────────────────
    ../../test-results/accessibility-a11y-Accessi-b3921-no-accessibility-violations-chromium-desktop/video-1.webm
    ────────────────────────────────────────────────────────────────────────────────────────────────

    Error Context: ../../test-results/accessibility-a11y-Accessi-b3921-no-accessibility-violations-chromium-desktop/error-context.md
]]>
</failure>
<system-out>
<![CDATA[
[[ATTACHMENT|../test-results/accessibility-a11y-Accessi-b3921-no-accessibility-violations-chromium-desktop/test-failed-1.png]]

[[ATTACHMENT|../test-results/accessibility-a11y-Accessi-b3921-no-accessibility-violations-chromium-desktop/video.webm]]

[[ATTACHMENT|../test-results/accessibility-a11y-Accessi-b3921-no-accessibility-violations-chromium-desktop/video-1.webm]]

[[ATTACHMENT|../test-results/accessibility-a11y-Accessi-b3921-no-accessibility-violations-chromium-desktop/error-context.md]]
]]>
</system-out>
</testcase>
<testcase name="Accessibility Tests - Portal Pages › Portal Login - Should have no accessibility violations" classname="accessibility/a11y.test.ts" time="2.952">
<failure message="a11y.test.ts:44:7 Portal Login - Should have no accessibility violations" type="FAILURE">
<![CDATA[  [chromium-desktop] › accessibility/a11y.test.ts:44:7 › Accessibility Tests - Portal Pages › Portal Login - Should have no accessibility violations 

    Error: expect(received).toEqual(expected) // deep equality

    - Expected  -  1
    + Received  + 91

    - Array []
    + Array [
    +   Object {
    +     "description": "Ensure the contrast between foreground and background colors meets WCAG 2 AA minimum contrast ratio thresholds",
    +     "help": "Elements must meet minimum color contrast ratio thresholds",
    +     "helpUrl": "https://dequeuniversity.com/rules/axe/4.10/color-contrast?application=playwright",
    +     "id": "color-contrast",
    +     "impact": "serious",
    +     "nodes": Array [
    +       Object {
    +         "all": Array [],
    +         "any": Array [
    +           Object {
    +             "data": Object {
    +               "bgColor": "#ffffff",
    +               "contrastRatio": 2.05,
    +               "expectedContrastRatio": "4.5:1",
    +               "fgColor": "#91bdbd",
    +               "fontSize": "10.5pt (14px)",
    +               "fontWeight": "normal",
    +               "messageKey": null,
    +             },
    +             "id": "color-contrast",
    +             "impact": "serious",
    +             "message": "Element has insufficient color contrast of 2.05 (foreground color: #91bdbd, background color: #ffffff, font size: 10.5pt (14px), font weight: normal). Expected contrast ratio of 4.5:1",
    +             "relatedNodes": Array [
    +               Object {
    +                 "html": "<div class=\"bg-card rounded-lg shadow-xl p-8\">",
    +                 "target": Array [
    +                   ".bg-card",
    +                 ],
    +               },
    +             ],
    +           },
    +         ],
    +         "failureSummary": "Fix any of the following:
    +   Element has insufficient color contrast of 2.05 (foreground color: #91bdbd, background color: #ffffff, font size: 10.5pt (14px), font weight: normal). Expected contrast ratio of 4.5:1",
    +         "html": "<a href=\"/portal/forgot-password\" class=\"text-[#91bdbd] hover:underline\">Forgot your password?</a>",
    +         "impact": "serious",
    +         "none": Array [],
    +         "target": Array [
    +           "a[href$=\"forgot-password\"]",
    +         ],
    +       },
    +       Object {
    +         "all": Array [],
    +         "any": Array [
    +           Object {
    +             "data": Object {
    +               "bgColor": "#ffffff",
    +               "contrastRatio": 2.05,
    +               "expectedContrastRatio": "4.5:1",
    +               "fgColor": "#91bdbd",
    +               "fontSize": "10.5pt (14px)",
    +               "fontWeight": "normal",
    +               "messageKey": null,
    +             },
    +             "id": "color-contrast",
    +             "impact": "serious",
    +             "message": "Element has insufficient color contrast of 2.05 (foreground color: #91bdbd, background color: #ffffff, font size: 10.5pt (14px), font weight: normal). Expected contrast ratio of 4.5:1",
    +             "relatedNodes": Array [
    +               Object {
    +                 "html": "<div class=\"bg-card rounded-lg shadow-xl p-8\">",
    +                 "target": Array [
    +                   ".bg-card",
    +                 ],
    +               },
    +             ],
    +           },
    +         ],
    +         "failureSummary": "Fix any of the following:
    +   Element has insufficient color contrast of 2.05 (foreground color: #91bdbd, background color: #ffffff, font size: 10.5pt (14px), font weight: normal). Expected contrast ratio of 4.5:1",
    +         "html": "<a href=\"mailto:support@limnsystems.com\" class=\"text-[#91bdbd] hover:underline\">Contact Support</a>",
    +         "impact": "serious",
    +         "none": Array [],
    +         "target": Array [
    +           "a[href=\"mailto:support@limnsystems.com\"]",
    +         ],
    +       },
    +     ],
    +     "tags": Array [
    +       "cat.color",
    +       "wcag2aa",
    +       "wcag143",
    +       "TTv5",
    +       "TT13.c",
    +       "EN-301-549",
    +       "EN-9.1.4.3",
    +       "ACT",
    +     ],
    +   },
    + ]

      50 |       .analyze();
      51 |
    > 52 |     expect(accessibilityScanResults.violations).toEqual([]);
         |                                                 ^
      53 |   });
      54 |
      55 |   test('Portal Home - Should have no accessibility violations', async ({ page }) => {
        at /Users/eko3/limn-systems-enterprise/tests/e2e/accessibility/a11y.test.ts:52:49

    attachment #1: screenshot (image/png) ──────────────────────────────────────────────────────────
    ../../test-results/accessibility-a11y-Accessi-6df20-no-accessibility-violations-chromium-desktop/test-failed-1.png
    ────────────────────────────────────────────────────────────────────────────────────────────────

    attachment #2: video (video/webm) ──────────────────────────────────────────────────────────────
    ../../test-results/accessibility-a11y-Accessi-6df20-no-accessibility-violations-chromium-desktop/video.webm
    ────────────────────────────────────────────────────────────────────────────────────────────────

    attachment #3: video (video/webm) ──────────────────────────────────────────────────────────────
    ../../test-results/accessibility-a11y-Accessi-6df20-no-accessibility-violations-chromium-desktop/video-1.webm
    ────────────────────────────────────────────────────────────────────────────────────────────────

    Error Context: ../../test-results/accessibility-a11y-Accessi-6df20-no-accessibility-violations-chromium-desktop/error-context.md
]]>
</failure>
<system-out>
<![CDATA[
[[ATTACHMENT|../test-results/accessibility-a11y-Accessi-6df20-no-accessibility-violations-chromium-desktop/test-failed-1.png]]

[[ATTACHMENT|../test-results/accessibility-a11y-Accessi-6df20-no-accessibility-violations-chromium-desktop/video.webm]]

[[ATTACHMENT|../test-results/accessibility-a11y-Accessi-6df20-no-accessibility-violations-chromium-desktop/video-1.webm]]

[[ATTACHMENT|../test-results/accessibility-a11y-Accessi-6df20-no-accessibility-violations-chromium-desktop/error-context.md]]
]]>
</system-out>
</testcase>
<testcase name="Accessibility Tests - Portal Pages › Portal Home - Should have no accessibility violations" classname="accessibility/a11y.test.ts" time="2.855">
<failure message="a11y.test.ts:55:7 Portal Home - Should have no accessibility violations" type="FAILURE">
<![CDATA[  [chromium-desktop] › accessibility/a11y.test.ts:55:7 › Accessibility Tests - Portal Pages › Portal Home - Should have no accessibility violations 

    Error: expect(received).toEqual(expected) // deep equality

    - Expected  -  1
    + Received  + 56

    - Array []
    + Array [
    +   Object {
    +     "description": "Ensure the contrast between foreground and background colors meets WCAG 2 AA minimum contrast ratio thresholds",
    +     "help": "Elements must meet minimum color contrast ratio thresholds",
    +     "helpUrl": "https://dequeuniversity.com/rules/axe/4.10/color-contrast?application=playwright",
    +     "id": "color-contrast",
    +     "impact": "serious",
    +     "nodes": Array [
    +       Object {
    +         "all": Array [],
    +         "any": Array [
    +           Object {
    +             "data": Object {
    +               "bgColor": "#ffffff",
    +               "contrastRatio": 1.12,
    +               "expectedContrastRatio": "4.5:1",
    +               "fgColor": "#f1f2f4",
    +               "fontSize": "12.0pt (16px)",
    +               "fontWeight": "normal",
    +               "messageKey": null,
    +             },
    +             "id": "color-contrast",
    +             "impact": "serious",
    +             "message": "Element has insufficient color contrast of 1.12 (foreground color: #f1f2f4, background color: #ffffff, font size: 12.0pt (16px), font weight: normal). Expected contrast ratio of 4.5:1",
    +             "relatedNodes": Array [
    +               Object {
    +                 "html": "<div class=\"min-h-screen card flex items-center justify-center\">",
    +                 "target": Array [
    +                   ".min-h-screen",
    +                 ],
    +               },
    +             ],
    +           },
    +         ],
    +         "failureSummary": "Fix any of the following:
    +   Element has insufficient color contrast of 1.12 (foreground color: #f1f2f4, background color: #ffffff, font size: 12.0pt (16px), font weight: normal). Expected contrast ratio of 4.5:1",
    +         "html": "<p class=\"text-secondary\">Loading portal...</p>",
    +         "impact": "serious",
    +         "none": Array [],
    +         "target": Array [
    +           "p",
    +         ],
    +       },
    +     ],
    +     "tags": Array [
    +       "cat.color",
    +       "wcag2aa",
    +       "wcag143",
    +       "TTv5",
    +       "TT13.c",
    +       "EN-301-549",
    +       "EN-9.1.4.3",
    +       "ACT",
    +     ],
    +   },
    + ]

      60 |       .analyze();
      61 |
    > 62 |     expect(accessibilityScanResults.violations).toEqual([]);
         |                                                 ^
      63 |   });
      64 |
      65 |   test('Portal Orders - Should have no accessibility violations', async ({ page }) => {
        at /Users/eko3/limn-systems-enterprise/tests/e2e/accessibility/a11y.test.ts:62:49

    attachment #1: screenshot (image/png) ──────────────────────────────────────────────────────────
    ../../test-results/accessibility-a11y-Accessi-8ab08-no-accessibility-violations-chromium-desktop/test-failed-1.png
    ────────────────────────────────────────────────────────────────────────────────────────────────

    attachment #2: video (video/webm) ──────────────────────────────────────────────────────────────
    ../../test-results/accessibility-a11y-Accessi-8ab08-no-accessibility-violations-chromium-desktop/video-1.webm
    ────────────────────────────────────────────────────────────────────────────────────────────────

    attachment #3: video (video/webm) ──────────────────────────────────────────────────────────────
    ../../test-results/accessibility-a11y-Accessi-8ab08-no-accessibility-violations-chromium-desktop/video.webm
    ────────────────────────────────────────────────────────────────────────────────────────────────

    Error Context: ../../test-results/accessibility-a11y-Accessi-8ab08-no-accessibility-violations-chromium-desktop/error-context.md
]]>
</failure>
<system-out>
<![CDATA[
[[ATTACHMENT|../test-results/accessibility-a11y-Accessi-8ab08-no-accessibility-violations-chromium-desktop/test-failed-1.png]]

[[ATTACHMENT|../test-results/accessibility-a11y-Accessi-8ab08-no-accessibility-violations-chromium-desktop/video-1.webm]]

[[ATTACHMENT|../test-results/accessibility-a11y-Accessi-8ab08-no-accessibility-violations-chromium-desktop/video.webm]]

[[ATTACHMENT|../test-results/accessibility-a11y-Accessi-8ab08-no-accessibility-violations-chromium-desktop/error-context.md]]
]]>
</system-out>
</testcase>
<testcase name="Accessibility Tests - Portal Pages › Portal Orders - Should have no accessibility violations" classname="accessibility/a11y.test.ts" time="1.992">
<failure message="a11y.test.ts:65:7 Portal Orders - Should have no accessibility violations" type="FAILURE">
<![CDATA[  [chromium-desktop] › accessibility/a11y.test.ts:65:7 › Accessibility Tests - Portal Pages › Portal Orders - Should have no accessibility violations 

    Error: expect(received).toEqual(expected) // deep equality

    - Expected  -  1
    + Received  + 56

    - Array []
    + Array [
    +   Object {
    +     "description": "Ensure the contrast between foreground and background colors meets WCAG 2 AA minimum contrast ratio thresholds",
    +     "help": "Elements must meet minimum color contrast ratio thresholds",
    +     "helpUrl": "https://dequeuniversity.com/rules/axe/4.10/color-contrast?application=playwright",
    +     "id": "color-contrast",
    +     "impact": "serious",
    +     "nodes": Array [
    +       Object {
    +         "all": Array [],
    +         "any": Array [
    +           Object {
    +             "data": Object {
    +               "bgColor": "#ffffff",
    +               "contrastRatio": 1.12,
    +               "expectedContrastRatio": "4.5:1",
    +               "fgColor": "#f1f2f4",
    +               "fontSize": "12.0pt (16px)",
    +               "fontWeight": "normal",
    +               "messageKey": null,
    +             },
    +             "id": "color-contrast",
    +             "impact": "serious",
    +             "message": "Element has insufficient color contrast of 1.12 (foreground color: #f1f2f4, background color: #ffffff, font size: 12.0pt (16px), font weight: normal). Expected contrast ratio of 4.5:1",
    +             "relatedNodes": Array [
    +               Object {
    +                 "html": "<div class=\"min-h-screen card flex items-center justify-center\">",
    +                 "target": Array [
    +                   ".min-h-screen",
    +                 ],
    +               },
    +             ],
    +           },
    +         ],
    +         "failureSummary": "Fix any of the following:
    +   Element has insufficient color contrast of 1.12 (foreground color: #f1f2f4, background color: #ffffff, font size: 12.0pt (16px), font weight: normal). Expected contrast ratio of 4.5:1",
    +         "html": "<p class=\"text-secondary\">Loading portal...</p>",
    +         "impact": "serious",
    +         "none": Array [],
    +         "target": Array [
    +           "p",
    +         ],
    +       },
    +     ],
    +     "tags": Array [
    +       "cat.color",
    +       "wcag2aa",
    +       "wcag143",
    +       "TTv5",
    +       "TT13.c",
    +       "EN-301-549",
    +       "EN-9.1.4.3",
    +       "ACT",
    +     ],
    +   },
    + ]

      70 |       .analyze();
      71 |
    > 72 |     expect(accessibilityScanResults.violations).toEqual([]);
         |                                                 ^
      73 |   });
      74 |
      75 |   test('Portal Documents - Should have no accessibility violations', async ({ page }) => {
        at /Users/eko3/limn-systems-enterprise/tests/e2e/accessibility/a11y.test.ts:72:49

    attachment #1: screenshot (image/png) ──────────────────────────────────────────────────────────
    ../../test-results/accessibility-a11y-Accessi-46194-no-accessibility-violations-chromium-desktop/test-failed-1.png
    ────────────────────────────────────────────────────────────────────────────────────────────────

    attachment #2: video (video/webm) ──────────────────────────────────────────────────────────────
    ../../test-results/accessibility-a11y-Accessi-46194-no-accessibility-violations-chromium-desktop/video.webm
    ────────────────────────────────────────────────────────────────────────────────────────────────

    attachment #3: video (video/webm) ──────────────────────────────────────────────────────────────
    ../../test-results/accessibility-a11y-Accessi-46194-no-accessibility-violations-chromium-desktop/video-1.webm
    ────────────────────────────────────────────────────────────────────────────────────────────────

    Error Context: ../../test-results/accessibility-a11y-Accessi-46194-no-accessibility-violations-chromium-desktop/error-context.md
]]>
</failure>
<system-out>
<![CDATA[
[[ATTACHMENT|../test-results/accessibility-a11y-Accessi-46194-no-accessibility-violations-chromium-desktop/test-failed-1.png]]

[[ATTACHMENT|../test-results/accessibility-a11y-Accessi-46194-no-accessibility-violations-chromium-desktop/video.webm]]

[[ATTACHMENT|../test-results/accessibility-a11y-Accessi-46194-no-accessibility-violations-chromium-desktop/video-1.webm]]

[[ATTACHMENT|../test-results/accessibility-a11y-Accessi-46194-no-accessibility-violations-chromium-desktop/error-context.md]]
]]>
</system-out>
</testcase>
<testcase name="Accessibility Tests - Portal Pages › Portal Documents - Should have no accessibility violations" classname="accessibility/a11y.test.ts" time="2.076">
<failure message="a11y.test.ts:75:7 Portal Documents - Should have no accessibility violations" type="FAILURE">
<![CDATA[  [chromium-desktop] › accessibility/a11y.test.ts:75:7 › Accessibility Tests - Portal Pages › Portal Documents - Should have no accessibility violations 

    Error: expect(received).toEqual(expected) // deep equality

    - Expected  -  1
    + Received  + 56

    - Array []
    + Array [
    +   Object {
    +     "description": "Ensure the contrast between foreground and background colors meets WCAG 2 AA minimum contrast ratio thresholds",
    +     "help": "Elements must meet minimum color contrast ratio thresholds",
    +     "helpUrl": "https://dequeuniversity.com/rules/axe/4.10/color-contrast?application=playwright",
    +     "id": "color-contrast",
    +     "impact": "serious",
    +     "nodes": Array [
    +       Object {
    +         "all": Array [],
    +         "any": Array [
    +           Object {
    +             "data": Object {
    +               "bgColor": "#ffffff",
    +               "contrastRatio": 1.12,
    +               "expectedContrastRatio": "4.5:1",
    +               "fgColor": "#f1f2f4",
    +               "fontSize": "12.0pt (16px)",
    +               "fontWeight": "normal",
    +               "messageKey": null,
    +             },
    +             "id": "color-contrast",
    +             "impact": "serious",
    +             "message": "Element has insufficient color contrast of 1.12 (foreground color: #f1f2f4, background color: #ffffff, font size: 12.0pt (16px), font weight: normal). Expected contrast ratio of 4.5:1",
    +             "relatedNodes": Array [
    +               Object {
    +                 "html": "<div class=\"min-h-screen card flex items-center justify-center\">",
    +                 "target": Array [
    +                   ".min-h-screen",
    +                 ],
    +               },
    +             ],
    +           },
    +         ],
    +         "failureSummary": "Fix any of the following:
    +   Element has insufficient color contrast of 1.12 (foreground color: #f1f2f4, background color: #ffffff, font size: 12.0pt (16px), font weight: normal). Expected contrast ratio of 4.5:1",
    +         "html": "<p class=\"text-secondary\">Loading portal...</p>",
    +         "impact": "serious",
    +         "none": Array [],
    +         "target": Array [
    +           "p",
    +         ],
    +       },
    +     ],
    +     "tags": Array [
    +       "cat.color",
    +       "wcag2aa",
    +       "wcag143",
    +       "TTv5",
    +       "TT13.c",
    +       "EN-301-549",
    +       "EN-9.1.4.3",
    +       "ACT",
    +     ],
    +   },
    + ]

      80 |       .analyze();
      81 |
    > 82 |     expect(accessibilityScanResults.violations).toEqual([]);
         |                                                 ^
      83 |   });
      84 | });
      85 |
        at /Users/eko3/limn-systems-enterprise/tests/e2e/accessibility/a11y.test.ts:82:49

    attachment #1: screenshot (image/png) ──────────────────────────────────────────────────────────
    ../../test-results/accessibility-a11y-Accessi-a10b9-no-accessibility-violations-chromium-desktop/test-failed-1.png
    ────────────────────────────────────────────────────────────────────────────────────────────────

    attachment #2: video (video/webm) ──────────────────────────────────────────────────────────────
    ../../test-results/accessibility-a11y-Accessi-a10b9-no-accessibility-violations-chromium-desktop/video-1.webm
    ────────────────────────────────────────────────────────────────────────────────────────────────

    attachment #3: video (video/webm) ──────────────────────────────────────────────────────────────
    ../../test-results/accessibility-a11y-Accessi-a10b9-no-accessibility-violations-chromium-desktop/video.webm
    ────────────────────────────────────────────────────────────────────────────────────────────────

    Error Context: ../../test-results/accessibility-a11y-Accessi-a10b9-no-accessibility-violations-chromium-desktop/error-context.md
]]>
</failure>
<system-out>
<![CDATA[
[[ATTACHMENT|../test-results/accessibility-a11y-Accessi-a10b9-no-accessibility-violations-chromium-desktop/test-failed-1.png]]

[[ATTACHMENT|../test-results/accessibility-a11y-Accessi-a10b9-no-accessibility-violations-chromium-desktop/video-1.webm]]

[[ATTACHMENT|../test-results/accessibility-a11y-Accessi-a10b9-no-accessibility-violations-chromium-desktop/video.webm]]

[[ATTACHMENT|../test-results/accessibility-a11y-Accessi-a10b9-no-accessibility-violations-chromium-desktop/error-context.md]]
]]>
</system-out>
</testcase>
<testcase name="Accessibility Tests - CRM Module › CRM Contacts List - Should have no accessibility violations" classname="accessibility/a11y.test.ts" time="2.206">
<failure message="a11y.test.ts:87:7 CRM Contacts List - Should have no accessibility violations" type="FAILURE">
<![CDATA[  [chromium-desktop] › accessibility/a11y.test.ts:87:7 › Accessibility Tests - CRM Module › CRM Contacts List - Should have no accessibility violations 

    Error: expect(received).toEqual(expected) // deep equality

    - Expected  -   1
    + Received  + 334

    - Array []
    + Array [
    +   Object {
    +     "description": "Ensure buttons have discernible text",
    +     "help": "Buttons must have discernible text",
    +     "helpUrl": "https://dequeuniversity.com/rules/axe/4.10/button-name?application=playwright",
    +     "id": "button-name",
    +     "impact": "critical",
    +     "nodes": Array [
    +       Object {
    +         "all": Array [],
    +         "any": Array [
    +           Object {
    +             "data": null,
    +             "id": "button-has-visible-text",
    +             "impact": "critical",
    +             "message": "Element does not have inner text that is visible to screen readers",
    +             "relatedNodes": Array [],
    +           },
    +           Object {
    +             "data": null,
    +             "id": "aria-label",
    +             "impact": "critical",
    +             "message": "aria-label attribute does not exist or is empty",
    +             "relatedNodes": Array [],
    +           },
    +           Object {
    +             "data": null,
    +             "id": "aria-labelledby",
    +             "impact": "critical",
    +             "message": "aria-labelledby attribute does not exist, references elements that do not exist or references elements that are empty",
    +             "relatedNodes": Array [],
    +           },
    +           Object {
    +             "data": Object {
    +               "messageKey": "noAttr",
    +             },
    +             "id": "non-empty-title",
    +             "impact": "critical",
    +             "message": "Element has no title attribute",
    +             "relatedNodes": Array [],
    +           },
    +           Object {
    +             "data": null,
    +             "id": "implicit-label",
    +             "impact": "critical",
    +             "message": "Element does not have an implicit (wrapped) <label>",
    +             "relatedNodes": Array [],
    +           },
    +           Object {
    +             "data": null,
    +             "id": "explicit-label",
    +             "impact": "critical",
    +             "message": "Element does not have an explicit <label>",
    +             "relatedNodes": Array [],
    +           },
    +           Object {
    +             "data": null,
    +             "id": "presentational-role",
    +             "impact": "critical",
    +             "message": "Element's default semantics were not overridden with role=\"none\" or role=\"presentation\"",
    +             "relatedNodes": Array [],
    +           },
    +         ],
    +         "failureSummary": "Fix any of the following:
    +   Element does not have inner text that is visible to screen readers
    +   aria-label attribute does not exist or is empty
    +   aria-labelledby attribute does not exist, references elements that do not exist or references elements that are empty
    +   Element has no title attribute
    +   Element does not have an implicit (wrapped) <label>
    +   Element does not have an explicit <label>
    +   Element's default semantics were not overridden with role=\"none\" or role=\"presentation\"",
    +         "html": "<button class=\"header-icon-button\">",
    +         "impact": "critical",
    +         "none": Array [],
    +         "target": Array [
    +           ".header-icon-button:nth-child(1)",
    +         ],
    +       },
    +       Object {
    +         "all": Array [],
    +         "any": Array [
    +           Object {
    +             "data": null,
    +             "id": "button-has-visible-text",
    +             "impact": "critical",
    +             "message": "Element does not have inner text that is visible to screen readers",
    +             "relatedNodes": Array [],
    +           },
    +           Object {
    +             "data": null,
    +             "id": "aria-label",
    +             "impact": "critical",
    +             "message": "aria-label attribute does not exist or is empty",
    +             "relatedNodes": Array [],
    +           },
    +           Object {
    +             "data": null,
    +             "id": "aria-labelledby",
    +             "impact": "critical",
    +             "message": "aria-labelledby attribute does not exist, references elements that do not exist or references elements that are empty",
    +             "relatedNodes": Array [],
    +           },
    +           Object {
    +             "data": Object {
    +               "messageKey": "noAttr",
    +             },
    +             "id": "non-empty-title",
    +             "impact": "critical",
    +             "message": "Element has no title attribute",
    +             "relatedNodes": Array [],
    +           },
    +           Object {
    +             "data": null,
    +             "id": "implicit-label",
    +             "impact": "critical",
    +             "message": "Element does not have an implicit (wrapped) <label>",
    +             "relatedNodes": Array [],
    +           },
    +           Object {
    +             "data": null,
    +             "id": "explicit-label",
    +             "impact": "critical",
    +             "message": "Element does not have an explicit <label>",
    +             "relatedNodes": Array [],
    +           },
    +           Object {
    +             "data": null,
    +             "id": "presentational-role",
    +             "impact": "critical",
    +             "message": "Element's default semantics were not overridden with role=\"none\" or role=\"presentation\"",
    +             "relatedNodes": Array [],
    +           },
    +         ],
    +         "failureSummary": "Fix any of the following:
    +   Element does not have inner text that is visible to screen readers
    +   aria-label attribute does not exist or is empty
    +   aria-labelledby attribute does not exist, references elements that do not exist or references elements that are empty
    +   Element has no title attribute
    +   Element does not have an implicit (wrapped) <label>
    +   Element does not have an explicit <label>
    +   Element's default semantics were not overridden with role=\"none\" or role=\"presentation\"",
    +         "html": "<button class=\"header-icon-button\">",
    +         "impact": "critical",
    +         "none": Array [],
    +         "target": Array [
    +           ".header-icon-button:nth-child(3)",
    +         ],
    +       },
    +       Object {
    +         "all": Array [],
    +         "any": Array [
    +           Object {
    +             "data": null,
    +             "id": "button-has-visible-text",
    +             "impact": "critical",
    +             "message": "Element does not have inner text that is visible to screen readers",
    +             "relatedNodes": Array [],
    +           },
    +           Object {
    +             "data": null,
    +             "id": "aria-label",
    +             "impact": "critical",
    +             "message": "aria-label attribute does not exist or is empty",
    +             "relatedNodes": Array [],
    +           },
    +           Object {
    +             "data": null,
    +             "id": "aria-labelledby",
    +             "impact": "critical",
    +             "message": "aria-labelledby attribute does not exist, references elements that do not exist or references elements that are empty",
    +             "relatedNodes": Array [],
    +           },
    +           Object {
    +             "data": Object {
    +               "messageKey": "noAttr",
    +             },
    +             "id": "non-empty-title",
    +             "impact": "critical",
    +             "message": "Element has no title attribute",
    +             "relatedNodes": Array [],
    +           },
    +           Object {
    +             "data": null,
    +             "id": "implicit-label",
    +             "impact": "critical",
    +             "message": "Element does not have an implicit (wrapped) <label>",
    +             "relatedNodes": Array [],
    +           },
    +           Object {
    +             "data": null,
    +             "id": "explicit-label",
    +             "impact": "critical",
    +             "message": "Element does not have an explicit <label>",
    +             "relatedNodes": Array [],
    +           },
    +           Object {
    +             "data": null,
    +             "id": "presentational-role",
    +             "impact": "critical",
    +             "message": "Element's default semantics were not overridden with role=\"none\" or role=\"presentation\"",
    +             "relatedNodes": Array [],
    +           },
    +         ],
    +         "failureSummary": "Fix any of the following:
    +   Element does not have inner text that is visible to screen readers
    +   aria-label attribute does not exist or is empty
    +   aria-labelledby attribute does not exist, references elements that do not exist or references elements that are empty
    +   Element has no title attribute
    +   Element does not have an implicit (wrapped) <label>
    +   Element does not have an explicit <label>
    +   Element's default semantics were not overridden with role=\"none\" or role=\"presentation\"",
    +         "html": "<button type=\"button\" role=\"combobox\" aria-controls=\"radix-_R_aklritqkndlb_\" aria-expanded=\"false\" aria-autocomplete=\"none\" dir=\"ltr\" data-state=\"closed\" class=\"flex h-auto min-h-9 w-full items-center justify-between whitespace-nowrap rounded-md border border-input bg-transparent px-3 py-2 text-sm shadow-sm ring-offset-background data-[placeholder]:text-muted-foreground focus:outline-none focus:ring-1 focus:ring-ring disabled:cursor-not-allowed disabled:opacity-50 overflow-visible card\">",
    +         "impact": "critical",
    +         "none": Array [],
    +         "target": Array [
    +           ".h-auto",
    +         ],
    +       },
    +     ],
    +     "tags": Array [
    +       "cat.name-role-value",
    +       "wcag2a",
    +       "wcag412",
    +       "section508",
    +       "section508.22.a",
    +       "TTv5",
    +       "TT6.a",
    +       "EN-301-549",
    +       "EN-9.4.1.2",
    +       "ACT",
    +     ],
    +   },
    +   Object {
    +     "description": "Ensure the contrast between foreground and background colors meets WCAG 2 AA minimum contrast ratio thresholds",
    +     "help": "Elements must meet minimum color contrast ratio thresholds",
    +     "helpUrl": "https://dequeuniversity.com/rules/axe/4.10/color-contrast?application=playwright",
    +     "id": "color-contrast",
    +     "impact": "serious",
    +     "nodes": Array [
    +       Object {
    +         "all": Array [],
    +         "any": Array [
    +           Object {
    +             "data": Object {
    +               "bgColor": "#e9effd",
    +               "contrastRatio": 4.49,
    +               "expectedContrastRatio": "4.5:1",
    +               "fgColor": "#2463eb",
    +               "fontSize": "12.0pt (16px)",
    +               "fontWeight": "normal",
    +               "messageKey": null,
    +             },
    +             "id": "color-contrast",
    +             "impact": "serious",
    +             "message": "Element has insufficient color contrast of 4.49 (foreground color: #2463eb, background color: #e9effd, font size: 12.0pt (16px), font weight: normal). Expected contrast ratio of 4.5:1",
    +             "relatedNodes": Array [
    +               Object {
    +                 "html": "<button class=\"nav-module-header nav-module-header-active\">",
    +                 "target": Array [
    +                   ".nav-module-header-active",
    +                 ],
    +               },
    +               Object {
    +                 "html": "<aside class=\"sidebar sidebar-hidden\">",
    +                 "target": Array [
    +                   "aside",
    +                 ],
    +               },
    +             ],
    +           },
    +         ],
    +         "failureSummary": "Fix any of the following:
    +   Element has insufficient color contrast of 4.49 (foreground color: #2463eb, background color: #e9effd, font size: 12.0pt (16px), font weight: normal). Expected contrast ratio of 4.5:1",
    +         "html": "<span class=\"nav-module-label\">CRM</span>",
    +         "impact": "serious",
    +         "none": Array [],
    +         "target": Array [
    +           ".nav-module-header-active > .nav-module-icon-text > .nav-module-label",
    +         ],
    +       },
    +       Object {
    +         "all": Array [],
    +         "any": Array [
    +           Object {
    +             "data": Object {
    +               "bgColor": "#e9effd",
    +               "contrastRatio": 4.49,
    +               "expectedContrastRatio": "4.5:1",
    +               "fgColor": "#2463eb",
    +               "fontSize": "10.5pt (14px)",
    +               "fontWeight": "normal",
    +               "messageKey": null,
    +             },
    +             "id": "color-contrast",
    +             "impact": "serious",
    +             "message": "Element has insufficient color contrast of 4.49 (foreground color: #2463eb, background color: #e9effd, font size: 10.5pt (14px), font weight: normal). Expected contrast ratio of 4.5:1",
    +             "relatedNodes": Array [
    +               Object {
    +                 "html": "<a class=\"nav-subitem nav-subitem-active\" href=\"/crm/contacts\"><span>Contacts</span></a>",
    +                 "target": Array [
    +                   ".nav-subitem-active",
    +                 ],
    +               },
    +               Object {
    +                 "html": "<aside class=\"sidebar sidebar-hidden\">",
    +                 "target": Array [
    +                   "aside",
    +                 ],
    +               },
    +             ],
    +           },
    +         ],
    +         "failureSummary": "Fix any of the following:
    +   Element has insufficient color contrast of 4.49 (foreground color: #2463eb, background color: #e9effd, font size: 10.5pt (14px), font weight: normal). Expected contrast ratio of 4.5:1",
    +         "html": "<span>Contacts</span>",
    +         "impact": "serious",
    +         "none": Array [],
    +         "target": Array [
    +           ".nav-subitem-active > span",
    +         ],
    +       },
    +     ],
    +     "tags": Array [
    +       "cat.color",
    +       "wcag2aa",
    +       "wcag143",
    +       "TTv5",
    +       "TT13.c",
    +       "EN-301-549",
    +       "EN-9.1.4.3",
    +       "ACT",
    +     ],
    +   },
    + ]

      92 |       .analyze();
      93 |
    > 94 |     expect(accessibilityScanResults.violations).toEqual([]);
         |                                                 ^
      95 |   });
      96 |
      97 |   test('CRM Leads List - Should have no accessibility violations', async ({ page }) => {
        at /Users/eko3/limn-systems-enterprise/tests/e2e/accessibility/a11y.test.ts:94:49

    attachment #1: screenshot (image/png) ──────────────────────────────────────────────────────────
    ../../test-results/accessibility-a11y-Accessi-36ccb-no-accessibility-violations-chromium-desktop/test-failed-1.png
    ────────────────────────────────────────────────────────────────────────────────────────────────

    attachment #2: video (video/webm) ──────────────────────────────────────────────────────────────
    ../../test-results/accessibility-a11y-Accessi-36ccb-no-accessibility-violations-chromium-desktop/video.webm
    ────────────────────────────────────────────────────────────────────────────────────────────────

    attachment #3: video (video/webm) ──────────────────────────────────────────────────────────────
    ../../test-results/accessibility-a11y-Accessi-36ccb-no-accessibility-violations-chromium-desktop/video-1.webm
    ────────────────────────────────────────────────────────────────────────────────────────────────

    Error Context: ../../test-results/accessibility-a11y-Accessi-36ccb-no-accessibility-violations-chromium-desktop/error-context.md
]]>
</failure>
<system-out>
<![CDATA[
[[ATTACHMENT|../test-results/accessibility-a11y-Accessi-36ccb-no-accessibility-violations-chromium-desktop/test-failed-1.png]]

[[ATTACHMENT|../test-results/accessibility-a11y-Accessi-36ccb-no-accessibility-violations-chromium-desktop/video.webm]]

[[ATTACHMENT|../test-results/accessibility-a11y-Accessi-36ccb-no-accessibility-violations-chromium-desktop/video-1.webm]]

[[ATTACHMENT|../test-results/accessibility-a11y-Accessi-36ccb-no-accessibility-violations-chromium-desktop/error-context.md]]
]]>
</system-out>
</testcase>
<testcase name="Accessibility Tests - CRM Module › CRM Leads List - Should have no accessibility violations" classname="accessibility/a11y.test.ts" time="2.169">
<failure message="a11y.test.ts:97:7 CRM Leads List - Should have no accessibility violations" type="FAILURE">
<![CDATA[  [chromium-desktop] › accessibility/a11y.test.ts:97:7 › Accessibility Tests - CRM Module › CRM Leads List - Should have no accessibility violations 

    Error: expect(received).toEqual(expected) // deep equality

    - Expected  -   1
    + Received  + 474

    - Array []
    + Array [
    +   Object {
    +     "description": "Ensure buttons have discernible text",
    +     "help": "Buttons must have discernible text",
    +     "helpUrl": "https://dequeuniversity.com/rules/axe/4.10/button-name?application=playwright",
    +     "id": "button-name",
    +     "impact": "critical",
    +     "nodes": Array [
    +       Object {
    +         "all": Array [],
    +         "any": Array [
    +           Object {
    +             "data": null,
    +             "id": "button-has-visible-text",
    +             "impact": "critical",
    +             "message": "Element does not have inner text that is visible to screen readers",
    +             "relatedNodes": Array [],
    +           },
    +           Object {
    +             "data": null,
    +             "id": "aria-label",
    +             "impact": "critical",
    +             "message": "aria-label attribute does not exist or is empty",
    +             "relatedNodes": Array [],
    +           },
    +           Object {
    +             "data": null,
    +             "id": "aria-labelledby",
    +             "impact": "critical",
    +             "message": "aria-labelledby attribute does not exist, references elements that do not exist or references elements that are empty",
    +             "relatedNodes": Array [],
    +           },
    +           Object {
    +             "data": Object {
    +               "messageKey": "noAttr",
    +             },
    +             "id": "non-empty-title",
    +             "impact": "critical",
    +             "message": "Element has no title attribute",
    +             "relatedNodes": Array [],
    +           },
    +           Object {
    +             "data": null,
    +             "id": "implicit-label",
    +             "impact": "critical",
    +             "message": "Element does not have an implicit (wrapped) <label>",
    +             "relatedNodes": Array [],
    +           },
    +           Object {
    +             "data": null,
    +             "id": "explicit-label",
    +             "impact": "critical",
    +             "message": "Element does not have an explicit <label>",
    +             "relatedNodes": Array [],
    +           },
    +           Object {
    +             "data": null,
    +             "id": "presentational-role",
    +             "impact": "critical",
    +             "message": "Element's default semantics were not overridden with role=\"none\" or role=\"presentation\"",
    +             "relatedNodes": Array [],
    +           },
    +         ],
    +         "failureSummary": "Fix any of the following:
    +   Element does not have inner text that is visible to screen readers
    +   aria-label attribute does not exist or is empty
    +   aria-labelledby attribute does not exist, references elements that do not exist or references elements that are empty
    +   Element has no title attribute
    +   Element does not have an implicit (wrapped) <label>
    +   Element does not have an explicit <label>
    +   Element's default semantics were not overridden with role=\"none\" or role=\"presentation\"",
    +         "html": "<button class=\"header-icon-button\">",
    +         "impact": "critical",
    +         "none": Array [],
    +         "target": Array [
    +           ".header-icon-button:nth-child(1)",
    +         ],
    +       },
    +       Object {
    +         "all": Array [],
    +         "any": Array [
    +           Object {
    +             "data": null,
    +             "id": "button-has-visible-text",
    +             "impact": "critical",
    +             "message": "Element does not have inner text that is visible to screen readers",
    +             "relatedNodes": Array [],
    +           },
    +           Object {
    +             "data": null,
    +             "id": "aria-label",
    +             "impact": "critical",
    +             "message": "aria-label attribute does not exist or is empty",
    +             "relatedNodes": Array [],
    +           },
    +           Object {
    +             "data": null,
    +             "id": "aria-labelledby",
    +             "impact": "critical",
    +             "message": "aria-labelledby attribute does not exist, references elements that do not exist or references elements that are empty",
    +             "relatedNodes": Array [],
    +           },
    +           Object {
    +             "data": Object {
    +               "messageKey": "noAttr",
    +             },
    +             "id": "non-empty-title",
    +             "impact": "critical",
    +             "message": "Element has no title attribute",
    +             "relatedNodes": Array [],
    +           },
    +           Object {
    +             "data": null,
    +             "id": "implicit-label",
    +             "impact": "critical",
    +             "message": "Element does not have an implicit (wrapped) <label>",
    +             "relatedNodes": Array [],
    +           },
    +           Object {
    +             "data": null,
    +             "id": "explicit-label",
    +             "impact": "critical",
    +             "message": "Element does not have an explicit <label>",
    +             "relatedNodes": Array [],
    +           },
    +           Object {
    +             "data": null,
    +             "id": "presentational-role",
    +             "impact": "critical",
    +             "message": "Element's default semantics were not overridden with role=\"none\" or role=\"presentation\"",
    +             "relatedNodes": Array [],
    +           },
    +         ],
    +         "failureSummary": "Fix any of the following:
    +   Element does not have inner text that is visible to screen readers
    +   aria-label attribute does not exist or is empty
    +   aria-labelledby attribute does not exist, references elements that do not exist or references elements that are empty
    +   Element has no title attribute
    +   Element does not have an implicit (wrapped) <label>
    +   Element does not have an explicit <label>
    +   Element's default semantics were not overridden with role=\"none\" or role=\"presentation\"",
    +         "html": "<button class=\"header-icon-button\">",
    +         "impact": "critical",
    +         "none": Array [],
    +         "target": Array [
    +           ".header-icon-button:nth-child(3)",
    +         ],
    +       },
    +       Object {
    +         "all": Array [],
    +         "any": Array [
    +           Object {
    +             "data": null,
    +             "id": "button-has-visible-text",
    +             "impact": "critical",
    +             "message": "Element does not have inner text that is visible to screen readers",
    +             "relatedNodes": Array [],
    +           },
    +           Object {
    +             "data": null,
    +             "id": "aria-label",
    +             "impact": "critical",
    +             "message": "aria-label attribute does not exist or is empty",
    +             "relatedNodes": Array [],
    +           },
    +           Object {
    +             "data": null,
    +             "id": "aria-labelledby",
    +             "impact": "critical",
    +             "message": "aria-labelledby attribute does not exist, references elements that do not exist or references elements that are empty",
    +             "relatedNodes": Array [],
    +           },
    +           Object {
    +             "data": Object {
    +               "messageKey": "noAttr",
    +             },
    +             "id": "non-empty-title",
    +             "impact": "critical",
    +             "message": "Element has no title attribute",
    +             "relatedNodes": Array [],
    +           },
    +           Object {
    +             "data": null,
    +             "id": "implicit-label",
    +             "impact": "critical",
    +             "message": "Element does not have an implicit (wrapped) <label>",
    +             "relatedNodes": Array [],
    +           },
    +           Object {
    +             "data": null,
    +             "id": "explicit-label",
    +             "impact": "critical",
    +             "message": "Element does not have an explicit <label>",
    +             "relatedNodes": Array [],
    +           },
    +           Object {
    +             "data": null,
    +             "id": "presentational-role",
    +             "impact": "critical",
    +             "message": "Element's default semantics were not overridden with role=\"none\" or role=\"presentation\"",
    +             "relatedNodes": Array [],
    +           },
    +         ],
    +         "failureSummary": "Fix any of the following:
    +   Element does not have inner text that is visible to screen readers
    +   aria-label attribute does not exist or is empty
    +   aria-labelledby attribute does not exist, references elements that do not exist or references elements that are empty
    +   Element has no title attribute
    +   Element does not have an implicit (wrapped) <label>
    +   Element does not have an explicit <label>
    +   Element's default semantics were not overridden with role=\"none\" or role=\"presentation\"",
    +         "html": "<button type=\"button\" role=\"combobox\" aria-controls=\"radix-_R_kslritqkndlb_\" aria-expanded=\"false\" aria-autocomplete=\"none\" dir=\"ltr\" data-state=\"closed\" class=\"flex h-auto min-h-9 w-full items-center justify-between whitespace-nowrap rounded-md border border-input bg-transparent px-3 py-2 text-sm shadow-sm ring-offset-background data-[placeholder]:text-muted-foreground focus:outline-none focus:ring-1 focus:ring-ring disabled:cursor-not-allowed disabled:opacity-50 overflow-visible card\">",
    +         "impact": "critical",
    +         "none": Array [],
    +         "target": Array [
    +           "button[aria-controls=\"radix-_R_kslritqkndlb_\"]",
    +         ],
    +       },
    +       Object {
    +         "all": Array [],
    +         "any": Array [
    +           Object {
    +             "data": null,
    +             "id": "button-has-visible-text",
    +             "impact": "critical",
    +             "message": "Element does not have inner text that is visible to screen readers",
    +             "relatedNodes": Array [],
    +           },
    +           Object {
    +             "data": null,
    +             "id": "aria-label",
    +             "impact": "critical",
    +             "message": "aria-label attribute does not exist or is empty",
    +             "relatedNodes": Array [],
    +           },
    +           Object {
    +             "data": null,
    +             "id": "aria-labelledby",
    +             "impact": "critical",
    +             "message": "aria-labelledby attribute does not exist, references elements that do not exist or references elements that are empty",
    +             "relatedNodes": Array [],
    +           },
    +           Object {
    +             "data": Object {
    +               "messageKey": "noAttr",
    +             },
    +             "id": "non-empty-title",
    +             "impact": "critical",
    +             "message": "Element has no title attribute",
    +             "relatedNodes": Array [],
    +           },
    +           Object {
    +             "data": null,
    +             "id": "implicit-label",
    +             "impact": "critical",
    +             "message": "Element does not have an implicit (wrapped) <label>",
    +             "relatedNodes": Array [],
    +           },
    +           Object {
    +             "data": null,
    +             "id": "explicit-label",
    +             "impact": "critical",
    +             "message": "Element does not have an explicit <label>",
    +             "relatedNodes": Array [],
    +           },
    +           Object {
    +             "data": null,
    +             "id": "presentational-role",
    +             "impact": "critical",
    +             "message": "Element's default semantics were not overridden with role=\"none\" or role=\"presentation\"",
    +             "relatedNodes": Array [],
    +           },
    +         ],
    +         "failureSummary": "Fix any of the following:
    +   Element does not have inner text that is visible to screen readers
    +   aria-label attribute does not exist or is empty
    +   aria-labelledby attribute does not exist, references elements that do not exist or references elements that are empty
    +   Element has no title attribute
    +   Element does not have an implicit (wrapped) <label>
    +   Element does not have an explicit <label>
    +   Element's default semantics were not overridden with role=\"none\" or role=\"presentation\"",
    +         "html": "<button type=\"button\" role=\"combobox\" aria-controls=\"radix-_R_sslritqkndlb_\" aria-expanded=\"false\" aria-autocomplete=\"none\" dir=\"ltr\" data-state=\"closed\" class=\"flex h-auto min-h-9 w-full items-center justify-between whitespace-nowrap rounded-md border border-input bg-transparent px-3 py-2 text-sm shadow-sm ring-offset-background data-[placeholder]:text-muted-foreground focus:outline-none focus:ring-1 focus:ring-ring disabled:cursor-not-allowed disabled:opacity-50 overflow-visible card\">",
    +         "impact": "critical",
    +         "none": Array [],
    +         "target": Array [
    +           "button[aria-controls=\"radix-_R_sslritqkndlb_\"]",
    +         ],
    +       },
    +       Object {
    +         "all": Array [],
    +         "any": Array [
    +           Object {
    +             "data": null,
    +             "id": "button-has-visible-text",
    +             "impact": "critical",
    +             "message": "Element does not have inner text that is visible to screen readers",
    +             "relatedNodes": Array [],
    +           },
    +           Object {
    +             "data": null,
    +             "id": "aria-label",
    +             "impact": "critical",
    +             "message": "aria-label attribute does not exist or is empty",
    +             "relatedNodes": Array [],
    +           },
    +           Object {
    +             "data": null,
    +             "id": "aria-labelledby",
    +             "impact": "critical",
    +             "message": "aria-labelledby attribute does not exist, references elements that do not exist or references elements that are empty",
    +             "relatedNodes": Array [],
    +           },
    +           Object {
    +             "data": Object {
    +               "messageKey": "noAttr",
    +             },
    +             "id": "non-empty-title",
    +             "impact": "critical",
    +             "message": "Element has no title attribute",
    +             "relatedNodes": Array [],
    +           },
    +           Object {
    +             "data": null,
    +             "id": "implicit-label",
    +             "impact": "critical",
    +             "message": "Element does not have an implicit (wrapped) <label>",
    +             "relatedNodes": Array [],
    +           },
    +           Object {
    +             "data": null,
    +             "id": "explicit-label",
    +             "impact": "critical",
    +             "message": "Element does not have an explicit <label>",
    +             "relatedNodes": Array [],
    +           },
    +           Object {
    +             "data": null,
    +             "id": "presentational-role",
    +             "impact": "critical",
    +             "message": "Element's default semantics were not overridden with role=\"none\" or role=\"presentation\"",
    +             "relatedNodes": Array [],
    +           },
    +         ],
    +         "failureSummary": "Fix any of the following:
    +   Element does not have inner text that is visible to screen readers
    +   aria-label attribute does not exist or is empty
    +   aria-labelledby attribute does not exist, references elements that do not exist or references elements that are empty
    +   Element has no title attribute
    +   Element does not have an implicit (wrapped) <label>
    +   Element does not have an explicit <label>
    +   Element's default semantics were not overridden with role=\"none\" or role=\"presentation\"",
    +         "html": "<button type=\"button\" role=\"combobox\" aria-controls=\"radix-_R_14slritqkndlb_\" aria-expanded=\"false\" aria-autocomplete=\"none\" dir=\"ltr\" data-state=\"closed\" class=\"flex h-auto min-h-9 w-full items-center justify-between whitespace-nowrap rounded-md border border-input bg-transparent px-3 py-2 text-sm shadow-sm ring-offset-background data-[placeholder]:text-muted-foreground focus:outline-none focus:ring-1 focus:ring-ring disabled:cursor-not-allowed disabled:opacity-50 overflow-visible card\">",
    +         "impact": "critical",
    +         "none": Array [],
    +         "target": Array [
    +           "button[aria-controls=\"radix-_R_14slritqkndlb_\"]",
    +         ],
    +       },
    +     ],
    +     "tags": Array [
    +       "cat.name-role-value",
    +       "wcag2a",
    +       "wcag412",
    +       "section508",
    +       "section508.22.a",
    +       "TTv5",
    +       "TT6.a",
    +       "EN-301-549",
    +       "EN-9.4.1.2",
    +       "ACT",
    +     ],
    +   },
    +   Object {
    +     "description": "Ensure the contrast between foreground and background colors meets WCAG 2 AA minimum contrast ratio thresholds",
    +     "help": "Elements must meet minimum color contrast ratio thresholds",
    +     "helpUrl": "https://dequeuniversity.com/rules/axe/4.10/color-contrast?application=playwright",
    +     "id": "color-contrast",
    +     "impact": "serious",
    +     "nodes": Array [
    +       Object {
    +         "all": Array [],
    +         "any": Array [
    +           Object {
    +             "data": Object {
    +               "bgColor": "#e9effd",
    +               "contrastRatio": 4.49,
    +               "expectedContrastRatio": "4.5:1",
    +               "fgColor": "#2463eb",
    +               "fontSize": "12.0pt (16px)",
    +               "fontWeight": "normal",
    +               "messageKey": null,
    +             },
    +             "id": "color-contrast",
    +             "impact": "serious",
    +             "message": "Element has insufficient color contrast of 4.49 (foreground color: #2463eb, background color: #e9effd, font size: 12.0pt (16px), font weight: normal). Expected contrast ratio of 4.5:1",
    +             "relatedNodes": Array [
    +               Object {
    +                 "html": "<button class=\"nav-module-header nav-module-header-active\">",
    +                 "target": Array [
    +                   ".nav-module-header-active",
    +                 ],
    +               },
    +               Object {
    +                 "html": "<aside class=\"sidebar sidebar-hidden\">",
    +                 "target": Array [
    +                   "aside",
    +                 ],
    +               },
    +             ],
    +           },
    +         ],
    +         "failureSummary": "Fix any of the following:
    +   Element has insufficient color contrast of 4.49 (foreground color: #2463eb, background color: #e9effd, font size: 12.0pt (16px), font weight: normal). Expected contrast ratio of 4.5:1",
    +         "html": "<span class=\"nav-module-label\">CRM</span>",
    +         "impact": "serious",
    +         "none": Array [],
    +         "target": Array [
    +           ".nav-module-header-active > .nav-module-icon-text > .nav-module-label",
    +         ],
    +       },
    +       Object {
    +         "all": Array [],
    +         "any": Array [
    +           Object {
    +             "data": Object {
    +               "bgColor": "#e9effd",
    +               "contrastRatio": 4.49,
    +               "expectedContrastRatio": "4.5:1",
    +               "fgColor": "#2463eb",
    +               "fontSize": "10.5pt (14px)",
    +               "fontWeight": "normal",
    +               "messageKey": null,
    +             },
    +             "id": "color-contrast",
    +             "impact": "serious",
    +             "message": "Element has insufficient color contrast of 4.49 (foreground color: #2463eb, background color: #e9effd, font size: 10.5pt (14px), font weight: normal). Expected contrast ratio of 4.5:1",
    +             "relatedNodes": Array [
    +               Object {
    +                 "html": "<a class=\"nav-subitem nav-subitem-active\" href=\"/crm/leads\"><span>Leads</span></a>",
    +                 "target": Array [
    +                   ".nav-subitem-active",
    +                 ],
    +               },
    +               Object {
    +                 "html": "<aside class=\"sidebar sidebar-hidden\">",
    +                 "target": Array [
    +                   "aside",
    +                 ],
    +               },
    +             ],
    +           },
    +         ],
    +         "failureSummary": "Fix any of the following:
    +   Element has insufficient color contrast of 4.49 (foreground color: #2463eb, background color: #e9effd, font size: 10.5pt (14px), font weight: normal). Expected contrast ratio of 4.5:1",
    +         "html": "<span>Leads</span>",
    +         "impact": "serious",
    +         "none": Array [],
    +         "target": Array [
    +           ".nav-subitem-active > span",
    +         ],
    +       },
    +     ],
    +     "tags": Array [
    +       "cat.color",
    +       "wcag2aa",
    +       "wcag143",
    +       "TTv5",
    +       "TT13.c",
    +       "EN-301-549",
    +       "EN-9.1.4.3",
    +       "ACT",
    +     ],
    +   },
    + ]

      102 |       .analyze();
      103 |
    > 104 |     expect(accessibilityScanResults.violations).toEqual([]);
          |                                                 ^
      105 |   });
      106 |
      107 |   test('CRM Customers List - Should have no accessibility violations', async ({ page }) => {
        at /Users/eko3/limn-systems-enterprise/tests/e2e/accessibility/a11y.test.ts:104:49

    attachment #1: screenshot (image/png) ──────────────────────────────────────────────────────────
    ../../test-results/accessibility-a11y-Accessi-8e912-no-accessibility-violations-chromium-desktop/test-failed-1.png
    ────────────────────────────────────────────────────────────────────────────────────────────────

    attachment #2: video (video/webm) ──────────────────────────────────────────────────────────────
    ../../test-results/accessibility-a11y-Accessi-8e912-no-accessibility-violations-chromium-desktop/video-1.webm
    ────────────────────────────────────────────────────────────────────────────────────────────────

    attachment #3: video (video/webm) ──────────────────────────────────────────────────────────────
    ../../test-results/accessibility-a11y-Accessi-8e912-no-accessibility-violations-chromium-desktop/video.webm
    ────────────────────────────────────────────────────────────────────────────────────────────────

    Error Context: ../../test-results/accessibility-a11y-Accessi-8e912-no-accessibility-violations-chromium-desktop/error-context.md
]]>
</failure>
<system-out>
<![CDATA[
[[ATTACHMENT|../test-results/accessibility-a11y-Accessi-8e912-no-accessibility-violations-chromium-desktop/test-failed-1.png]]

[[ATTACHMENT|../test-results/accessibility-a11y-Accessi-8e912-no-accessibility-violations-chromium-desktop/video-1.webm]]

[[ATTACHMENT|../test-results/accessibility-a11y-Accessi-8e912-no-accessibility-violations-chromium-desktop/video.webm]]

[[ATTACHMENT|../test-results/accessibility-a11y-Accessi-8e912-no-accessibility-violations-chromium-desktop/error-context.md]]
]]>
</system-out>
</testcase>
<testcase name="Accessibility Tests - CRM Module › CRM Customers List - Should have no accessibility violations" classname="accessibility/a11y.test.ts" time="1.61">
<failure message="a11y.test.ts:107:7 CRM Customers List - Should have no accessibility violations" type="FAILURE">
<![CDATA[  [chromium-desktop] › accessibility/a11y.test.ts:107:7 › Accessibility Tests - CRM Module › CRM Customers List - Should have no accessibility violations 

    Error: expect(received).toEqual(expected) // deep equality

    - Expected  -  1
    + Received  + 56

    - Array []
    + Array [
    +   Object {
    +     "description": "Ensure the contrast between foreground and background colors meets WCAG 2 AA minimum contrast ratio thresholds",
    +     "help": "Elements must meet minimum color contrast ratio thresholds",
    +     "helpUrl": "https://dequeuniversity.com/rules/axe/4.10/color-contrast?application=playwright",
    +     "id": "color-contrast",
    +     "impact": "serious",
    +     "nodes": Array [
    +       Object {
    +         "all": Array [],
    +         "any": Array [
    +           Object {
    +             "data": Object {
    +               "bgColor": "#3b82f6",
    +               "contrastRatio": 4.11,
    +               "expectedContrastRatio": "4.5:1",
    +               "fgColor": "#262626",
    +               "fontSize": "12.0pt (16px)",
    +               "fontWeight": "normal",
    +               "messageKey": null,
    +             },
    +             "id": "color-contrast",
    +             "impact": "serious",
    +             "message": "Element has insufficient color contrast of 4.11 (foreground color: #262626, background color: #3b82f6, font size: 12.0pt (16px), font weight: normal). Expected contrast ratio of 4.5:1",
    +             "relatedNodes": Array [
    +               Object {
    +                 "html": "<a href=\"/\" class=\"inline-block bg-blue-500 hover:bg-blue-600 text-foreground px-6 py-3 rounded-lg font-medium transition-colors\">Go Home</a>",
    +                 "target": Array [
    +                   "a",
    +                 ],
    +               },
    +             ],
    +           },
    +         ],
    +         "failureSummary": "Fix any of the following:
    +   Element has insufficient color contrast of 4.11 (foreground color: #262626, background color: #3b82f6, font size: 12.0pt (16px), font weight: normal). Expected contrast ratio of 4.5:1",
    +         "html": "<a href=\"/\" class=\"inline-block bg-blue-500 hover:bg-blue-600 text-foreground px-6 py-3 rounded-lg font-medium transition-colors\">Go Home</a>",
    +         "impact": "serious",
    +         "none": Array [],
    +         "target": Array [
    +           "a",
    +         ],
    +       },
    +     ],
    +     "tags": Array [
    +       "cat.color",
    +       "wcag2aa",
    +       "wcag143",
    +       "TTv5",
    +       "TT13.c",
    +       "EN-301-549",
    +       "EN-9.1.4.3",
    +       "ACT",
    +     ],
    +   },
    + ]

      112 |       .analyze();
      113 |
    > 114 |     expect(accessibilityScanResults.violations).toEqual([]);
          |                                                 ^
      115 |   });
      116 |
      117 |   test('CRM Prospects List - Should have no accessibility violations', async ({ page }) => {
        at /Users/eko3/limn-systems-enterprise/tests/e2e/accessibility/a11y.test.ts:114:49

    attachment #1: screenshot (image/png) ──────────────────────────────────────────────────────────
    ../../test-results/accessibility-a11y-Accessi-93e0c-no-accessibility-violations-chromium-desktop/test-failed-1.png
    ────────────────────────────────────────────────────────────────────────────────────────────────

    attachment #2: video (video/webm) ──────────────────────────────────────────────────────────────
    ../../test-results/accessibility-a11y-Accessi-93e0c-no-accessibility-violations-chromium-desktop/video-1.webm
    ────────────────────────────────────────────────────────────────────────────────────────────────

    attachment #3: video (video/webm) ──────────────────────────────────────────────────────────────
    ../../test-results/accessibility-a11y-Accessi-93e0c-no-accessibility-violations-chromium-desktop/video.webm
    ────────────────────────────────────────────────────────────────────────────────────────────────

    Error Context: ../../test-results/accessibility-a11y-Accessi-93e0c-no-accessibility-violations-chromium-desktop/error-context.md
]]>
</failure>
<system-out>
<![CDATA[
[[ATTACHMENT|../test-results/accessibility-a11y-Accessi-93e0c-no-accessibility-violations-chromium-desktop/test-failed-1.png]]

[[ATTACHMENT|../test-results/accessibility-a11y-Accessi-93e0c-no-accessibility-violations-chromium-desktop/video-1.webm]]

[[ATTACHMENT|../test-results/accessibility-a11y-Accessi-93e0c-no-accessibility-violations-chromium-desktop/video.webm]]

[[ATTACHMENT|../test-results/accessibility-a11y-Accessi-93e0c-no-accessibility-violations-chromium-desktop/error-context.md]]
]]>
</system-out>
</testcase>
<testcase name="Accessibility Tests - CRM Module › CRM Prospects List - Should have no accessibility violations" classname="accessibility/a11y.test.ts" time="11.485">
<failure message="a11y.test.ts:117:7 CRM Prospects List - Should have no accessibility violations" type="FAILURE">
<![CDATA[  [chromium-desktop] › accessibility/a11y.test.ts:117:7 › Accessibility Tests - CRM Module › CRM Prospects List - Should have no accessibility violations 

    Error: expect(received).toEqual(expected) // deep equality

    - Expected  -   1
    + Received  + 404

    - Array []
    + Array [
    +   Object {
    +     "description": "Ensure buttons have discernible text",
    +     "help": "Buttons must have discernible text",
    +     "helpUrl": "https://dequeuniversity.com/rules/axe/4.10/button-name?application=playwright",
    +     "id": "button-name",
    +     "impact": "critical",
    +     "nodes": Array [
    +       Object {
    +         "all": Array [],
    +         "any": Array [
    +           Object {
    +             "data": null,
    +             "id": "button-has-visible-text",
    +             "impact": "critical",
    +             "message": "Element does not have inner text that is visible to screen readers",
    +             "relatedNodes": Array [],
    +           },
    +           Object {
    +             "data": null,
    +             "id": "aria-label",
    +             "impact": "critical",
    +             "message": "aria-label attribute does not exist or is empty",
    +             "relatedNodes": Array [],
    +           },
    +           Object {
    +             "data": null,
    +             "id": "aria-labelledby",
    +             "impact": "critical",
    +             "message": "aria-labelledby attribute does not exist, references elements that do not exist or references elements that are empty",
    +             "relatedNodes": Array [],
    +           },
    +           Object {
    +             "data": Object {
    +               "messageKey": "noAttr",
    +             },
    +             "id": "non-empty-title",
    +             "impact": "critical",
    +             "message": "Element has no title attribute",
    +             "relatedNodes": Array [],
    +           },
    +           Object {
    +             "data": null,
    +             "id": "implicit-label",
    +             "impact": "critical",
    +             "message": "Element does not have an implicit (wrapped) <label>",
    +             "relatedNodes": Array [],
    +           },
    +           Object {
    +             "data": null,
    +             "id": "explicit-label",
    +             "impact": "critical",
    +             "message": "Element does not have an explicit <label>",
    +             "relatedNodes": Array [],
    +           },
    +           Object {
    +             "data": null,
    +             "id": "presentational-role",
    +             "impact": "critical",
    +             "message": "Element's default semantics were not overridden with role=\"none\" or role=\"presentation\"",
    +             "relatedNodes": Array [],
    +           },
    +         ],
    +         "failureSummary": "Fix any of the following:
    +   Element does not have inner text that is visible to screen readers
    +   aria-label attribute does not exist or is empty
    +   aria-labelledby attribute does not exist, references elements that do not exist or references elements that are empty
    +   Element has no title attribute
    +   Element does not have an implicit (wrapped) <label>
    +   Element does not have an explicit <label>
    +   Element's default semantics were not overridden with role=\"none\" or role=\"presentation\"",
    +         "html": "<button class=\"header-icon-button\">",
    +         "impact": "critical",
    +         "none": Array [],
    +         "target": Array [
    +           ".header-icon-button:nth-child(1)",
    +         ],
    +       },
    +       Object {
    +         "all": Array [],
    +         "any": Array [
    +           Object {
    +             "data": null,
    +             "id": "button-has-visible-text",
    +             "impact": "critical",
    +             "message": "Element does not have inner text that is visible to screen readers",
    +             "relatedNodes": Array [],
    +           },
    +           Object {
    +             "data": null,
    +             "id": "aria-label",
    +             "impact": "critical",
    +             "message": "aria-label attribute does not exist or is empty",
    +             "relatedNodes": Array [],
    +           },
    +           Object {
    +             "data": null,
    +             "id": "aria-labelledby",
    +             "impact": "critical",
    +             "message": "aria-labelledby attribute does not exist, references elements that do not exist or references elements that are empty",
    +             "relatedNodes": Array [],
    +           },
    +           Object {
    +             "data": Object {
    +               "messageKey": "noAttr",
    +             },
    +             "id": "non-empty-title",
    +             "impact": "critical",
    +             "message": "Element has no title attribute",
    +             "relatedNodes": Array [],
    +           },
    +           Object {
    +             "data": null,
    +             "id": "implicit-label",
    +             "impact": "critical",
    +             "message": "Element does not have an implicit (wrapped) <label>",
    +             "relatedNodes": Array [],
    +           },
    +           Object {
    +             "data": null,
    +             "id": "explicit-label",
    +             "impact": "critical",
    +             "message": "Element does not have an explicit <label>",
    +             "relatedNodes": Array [],
    +           },
    +           Object {
    +             "data": null,
    +             "id": "presentational-role",
    +             "impact": "critical",
    +             "message": "Element's default semantics were not overridden with role=\"none\" or role=\"presentation\"",
    +             "relatedNodes": Array [],
    +           },
    +         ],
    +         "failureSummary": "Fix any of the following:
    +   Element does not have inner text that is visible to screen readers
    +   aria-label attribute does not exist or is empty
    +   aria-labelledby attribute does not exist, references elements that do not exist or references elements that are empty
    +   Element has no title attribute
    +   Element does not have an implicit (wrapped) <label>
    +   Element does not have an explicit <label>
    +   Element's default semantics were not overridden with role=\"none\" or role=\"presentation\"",
    +         "html": "<button class=\"header-icon-button\">",
    +         "impact": "critical",
    +         "none": Array [],
    +         "target": Array [
    +           ".header-icon-button:nth-child(3)",
    +         ],
    +       },
    +       Object {
    +         "all": Array [],
    +         "any": Array [
    +           Object {
    +             "data": null,
    +             "id": "button-has-visible-text",
    +             "impact": "critical",
    +             "message": "Element does not have inner text that is visible to screen readers",
    +             "relatedNodes": Array [],
    +           },
    +           Object {
    +             "data": null,
    +             "id": "aria-label",
    +             "impact": "critical",
    +             "message": "aria-label attribute does not exist or is empty",
    +             "relatedNodes": Array [],
    +           },
    +           Object {
    +             "data": null,
    +             "id": "aria-labelledby",
    +             "impact": "critical",
    +             "message": "aria-labelledby attribute does not exist, references elements that do not exist or references elements that are empty",
    +             "relatedNodes": Array [],
    +           },
    +           Object {
    +             "data": Object {
    +               "messageKey": "noAttr",
    +             },
    +             "id": "non-empty-title",
    +             "impact": "critical",
    +             "message": "Element has no title attribute",
    +             "relatedNodes": Array [],
    +           },
    +           Object {
    +             "data": null,
    +             "id": "implicit-label",
    +             "impact": "critical",
    +             "message": "Element does not have an implicit (wrapped) <label>",
    +             "relatedNodes": Array [],
    +           },
    +           Object {
    +             "data": null,
    +             "id": "explicit-label",
    +             "impact": "critical",
    +             "message": "Element does not have an explicit <label>",
    +             "relatedNodes": Array [],
    +           },
    +           Object {
    +             "data": null,
    +             "id": "presentational-role",
    +             "impact": "critical",
    +             "message": "Element's default semantics were not overridden with role=\"none\" or role=\"presentation\"",
    +             "relatedNodes": Array [],
    +           },
    +         ],
    +         "failureSummary": "Fix any of the following:
    +   Element does not have inner text that is visible to screen readers
    +   aria-label attribute does not exist or is empty
    +   aria-labelledby attribute does not exist, references elements that do not exist or references elements that are empty
    +   Element has no title attribute
    +   Element does not have an implicit (wrapped) <label>
    +   Element does not have an explicit <label>
    +   Element's default semantics were not overridden with role=\"none\" or role=\"presentation\"",
    +         "html": "<button type=\"button\" role=\"combobox\" aria-controls=\"radix-_R_kslritqkndlb_\" aria-expanded=\"false\" aria-autocomplete=\"none\" dir=\"ltr\" data-state=\"closed\" class=\"flex h-auto min-h-9 w-full items-center justify-between whitespace-nowrap rounded-md border border-input bg-transparent px-3 py-2 text-sm shadow-sm ring-offset-background data-[placeholder]:text-muted-foreground focus:outline-none focus:ring-1 focus:ring-ring disabled:cursor-not-allowed disabled:opacity-50 overflow-visible filter-select\">",
    +         "impact": "critical",
    +         "none": Array [],
    +         "target": Array [
    +           "button[aria-controls=\"radix-_R_kslritqkndlb_\"]",
    +         ],
    +       },
    +       Object {
    +         "all": Array [],
    +         "any": Array [
    +           Object {
    +             "data": null,
    +             "id": "button-has-visible-text",
    +             "impact": "critical",
    +             "message": "Element does not have inner text that is visible to screen readers",
    +             "relatedNodes": Array [],
    +           },
    +           Object {
    +             "data": null,
    +             "id": "aria-label",
    +             "impact": "critical",
    +             "message": "aria-label attribute does not exist or is empty",
    +             "relatedNodes": Array [],
    +           },
    +           Object {
    +             "data": null,
    +             "id": "aria-labelledby",
    +             "impact": "critical",
    +             "message": "aria-labelledby attribute does not exist, references elements that do not exist or references elements that are empty",
    +             "relatedNodes": Array [],
    +           },
    +           Object {
    +             "data": Object {
    +               "messageKey": "noAttr",
    +             },
    +             "id": "non-empty-title",
    +             "impact": "critical",
    +             "message": "Element has no title attribute",
    +             "relatedNodes": Array [],
    +           },
    +           Object {
    +             "data": null,
    +             "id": "implicit-label",
    +             "impact": "critical",
    +             "message": "Element does not have an implicit (wrapped) <label>",
    +             "relatedNodes": Array [],
    +           },
    +           Object {
    +             "data": null,
    +             "id": "explicit-label",
    +             "impact": "critical",
    +             "message": "Element does not have an explicit <label>",
    +             "relatedNodes": Array [],
    +           },
    +           Object {
    +             "data": null,
    +             "id": "presentational-role",
    +             "impact": "critical",
    +             "message": "Element's default semantics were not overridden with role=\"none\" or role=\"presentation\"",
    +             "relatedNodes": Array [],
    +           },
    +         ],
    +         "failureSummary": "Fix any of the following:
    +   Element does not have inner text that is visible to screen readers
    +   aria-label attribute does not exist or is empty
    +   aria-labelledby attribute does not exist, references elements that do not exist or references elements that are empty
    +   Element has no title attribute
    +   Element does not have an implicit (wrapped) <label>
    +   Element does not have an explicit <label>
    +   Element's default semantics were not overridden with role=\"none\" or role=\"presentation\"",
    +         "html": "<button type=\"button\" role=\"combobox\" aria-controls=\"radix-_R_sslritqkndlb_\" aria-expanded=\"false\" aria-autocomplete=\"none\" dir=\"ltr\" data-state=\"closed\" class=\"flex h-auto min-h-9 w-full items-center justify-between whitespace-nowrap rounded-md border border-input bg-transparent px-3 py-2 text-sm shadow-sm ring-offset-background data-[placeholder]:text-muted-foreground focus:outline-none focus:ring-1 focus:ring-ring disabled:cursor-not-allowed disabled:opacity-50 overflow-visible filter-select\">",
    +         "impact": "critical",
    +         "none": Array [],
    +         "target": Array [
    +           "button[aria-controls=\"radix-_R_sslritqkndlb_\"]",
    +         ],
    +       },
    +     ],
    +     "tags": Array [
    +       "cat.name-role-value",
    +       "wcag2a",
    +       "wcag412",
    +       "section508",
    +       "section508.22.a",
    +       "TTv5",
    +       "TT6.a",
    +       "EN-301-549",
    +       "EN-9.4.1.2",
    +       "ACT",
    +     ],
    +   },
    +   Object {
    +     "description": "Ensure the contrast between foreground and background colors meets WCAG 2 AA minimum contrast ratio thresholds",
    +     "help": "Elements must meet minimum color contrast ratio thresholds",
    +     "helpUrl": "https://dequeuniversity.com/rules/axe/4.10/color-contrast?application=playwright",
    +     "id": "color-contrast",
    +     "impact": "serious",
    +     "nodes": Array [
    +       Object {
    +         "all": Array [],
    +         "any": Array [
    +           Object {
    +             "data": Object {
    +               "bgColor": "#e9effd",
    +               "contrastRatio": 4.49,
    +               "expectedContrastRatio": "4.5:1",
    +               "fgColor": "#2463eb",
    +               "fontSize": "12.0pt (16px)",
    +               "fontWeight": "normal",
    +               "messageKey": null,
    +             },
    +             "id": "color-contrast",
    +             "impact": "serious",
    +             "message": "Element has insufficient color contrast of 4.49 (foreground color: #2463eb, background color: #e9effd, font size: 12.0pt (16px), font weight: normal). Expected contrast ratio of 4.5:1",
    +             "relatedNodes": Array [
    +               Object {
    +                 "html": "<button class=\"nav-module-header nav-module-header-active\">",
    +                 "target": Array [
    +                   ".nav-module-header-active",
    +                 ],
    +               },
    +               Object {
    +                 "html": "<aside class=\"sidebar sidebar-hidden\">",
    +                 "target": Array [
    +                   "aside",
    +                 ],
    +               },
    +             ],
    +           },
    +         ],
    +         "failureSummary": "Fix any of the following:
    +   Element has insufficient color contrast of 4.49 (foreground color: #2463eb, background color: #e9effd, font size: 12.0pt (16px), font weight: normal). Expected contrast ratio of 4.5:1",
    +         "html": "<span class=\"nav-module-label\">CRM</span>",
    +         "impact": "serious",
    +         "none": Array [],
    +         "target": Array [
    +           ".nav-module-header-active > .nav-module-icon-text > .nav-module-label",
    +         ],
    +       },
    +       Object {
    +         "all": Array [],
    +         "any": Array [
    +           Object {
    +             "data": Object {
    +               "bgColor": "#e9effd",
    +               "contrastRatio": 4.49,
    +               "expectedContrastRatio": "4.5:1",
    +               "fgColor": "#2463eb",
    +               "fontSize": "10.5pt (14px)",
    +               "fontWeight": "normal",
    +               "messageKey": null,
    +             },
    +             "id": "color-contrast",
    +             "impact": "serious",
    +             "message": "Element has insufficient color contrast of 4.49 (foreground color: #2463eb, background color: #e9effd, font size: 10.5pt (14px), font weight: normal). Expected contrast ratio of 4.5:1",
    +             "relatedNodes": Array [
    +               Object {
    +                 "html": "<a class=\"nav-subitem nav-subitem-active\" href=\"/crm/prospects\"><span>Prospects</span></a>",
    +                 "target": Array [
    +                   ".nav-subitem-active",
    +                 ],
    +               },
    +               Object {
    +                 "html": "<aside class=\"sidebar sidebar-hidden\">",
    +                 "target": Array [
    +                   "aside",
    +                 ],
    +               },
    +             ],
    +           },
    +         ],
    +         "failureSummary": "Fix any of the following:
    +   Element has insufficient color contrast of 4.49 (foreground color: #2463eb, background color: #e9effd, font size: 10.5pt (14px), font weight: normal). Expected contrast ratio of 4.5:1",
    +         "html": "<span>Prospects</span>",
    +         "impact": "serious",
    +         "none": Array [],
    +         "target": Array [
    +           ".nav-subitem-active > span",
    +         ],
    +       },
    +     ],
    +     "tags": Array [
    +       "cat.color",
    +       "wcag2aa",
    +       "wcag143",
    +       "TTv5",
    +       "TT13.c",
    +       "EN-301-549",
    +       "EN-9.1.4.3",
    +       "ACT",
    +     ],
    +   },
    + ]

      122 |       .analyze();
      123 |
    > 124 |     expect(accessibilityScanResults.violations).toEqual([]);
          |                                                 ^
      125 |   });
      126 | });
      127 |
        at /Users/eko3/limn-systems-enterprise/tests/e2e/accessibility/a11y.test.ts:124:49

    attachment #1: screenshot (image/png) ──────────────────────────────────────────────────────────
    ../../test-results/accessibility-a11y-Accessi-ea584-no-accessibility-violations-chromium-desktop/test-failed-1.png
    ────────────────────────────────────────────────────────────────────────────────────────────────

    attachment #2: video (video/webm) ──────────────────────────────────────────────────────────────
    ../../test-results/accessibility-a11y-Accessi-ea584-no-accessibility-violations-chromium-desktop/video-1.webm
    ────────────────────────────────────────────────────────────────────────────────────────────────

    attachment #3: video (video/webm) ──────────────────────────────────────────────────────────────
    ../../test-results/accessibility-a11y-Accessi-ea584-no-accessibility-violations-chromium-desktop/video.webm
    ────────────────────────────────────────────────────────────────────────────────────────────────

    Error Context: ../../test-results/accessibility-a11y-Accessi-ea584-no-accessibility-violations-chromium-desktop/error-context.md
]]>
</failure>
<system-out>
<![CDATA[
[[ATTACHMENT|../test-results/accessibility-a11y-Accessi-ea584-no-accessibility-violations-chromium-desktop/test-failed-1.png]]

[[ATTACHMENT|../test-results/accessibility-a11y-Accessi-ea584-no-accessibility-violations-chromium-desktop/video-1.webm]]

[[ATTACHMENT|../test-results/accessibility-a11y-Accessi-ea584-no-accessibility-violations-chromium-desktop/video.webm]]

[[ATTACHMENT|../test-results/accessibility-a11y-Accessi-ea584-no-accessibility-violations-chromium-desktop/error-context.md]]
]]>
</system-out>
</testcase>
<testcase name="Accessibility Tests - Orders &amp; Financial › Orders List - Should have no accessibility violations" classname="accessibility/a11y.test.ts" time="1.551">
<failure message="a11y.test.ts:129:7 Orders List - Should have no accessibility violations" type="FAILURE">
<![CDATA[  [chromium-desktop] › accessibility/a11y.test.ts:129:7 › Accessibility Tests - Orders & Financial › Orders List - Should have no accessibility violations 

    Error: expect(received).toEqual(expected) // deep equality

    - Expected  -  1
    + Received  + 56

    - Array []
    + Array [
    +   Object {
    +     "description": "Ensure the contrast between foreground and background colors meets WCAG 2 AA minimum contrast ratio thresholds",
    +     "help": "Elements must meet minimum color contrast ratio thresholds",
    +     "helpUrl": "https://dequeuniversity.com/rules/axe/4.10/color-contrast?application=playwright",
    +     "id": "color-contrast",
    +     "impact": "serious",
    +     "nodes": Array [
    +       Object {
    +         "all": Array [],
    +         "any": Array [
    +           Object {
    +             "data": Object {
    +               "bgColor": "#3b82f6",
    +               "contrastRatio": 4.11,
    +               "expectedContrastRatio": "4.5:1",
    +               "fgColor": "#262626",
    +               "fontSize": "12.0pt (16px)",
    +               "fontWeight": "normal",
    +               "messageKey": null,
    +             },
    +             "id": "color-contrast",
    +             "impact": "serious",
    +             "message": "Element has insufficient color contrast of 4.11 (foreground color: #262626, background color: #3b82f6, font size: 12.0pt (16px), font weight: normal). Expected contrast ratio of 4.5:1",
    +             "relatedNodes": Array [
    +               Object {
    +                 "html": "<a href=\"/\" class=\"inline-block bg-blue-500 hover:bg-blue-600 text-foreground px-6 py-3 rounded-lg font-medium transition-colors\">Go Home</a>",
    +                 "target": Array [
    +                   "a",
    +                 ],
    +               },
    +             ],
    +           },
    +         ],
    +         "failureSummary": "Fix any of the following:
    +   Element has insufficient color contrast of 4.11 (foreground color: #262626, background color: #3b82f6, font size: 12.0pt (16px), font weight: normal). Expected contrast ratio of 4.5:1",
    +         "html": "<a href=\"/\" class=\"inline-block bg-blue-500 hover:bg-blue-600 text-foreground px-6 py-3 rounded-lg font-medium transition-colors\">Go Home</a>",
    +         "impact": "serious",
    +         "none": Array [],
    +         "target": Array [
    +           "a",
    +         ],
    +       },
    +     ],
    +     "tags": Array [
    +       "cat.color",
    +       "wcag2aa",
    +       "wcag143",
    +       "TTv5",
    +       "TT13.c",
    +       "EN-301-549",
    +       "EN-9.1.4.3",
    +       "ACT",
    +     ],
    +   },
    + ]

      134 |       .analyze();
      135 |
    > 136 |     expect(accessibilityScanResults.violations).toEqual([]);
          |                                                 ^
      137 |   });
      138 |
      139 |   test('Invoices List - Should have no accessibility violations', async ({ page }) => {
        at /Users/eko3/limn-systems-enterprise/tests/e2e/accessibility/a11y.test.ts:136:49

    attachment #1: screenshot (image/png) ──────────────────────────────────────────────────────────
    ../../test-results/accessibility-a11y-Accessi-8dcc7-no-accessibility-violations-chromium-desktop/test-failed-1.png
    ────────────────────────────────────────────────────────────────────────────────────────────────

    attachment #2: video (video/webm) ──────────────────────────────────────────────────────────────
    ../../test-results/accessibility-a11y-Accessi-8dcc7-no-accessibility-violations-chromium-desktop/video-1.webm
    ────────────────────────────────────────────────────────────────────────────────────────────────

    attachment #3: video (video/webm) ──────────────────────────────────────────────────────────────
    ../../test-results/accessibility-a11y-Accessi-8dcc7-no-accessibility-violations-chromium-desktop/video.webm
    ────────────────────────────────────────────────────────────────────────────────────────────────

    Error Context: ../../test-results/accessibility-a11y-Accessi-8dcc7-no-accessibility-violations-chromium-desktop/error-context.md
]]>
</failure>
<system-out>
<![CDATA[
[[ATTACHMENT|../test-results/accessibility-a11y-Accessi-8dcc7-no-accessibility-violations-chromium-desktop/test-failed-1.png]]

[[ATTACHMENT|../test-results/accessibility-a11y-Accessi-8dcc7-no-accessibility-violations-chromium-desktop/video-1.webm]]

[[ATTACHMENT|../test-results/accessibility-a11y-Accessi-8dcc7-no-accessibility-violations-chromium-desktop/video.webm]]

[[ATTACHMENT|../test-results/accessibility-a11y-Accessi-8dcc7-no-accessibility-violations-chromium-desktop/error-context.md]]
]]>
</system-out>
</testcase>
<testcase name="Accessibility Tests - Orders &amp; Financial › Invoices List - Should have no accessibility violations" classname="accessibility/a11y.test.ts" time="1.848">
<failure message="a11y.test.ts:139:7 Invoices List - Should have no accessibility violations" type="FAILURE">
<![CDATA[  [chromium-desktop] › accessibility/a11y.test.ts:139:7 › Accessibility Tests - Orders & Financial › Invoices List - Should have no accessibility violations 

    Error: expect(received).toEqual(expected) // deep equality

    - Expected  -   1
    + Received  + 293

    - Array []
    + Array [
    +   Object {
    +     "description": "Ensure buttons have discernible text",
    +     "help": "Buttons must have discernible text",
    +     "helpUrl": "https://dequeuniversity.com/rules/axe/4.10/button-name?application=playwright",
    +     "id": "button-name",
    +     "impact": "critical",
    +     "nodes": Array [
    +       Object {
    +         "all": Array [],
    +         "any": Array [
    +           Object {
    +             "data": null,
    +             "id": "button-has-visible-text",
    +             "impact": "critical",
    +             "message": "Element does not have inner text that is visible to screen readers",
    +             "relatedNodes": Array [],
    +           },
    +           Object {
    +             "data": null,
    +             "id": "aria-label",
    +             "impact": "critical",
    +             "message": "aria-label attribute does not exist or is empty",
    +             "relatedNodes": Array [],
    +           },
    +           Object {
    +             "data": null,
    +             "id": "aria-labelledby",
    +             "impact": "critical",
    +             "message": "aria-labelledby attribute does not exist, references elements that do not exist or references elements that are empty",
    +             "relatedNodes": Array [],
    +           },
    +           Object {
    +             "data": Object {
    +               "messageKey": "noAttr",
    +             },
    +             "id": "non-empty-title",
    +             "impact": "critical",
    +             "message": "Element has no title attribute",
    +             "relatedNodes": Array [],
    +           },
    +           Object {
    +             "data": null,
    +             "id": "implicit-label",
    +             "impact": "critical",
    +             "message": "Element does not have an implicit (wrapped) <label>",
    +             "relatedNodes": Array [],
    +           },
    +           Object {
    +             "data": null,
    +             "id": "explicit-label",
    +             "impact": "critical",
    +             "message": "Element does not have an explicit <label>",
    +             "relatedNodes": Array [],
    +           },
    +           Object {
    +             "data": null,
    +             "id": "presentational-role",
    +             "impact": "critical",
    +             "message": "Element's default semantics were not overridden with role=\"none\" or role=\"presentation\"",
    +             "relatedNodes": Array [],
    +           },
    +         ],
    +         "failureSummary": "Fix any of the following:
    +   Element does not have inner text that is visible to screen readers
    +   aria-label attribute does not exist or is empty
    +   aria-labelledby attribute does not exist, references elements that do not exist or references elements that are empty
    +   Element has no title attribute
    +   Element does not have an implicit (wrapped) <label>
    +   Element does not have an explicit <label>
    +   Element's default semantics were not overridden with role=\"none\" or role=\"presentation\"",
    +         "html": "<button class=\"header-icon-button\">",
    +         "impact": "critical",
    +         "none": Array [],
    +         "target": Array [
    +           ".header-icon-button:nth-child(1)",
    +         ],
    +       },
    +       Object {
    +         "all": Array [],
    +         "any": Array [
    +           Object {
    +             "data": null,
    +             "id": "button-has-visible-text",
    +             "impact": "critical",
    +             "message": "Element does not have inner text that is visible to screen readers",
    +             "relatedNodes": Array [],
    +           },
    +           Object {
    +             "data": null,
    +             "id": "aria-label",
    +             "impact": "critical",
    +             "message": "aria-label attribute does not exist or is empty",
    +             "relatedNodes": Array [],
    +           },
    +           Object {
    +             "data": null,
    +             "id": "aria-labelledby",
    +             "impact": "critical",
    +             "message": "aria-labelledby attribute does not exist, references elements that do not exist or references elements that are empty",
    +             "relatedNodes": Array [],
    +           },
    +           Object {
    +             "data": Object {
    +               "messageKey": "noAttr",
    +             },
    +             "id": "non-empty-title",
    +             "impact": "critical",
    +             "message": "Element has no title attribute",
    +             "relatedNodes": Array [],
    +           },
    +           Object {
    +             "data": null,
    +             "id": "implicit-label",
    +             "impact": "critical",
    +             "message": "Element does not have an implicit (wrapped) <label>",
    +             "relatedNodes": Array [],
    +           },
    +           Object {
    +             "data": null,
    +             "id": "explicit-label",
    +             "impact": "critical",
    +             "message": "Element does not have an explicit <label>",
    +             "relatedNodes": Array [],
    +           },
    +           Object {
    +             "data": null,
    +             "id": "presentational-role",
    +             "impact": "critical",
    +             "message": "Element's default semantics were not overridden with role=\"none\" or role=\"presentation\"",
    +             "relatedNodes": Array [],
    +           },
    +         ],
    +         "failureSummary": "Fix any of the following:
    +   Element does not have inner text that is visible to screen readers
    +   aria-label attribute does not exist or is empty
    +   aria-labelledby attribute does not exist, references elements that do not exist or references elements that are empty
    +   Element has no title attribute
    +   Element does not have an implicit (wrapped) <label>
    +   Element does not have an explicit <label>
    +   Element's default semantics were not overridden with role=\"none\" or role=\"presentation\"",
    +         "html": "<button class=\"header-icon-button\">",
    +         "impact": "critical",
    +         "none": Array [],
    +         "target": Array [
    +           ".header-icon-button:nth-child(3)",
    +         ],
    +       },
    +       Object {
    +         "all": Array [],
    +         "any": Array [
    +           Object {
    +             "data": null,
    +             "id": "button-has-visible-text",
    +             "impact": "critical",
    +             "message": "Element does not have inner text that is visible to screen readers",
    +             "relatedNodes": Array [],
    +           },
    +           Object {
    +             "data": null,
    +             "id": "aria-label",
    +             "impact": "critical",
    +             "message": "aria-label attribute does not exist or is empty",
    +             "relatedNodes": Array [],
    +           },
    +           Object {
    +             "data": null,
    +             "id": "aria-labelledby",
    +             "impact": "critical",
    +             "message": "aria-labelledby attribute does not exist, references elements that do not exist or references elements that are empty",
    +             "relatedNodes": Array [],
    +           },
    +           Object {
    +             "data": Object {
    +               "messageKey": "noAttr",
    +             },
    +             "id": "non-empty-title",
    +             "impact": "critical",
    +             "message": "Element has no title attribute",
    +             "relatedNodes": Array [],
    +           },
    +           Object {
    +             "data": null,
    +             "id": "implicit-label",
    +             "impact": "critical",
    +             "message": "Element does not have an implicit (wrapped) <label>",
    +             "relatedNodes": Array [],
    +           },
    +           Object {
    +             "data": null,
    +             "id": "explicit-label",
    +             "impact": "critical",
    +             "message": "Element does not have an explicit <label>",
    +             "relatedNodes": Array [],
    +           },
    +           Object {
    +             "data": null,
    +             "id": "presentational-role",
    +             "impact": "critical",
    +             "message": "Element's default semantics were not overridden with role=\"none\" or role=\"presentation\"",
    +             "relatedNodes": Array [],
    +           },
    +         ],
    +         "failureSummary": "Fix any of the following:
    +   Element does not have inner text that is visible to screen readers
    +   aria-label attribute does not exist or is empty
    +   aria-labelledby attribute does not exist, references elements that do not exist or references elements that are empty
    +   Element has no title attribute
    +   Element does not have an implicit (wrapped) <label>
    +   Element does not have an explicit <label>
    +   Element's default semantics were not overridden with role=\"none\" or role=\"presentation\"",
    +         "html": "<button type=\"button\" role=\"combobox\" aria-controls=\"radix-_R_kslritqkndlb_\" aria-expanded=\"false\" aria-autocomplete=\"none\" dir=\"ltr\" data-state=\"closed\" class=\"flex h-auto min-h-9 w-full items-center justify-between whitespace-nowrap rounded-md border border-input bg-transparent px-3 py-2 text-sm shadow-sm ring-offset-background data-[placeholder]:text-muted-foreground focus:outline-none focus:ring-1 focus:ring-ring disabled:cursor-not-allowed disabled:opacity-50 overflow-visible filter-select\">",
    +         "impact": "critical",
    +         "none": Array [],
    +         "target": Array [
    +           ".h-auto",
    +         ],
    +       },
    +     ],
    +     "tags": Array [
    +       "cat.name-role-value",
    +       "wcag2a",
    +       "wcag412",
    +       "section508",
    +       "section508.22.a",
    +       "TTv5",
    +       "TT6.a",
    +       "EN-301-549",
    +       "EN-9.4.1.2",
    +       "ACT",
    +     ],
    +   },
    +   Object {
    +     "description": "Ensure the contrast between foreground and background colors meets WCAG 2 AA minimum contrast ratio thresholds",
    +     "help": "Elements must meet minimum color contrast ratio thresholds",
    +     "helpUrl": "https://dequeuniversity.com/rules/axe/4.10/color-contrast?application=playwright",
    +     "id": "color-contrast",
    +     "impact": "serious",
    +     "nodes": Array [
    +       Object {
    +         "all": Array [],
    +         "any": Array [
    +           Object {
    +             "data": Object {
    +               "bgColor": "#e9effd",
    +               "contrastRatio": 4.49,
    +               "expectedContrastRatio": "4.5:1",
    +               "fgColor": "#2463eb",
    +               "fontSize": "12.0pt (16px)",
    +               "fontWeight": "normal",
    +               "messageKey": null,
    +             },
    +             "id": "color-contrast",
    +             "impact": "serious",
    +             "message": "Element has insufficient color contrast of 4.49 (foreground color: #2463eb, background color: #e9effd, font size: 12.0pt (16px), font weight: normal). Expected contrast ratio of 4.5:1",
    +             "relatedNodes": Array [
    +               Object {
    +                 "html": "<button class=\"nav-module-header nav-module-header-active\">",
    +                 "target": Array [
    +                   ".nav-module-header-active",
    +                 ],
    +               },
    +               Object {
    +                 "html": "<aside class=\"sidebar sidebar-hidden\">",
    +                 "target": Array [
    +                   "aside",
    +                 ],
    +               },
    +             ],
    +           },
    +         ],
    +         "failureSummary": "Fix any of the following:
    +   Element has insufficient color contrast of 4.49 (foreground color: #2463eb, background color: #e9effd, font size: 12.0pt (16px), font weight: normal). Expected contrast ratio of 4.5:1",
    +         "html": "<span class=\"nav-module-label\">Finance</span>",
    +         "impact": "serious",
    +         "none": Array [],
    +         "target": Array [
    +           ".nav-module-header-active > .nav-module-icon-text > .nav-module-label",
    +         ],
    +       },
    +     ],
    +     "tags": Array [
    +       "cat.color",
    +       "wcag2aa",
    +       "wcag143",
    +       "TTv5",
    +       "TT13.c",
    +       "EN-301-549",
    +       "EN-9.1.4.3",
    +       "ACT",
    +     ],
    +   },
    + ]

      144 |       .analyze();
      145 |
    > 146 |     expect(accessibilityScanResults.violations).toEqual([]);
          |                                                 ^
      147 |   });
      148 |
      149 |   test('Payments List - Should have no accessibility violations', async ({ page }) => {
        at /Users/eko3/limn-systems-enterprise/tests/e2e/accessibility/a11y.test.ts:146:49

    attachment #1: screenshot (image/png) ──────────────────────────────────────────────────────────
    ../../test-results/accessibility-a11y-Accessi-38ed3-no-accessibility-violations-chromium-desktop/test-failed-1.png
    ────────────────────────────────────────────────────────────────────────────────────────────────

    attachment #2: video (video/webm) ──────────────────────────────────────────────────────────────
    ../../test-results/accessibility-a11y-Accessi-38ed3-no-accessibility-violations-chromium-desktop/video-1.webm
    ────────────────────────────────────────────────────────────────────────────────────────────────

    attachment #3: video (video/webm) ──────────────────────────────────────────────────────────────
    ../../test-results/accessibility-a11y-Accessi-38ed3-no-accessibility-violations-chromium-desktop/video.webm
    ────────────────────────────────────────────────────────────────────────────────────────────────

    Error Context: ../../test-results/accessibility-a11y-Accessi-38ed3-no-accessibility-violations-chromium-desktop/error-context.md
]]>
</failure>
<system-out>
<![CDATA[
[[ATTACHMENT|../test-results/accessibility-a11y-Accessi-38ed3-no-accessibility-violations-chromium-desktop/test-failed-1.png]]

[[ATTACHMENT|../test-results/accessibility-a11y-Accessi-38ed3-no-accessibility-violations-chromium-desktop/video-1.webm]]

[[ATTACHMENT|../test-results/accessibility-a11y-Accessi-38ed3-no-accessibility-violations-chromium-desktop/video.webm]]

[[ATTACHMENT|../test-results/accessibility-a11y-Accessi-38ed3-no-accessibility-violations-chromium-desktop/error-context.md]]
]]>
</system-out>
</testcase>
<testcase name="Accessibility Tests - Orders &amp; Financial › Payments List - Should have no accessibility violations" classname="accessibility/a11y.test.ts" time="1.923">
<failure message="a11y.test.ts:149:7 Payments List - Should have no accessibility violations" type="FAILURE">
<![CDATA[  [chromium-desktop] › accessibility/a11y.test.ts:149:7 › Accessibility Tests - Orders & Financial › Payments List - Should have no accessibility violations 

    Error: expect(received).toEqual(expected) // deep equality

    - Expected  -   1
    + Received  + 404

    - Array []
    + Array [
    +   Object {
    +     "description": "Ensure buttons have discernible text",
    +     "help": "Buttons must have discernible text",
    +     "helpUrl": "https://dequeuniversity.com/rules/axe/4.10/button-name?application=playwright",
    +     "id": "button-name",
    +     "impact": "critical",
    +     "nodes": Array [
    +       Object {
    +         "all": Array [],
    +         "any": Array [
    +           Object {
    +             "data": null,
    +             "id": "button-has-visible-text",
    +             "impact": "critical",
    +             "message": "Element does not have inner text that is visible to screen readers",
    +             "relatedNodes": Array [],
    +           },
    +           Object {
    +             "data": null,
    +             "id": "aria-label",
    +             "impact": "critical",
    +             "message": "aria-label attribute does not exist or is empty",
    +             "relatedNodes": Array [],
    +           },
    +           Object {
    +             "data": null,
    +             "id": "aria-labelledby",
    +             "impact": "critical",
    +             "message": "aria-labelledby attribute does not exist, references elements that do not exist or references elements that are empty",
    +             "relatedNodes": Array [],
    +           },
    +           Object {
    +             "data": Object {
    +               "messageKey": "noAttr",
    +             },
    +             "id": "non-empty-title",
    +             "impact": "critical",
    +             "message": "Element has no title attribute",
    +             "relatedNodes": Array [],
    +           },
    +           Object {
    +             "data": null,
    +             "id": "implicit-label",
    +             "impact": "critical",
    +             "message": "Element does not have an implicit (wrapped) <label>",
    +             "relatedNodes": Array [],
    +           },
    +           Object {
    +             "data": null,
    +             "id": "explicit-label",
    +             "impact": "critical",
    +             "message": "Element does not have an explicit <label>",
    +             "relatedNodes": Array [],
    +           },
    +           Object {
    +             "data": null,
    +             "id": "presentational-role",
    +             "impact": "critical",
    +             "message": "Element's default semantics were not overridden with role=\"none\" or role=\"presentation\"",
    +             "relatedNodes": Array [],
    +           },
    +         ],
    +         "failureSummary": "Fix any of the following:
    +   Element does not have inner text that is visible to screen readers
    +   aria-label attribute does not exist or is empty
    +   aria-labelledby attribute does not exist, references elements that do not exist or references elements that are empty
    +   Element has no title attribute
    +   Element does not have an implicit (wrapped) <label>
    +   Element does not have an explicit <label>
    +   Element's default semantics were not overridden with role=\"none\" or role=\"presentation\"",
    +         "html": "<button class=\"header-icon-button\">",
    +         "impact": "critical",
    +         "none": Array [],
    +         "target": Array [
    +           ".header-icon-button:nth-child(1)",
    +         ],
    +       },
    +       Object {
    +         "all": Array [],
    +         "any": Array [
    +           Object {
    +             "data": null,
    +             "id": "button-has-visible-text",
    +             "impact": "critical",
    +             "message": "Element does not have inner text that is visible to screen readers",
    +             "relatedNodes": Array [],
    +           },
    +           Object {
    +             "data": null,
    +             "id": "aria-label",
    +             "impact": "critical",
    +             "message": "aria-label attribute does not exist or is empty",
    +             "relatedNodes": Array [],
    +           },
    +           Object {
    +             "data": null,
    +             "id": "aria-labelledby",
    +             "impact": "critical",
    +             "message": "aria-labelledby attribute does not exist, references elements that do not exist or references elements that are empty",
    +             "relatedNodes": Array [],
    +           },
    +           Object {
    +             "data": Object {
    +               "messageKey": "noAttr",
    +             },
    +             "id": "non-empty-title",
    +             "impact": "critical",
    +             "message": "Element has no title attribute",
    +             "relatedNodes": Array [],
    +           },
    +           Object {
    +             "data": null,
    +             "id": "implicit-label",
    +             "impact": "critical",
    +             "message": "Element does not have an implicit (wrapped) <label>",
    +             "relatedNodes": Array [],
    +           },
    +           Object {
    +             "data": null,
    +             "id": "explicit-label",
    +             "impact": "critical",
    +             "message": "Element does not have an explicit <label>",
    +             "relatedNodes": Array [],
    +           },
    +           Object {
    +             "data": null,
    +             "id": "presentational-role",
    +             "impact": "critical",
    +             "message": "Element's default semantics were not overridden with role=\"none\" or role=\"presentation\"",
    +             "relatedNodes": Array [],
    +           },
    +         ],
    +         "failureSummary": "Fix any of the following:
    +   Element does not have inner text that is visible to screen readers
    +   aria-label attribute does not exist or is empty
    +   aria-labelledby attribute does not exist, references elements that do not exist or references elements that are empty
    +   Element has no title attribute
    +   Element does not have an implicit (wrapped) <label>
    +   Element does not have an explicit <label>
    +   Element's default semantics were not overridden with role=\"none\" or role=\"presentation\"",
    +         "html": "<button class=\"header-icon-button\">",
    +         "impact": "critical",
    +         "none": Array [],
    +         "target": Array [
    +           ".header-icon-button:nth-child(3)",
    +         ],
    +       },
    +       Object {
    +         "all": Array [],
    +         "any": Array [
    +           Object {
    +             "data": null,
    +             "id": "button-has-visible-text",
    +             "impact": "critical",
    +             "message": "Element does not have inner text that is visible to screen readers",
    +             "relatedNodes": Array [],
    +           },
    +           Object {
    +             "data": null,
    +             "id": "aria-label",
    +             "impact": "critical",
    +             "message": "aria-label attribute does not exist or is empty",
    +             "relatedNodes": Array [],
    +           },
    +           Object {
    +             "data": null,
    +             "id": "aria-labelledby",
    +             "impact": "critical",
    +             "message": "aria-labelledby attribute does not exist, references elements that do not exist or references elements that are empty",
    +             "relatedNodes": Array [],
    +           },
    +           Object {
    +             "data": Object {
    +               "messageKey": "noAttr",
    +             },
    +             "id": "non-empty-title",
    +             "impact": "critical",
    +             "message": "Element has no title attribute",
    +             "relatedNodes": Array [],
    +           },
    +           Object {
    +             "data": null,
    +             "id": "implicit-label",
    +             "impact": "critical",
    +             "message": "Element does not have an implicit (wrapped) <label>",
    +             "relatedNodes": Array [],
    +           },
    +           Object {
    +             "data": null,
    +             "id": "explicit-label",
    +             "impact": "critical",
    +             "message": "Element does not have an explicit <label>",
    +             "relatedNodes": Array [],
    +           },
    +           Object {
    +             "data": null,
    +             "id": "presentational-role",
    +             "impact": "critical",
    +             "message": "Element's default semantics were not overridden with role=\"none\" or role=\"presentation\"",
    +             "relatedNodes": Array [],
    +           },
    +         ],
    +         "failureSummary": "Fix any of the following:
    +   Element does not have inner text that is visible to screen readers
    +   aria-label attribute does not exist or is empty
    +   aria-labelledby attribute does not exist, references elements that do not exist or references elements that are empty
    +   Element has no title attribute
    +   Element does not have an implicit (wrapped) <label>
    +   Element does not have an explicit <label>
    +   Element's default semantics were not overridden with role=\"none\" or role=\"presentation\"",
    +         "html": "<button type=\"button\" role=\"combobox\" aria-controls=\"radix-_R_kslritqkndlb_\" aria-expanded=\"false\" aria-autocomplete=\"none\" dir=\"ltr\" data-state=\"closed\" class=\"flex h-auto min-h-9 w-full items-center justify-between whitespace-nowrap rounded-md border border-input bg-transparent px-3 py-2 text-sm shadow-sm ring-offset-background data-[placeholder]:text-muted-foreground focus:outline-none focus:ring-1 focus:ring-ring disabled:cursor-not-allowed disabled:opacity-50 overflow-visible filter-select\">",
    +         "impact": "critical",
    +         "none": Array [],
    +         "target": Array [
    +           "button[aria-controls=\"radix-_R_kslritqkndlb_\"]",
    +         ],
    +       },
    +       Object {
    +         "all": Array [],
    +         "any": Array [
    +           Object {
    +             "data": null,
    +             "id": "button-has-visible-text",
    +             "impact": "critical",
    +             "message": "Element does not have inner text that is visible to screen readers",
    +             "relatedNodes": Array [],
    +           },
    +           Object {
    +             "data": null,
    +             "id": "aria-label",
    +             "impact": "critical",
    +             "message": "aria-label attribute does not exist or is empty",
    +             "relatedNodes": Array [],
    +           },
    +           Object {
    +             "data": null,
    +             "id": "aria-labelledby",
    +             "impact": "critical",
    +             "message": "aria-labelledby attribute does not exist, references elements that do not exist or references elements that are empty",
    +             "relatedNodes": Array [],
    +           },
    +           Object {
    +             "data": Object {
    +               "messageKey": "noAttr",
    +             },
    +             "id": "non-empty-title",
    +             "impact": "critical",
    +             "message": "Element has no title attribute",
    +             "relatedNodes": Array [],
    +           },
    +           Object {
    +             "data": null,
    +             "id": "implicit-label",
    +             "impact": "critical",
    +             "message": "Element does not have an implicit (wrapped) <label>",
    +             "relatedNodes": Array [],
    +           },
    +           Object {
    +             "data": null,
    +             "id": "explicit-label",
    +             "impact": "critical",
    +             "message": "Element does not have an explicit <label>",
    +             "relatedNodes": Array [],
    +           },
    +           Object {
    +             "data": null,
    +             "id": "presentational-role",
    +             "impact": "critical",
    +             "message": "Element's default semantics were not overridden with role=\"none\" or role=\"presentation\"",
    +             "relatedNodes": Array [],
    +           },
    +         ],
    +         "failureSummary": "Fix any of the following:
    +   Element does not have inner text that is visible to screen readers
    +   aria-label attribute does not exist or is empty
    +   aria-labelledby attribute does not exist, references elements that do not exist or references elements that are empty
    +   Element has no title attribute
    +   Element does not have an implicit (wrapped) <label>
    +   Element does not have an explicit <label>
    +   Element's default semantics were not overridden with role=\"none\" or role=\"presentation\"",
    +         "html": "<button type=\"button\" role=\"combobox\" aria-controls=\"radix-_R_sslritqkndlb_\" aria-expanded=\"false\" aria-autocomplete=\"none\" dir=\"ltr\" data-state=\"closed\" class=\"flex h-auto min-h-9 w-full items-center justify-between whitespace-nowrap rounded-md border border-input bg-transparent px-3 py-2 text-sm shadow-sm ring-offset-background data-[placeholder]:text-muted-foreground focus:outline-none focus:ring-1 focus:ring-ring disabled:cursor-not-allowed disabled:opacity-50 overflow-visible filter-select\">",
    +         "impact": "critical",
    +         "none": Array [],
    +         "target": Array [
    +           "button[aria-controls=\"radix-_R_sslritqkndlb_\"]",
    +         ],
    +       },
    +     ],
    +     "tags": Array [
    +       "cat.name-role-value",
    +       "wcag2a",
    +       "wcag412",
    +       "section508",
    +       "section508.22.a",
    +       "TTv5",
    +       "TT6.a",
    +       "EN-301-549",
    +       "EN-9.4.1.2",
    +       "ACT",
    +     ],
    +   },
    +   Object {
    +     "description": "Ensure the contrast between foreground and background colors meets WCAG 2 AA minimum contrast ratio thresholds",
    +     "help": "Elements must meet minimum color contrast ratio thresholds",
    +     "helpUrl": "https://dequeuniversity.com/rules/axe/4.10/color-contrast?application=playwright",
    +     "id": "color-contrast",
    +     "impact": "serious",
    +     "nodes": Array [
    +       Object {
    +         "all": Array [],
    +         "any": Array [
    +           Object {
    +             "data": Object {
    +               "bgColor": "#e9effd",
    +               "contrastRatio": 4.49,
    +               "expectedContrastRatio": "4.5:1",
    +               "fgColor": "#2463eb",
    +               "fontSize": "12.0pt (16px)",
    +               "fontWeight": "normal",
    +               "messageKey": null,
    +             },
    +             "id": "color-contrast",
    +             "impact": "serious",
    +             "message": "Element has insufficient color contrast of 4.49 (foreground color: #2463eb, background color: #e9effd, font size: 12.0pt (16px), font weight: normal). Expected contrast ratio of 4.5:1",
    +             "relatedNodes": Array [
    +               Object {
    +                 "html": "<button class=\"nav-module-header nav-module-header-active\">",
    +                 "target": Array [
    +                   ".nav-module-header-active",
    +                 ],
    +               },
    +               Object {
    +                 "html": "<aside class=\"sidebar sidebar-hidden\">",
    +                 "target": Array [
    +                   "aside",
    +                 ],
    +               },
    +             ],
    +           },
    +         ],
    +         "failureSummary": "Fix any of the following:
    +   Element has insufficient color contrast of 4.49 (foreground color: #2463eb, background color: #e9effd, font size: 12.0pt (16px), font weight: normal). Expected contrast ratio of 4.5:1",
    +         "html": "<span class=\"nav-module-label\">Finance</span>",
    +         "impact": "serious",
    +         "none": Array [],
    +         "target": Array [
    +           ".nav-module-header-active > .nav-module-icon-text > .nav-module-label",
    +         ],
    +       },
    +       Object {
    +         "all": Array [],
    +         "any": Array [
    +           Object {
    +             "data": Object {
    +               "bgColor": "#e9effd",
    +               "contrastRatio": 4.49,
    +               "expectedContrastRatio": "4.5:1",
    +               "fgColor": "#2463eb",
    +               "fontSize": "10.5pt (14px)",
    +               "fontWeight": "normal",
    +               "messageKey": null,
    +             },
    +             "id": "color-contrast",
    +             "impact": "serious",
    +             "message": "Element has insufficient color contrast of 4.49 (foreground color: #2463eb, background color: #e9effd, font size: 10.5pt (14px), font weight: normal). Expected contrast ratio of 4.5:1",
    +             "relatedNodes": Array [
    +               Object {
    +                 "html": "<a class=\"nav-subitem nav-subitem-active\" href=\"/financials/payments\"><span>Payments</span></a>",
    +                 "target": Array [
    +                   ".nav-subitem-active",
    +                 ],
    +               },
    +               Object {
    +                 "html": "<aside class=\"sidebar sidebar-hidden\">",
    +                 "target": Array [
    +                   "aside",
    +                 ],
    +               },
    +             ],
    +           },
    +         ],
    +         "failureSummary": "Fix any of the following:
    +   Element has insufficient color contrast of 4.49 (foreground color: #2463eb, background color: #e9effd, font size: 10.5pt (14px), font weight: normal). Expected contrast ratio of 4.5:1",
    +         "html": "<span>Payments</span>",
    +         "impact": "serious",
    +         "none": Array [],
    +         "target": Array [
    +           ".nav-subitem-active > span",
    +         ],
    +       },
    +     ],
    +     "tags": Array [
    +       "cat.color",
    +       "wcag2aa",
    +       "wcag143",
    +       "TTv5",
    +       "TT13.c",
    +       "EN-301-549",
    +       "EN-9.1.4.3",
    +       "ACT",
    +     ],
    +   },
    + ]

      154 |       .analyze();
      155 |
    > 156 |     expect(accessibilityScanResults.violations).toEqual([]);
          |                                                 ^
      157 |   });
      158 |
      159 |   test('Quotes List - Should have no accessibility violations', async ({ page }) => {
        at /Users/eko3/limn-systems-enterprise/tests/e2e/accessibility/a11y.test.ts:156:49

    attachment #1: screenshot (image/png) ──────────────────────────────────────────────────────────
    ../../test-results/accessibility-a11y-Accessi-53989-no-accessibility-violations-chromium-desktop/test-failed-1.png
    ────────────────────────────────────────────────────────────────────────────────────────────────

    attachment #2: video (video/webm) ──────────────────────────────────────────────────────────────
    ../../test-results/accessibility-a11y-Accessi-53989-no-accessibility-violations-chromium-desktop/video.webm
    ────────────────────────────────────────────────────────────────────────────────────────────────

    attachment #3: video (video/webm) ──────────────────────────────────────────────────────────────
    ../../test-results/accessibility-a11y-Accessi-53989-no-accessibility-violations-chromium-desktop/video-1.webm
    ────────────────────────────────────────────────────────────────────────────────────────────────

    Error Context: ../../test-results/accessibility-a11y-Accessi-53989-no-accessibility-violations-chromium-desktop/error-context.md
]]>
</failure>
<system-out>
<![CDATA[
[[ATTACHMENT|../test-results/accessibility-a11y-Accessi-53989-no-accessibility-violations-chromium-desktop/test-failed-1.png]]

[[ATTACHMENT|../test-results/accessibility-a11y-Accessi-53989-no-accessibility-violations-chromium-desktop/video.webm]]

[[ATTACHMENT|../test-results/accessibility-a11y-Accessi-53989-no-accessibility-violations-chromium-desktop/video-1.webm]]

[[ATTACHMENT|../test-results/accessibility-a11y-Accessi-53989-no-accessibility-violations-chromium-desktop/error-context.md]]
]]>
</system-out>
</testcase>
<testcase name="Accessibility Tests - Orders &amp; Financial › Quotes List - Should have no accessibility violations" classname="accessibility/a11y.test.ts" time="1.695">
<failure message="a11y.test.ts:159:7 Quotes List - Should have no accessibility violations" type="FAILURE">
<![CDATA[  [chromium-desktop] › accessibility/a11y.test.ts:159:7 › Accessibility Tests - Orders & Financial › Quotes List - Should have no accessibility violations 

    Error: expect(received).toEqual(expected) // deep equality

    - Expected  -  1
    + Received  + 56

    - Array []
    + Array [
    +   Object {
    +     "description": "Ensure the contrast between foreground and background colors meets WCAG 2 AA minimum contrast ratio thresholds",
    +     "help": "Elements must meet minimum color contrast ratio thresholds",
    +     "helpUrl": "https://dequeuniversity.com/rules/axe/4.10/color-contrast?application=playwright",
    +     "id": "color-contrast",
    +     "impact": "serious",
    +     "nodes": Array [
    +       Object {
    +         "all": Array [],
    +         "any": Array [
    +           Object {
    +             "data": Object {
    +               "bgColor": "#3b82f6",
    +               "contrastRatio": 4.11,
    +               "expectedContrastRatio": "4.5:1",
    +               "fgColor": "#262626",
    +               "fontSize": "12.0pt (16px)",
    +               "fontWeight": "normal",
    +               "messageKey": null,
    +             },
    +             "id": "color-contrast",
    +             "impact": "serious",
    +             "message": "Element has insufficient color contrast of 4.11 (foreground color: #262626, background color: #3b82f6, font size: 12.0pt (16px), font weight: normal). Expected contrast ratio of 4.5:1",
    +             "relatedNodes": Array [
    +               Object {
    +                 "html": "<a href=\"/\" class=\"inline-block bg-blue-500 hover:bg-blue-600 text-foreground px-6 py-3 rounded-lg font-medium transition-colors\">Go Home</a>",
    +                 "target": Array [
    +                   "a",
    +                 ],
    +               },
    +             ],
    +           },
    +         ],
    +         "failureSummary": "Fix any of the following:
    +   Element has insufficient color contrast of 4.11 (foreground color: #262626, background color: #3b82f6, font size: 12.0pt (16px), font weight: normal). Expected contrast ratio of 4.5:1",
    +         "html": "<a href=\"/\" class=\"inline-block bg-blue-500 hover:bg-blue-600 text-foreground px-6 py-3 rounded-lg font-medium transition-colors\">Go Home</a>",
    +         "impact": "serious",
    +         "none": Array [],
    +         "target": Array [
    +           "a",
    +         ],
    +       },
    +     ],
    +     "tags": Array [
    +       "cat.color",
    +       "wcag2aa",
    +       "wcag143",
    +       "TTv5",
    +       "TT13.c",
    +       "EN-301-549",
    +       "EN-9.1.4.3",
    +       "ACT",
    +     ],
    +   },
    + ]

      164 |       .analyze();
      165 |
    > 166 |     expect(accessibilityScanResults.violations).toEqual([]);
          |                                                 ^
      167 |   });
      168 | });
      169 |
        at /Users/eko3/limn-systems-enterprise/tests/e2e/accessibility/a11y.test.ts:166:49

    attachment #1: screenshot (image/png) ──────────────────────────────────────────────────────────
    ../../test-results/accessibility-a11y-Accessi-b7051-no-accessibility-violations-chromium-desktop/test-failed-1.png
    ────────────────────────────────────────────────────────────────────────────────────────────────

    attachment #2: video (video/webm) ──────────────────────────────────────────────────────────────
    ../../test-results/accessibility-a11y-Accessi-b7051-no-accessibility-violations-chromium-desktop/video.webm
    ────────────────────────────────────────────────────────────────────────────────────────────────

    attachment #3: video (video/webm) ──────────────────────────────────────────────────────────────
    ../../test-results/accessibility-a11y-Accessi-b7051-no-accessibility-violations-chromium-desktop/video-1.webm
    ────────────────────────────────────────────────────────────────────────────────────────────────

    Error Context: ../../test-results/accessibility-a11y-Accessi-b7051-no-accessibility-violations-chromium-desktop/error-context.md
]]>
</failure>
<system-out>
<![CDATA[
[[ATTACHMENT|../test-results/accessibility-a11y-Accessi-b7051-no-accessibility-violations-chromium-desktop/test-failed-1.png]]

[[ATTACHMENT|../test-results/accessibility-a11y-Accessi-b7051-no-accessibility-violations-chromium-desktop/video.webm]]

[[ATTACHMENT|../test-results/accessibility-a11y-Accessi-b7051-no-accessibility-violations-chromium-desktop/video-1.webm]]

[[ATTACHMENT|../test-results/accessibility-a11y-Accessi-b7051-no-accessibility-violations-chromium-desktop/error-context.md]]
]]>
</system-out>
</testcase>
<testcase name="Accessibility Tests - Production Module › Production Orders - Should have no accessibility violations" classname="accessibility/a11y.test.ts" time="2.803">
<failure message="a11y.test.ts:171:7 Production Orders - Should have no accessibility violations" type="FAILURE">
<![CDATA[  [chromium-desktop] › accessibility/a11y.test.ts:171:7 › Accessibility Tests - Production Module › Production Orders - Should have no accessibility violations 

    Error: expect(received).toEqual(expected) // deep equality

    - Expected  -   1
    + Received  + 264

    - Array []
    + Array [
    +   Object {
    +     "description": "Ensure buttons have discernible text",
    +     "help": "Buttons must have discernible text",
    +     "helpUrl": "https://dequeuniversity.com/rules/axe/4.10/button-name?application=playwright",
    +     "id": "button-name",
    +     "impact": "critical",
    +     "nodes": Array [
    +       Object {
    +         "all": Array [],
    +         "any": Array [
    +           Object {
    +             "data": null,
    +             "id": "button-has-visible-text",
    +             "impact": "critical",
    +             "message": "Element does not have inner text that is visible to screen readers",
    +             "relatedNodes": Array [],
    +           },
    +           Object {
    +             "data": null,
    +             "id": "aria-label",
    +             "impact": "critical",
    +             "message": "aria-label attribute does not exist or is empty",
    +             "relatedNodes": Array [],
    +           },
    +           Object {
    +             "data": null,
    +             "id": "aria-labelledby",
    +             "impact": "critical",
    +             "message": "aria-labelledby attribute does not exist, references elements that do not exist or references elements that are empty",
    +             "relatedNodes": Array [],
    +           },
    +           Object {
    +             "data": Object {
    +               "messageKey": "noAttr",
    +             },
    +             "id": "non-empty-title",
    +             "impact": "critical",
    +             "message": "Element has no title attribute",
    +             "relatedNodes": Array [],
    +           },
    +           Object {
    +             "data": null,
    +             "id": "implicit-label",
    +             "impact": "critical",
    +             "message": "Element does not have an implicit (wrapped) <label>",
    +             "relatedNodes": Array [],
    +           },
    +           Object {
    +             "data": null,
    +             "id": "explicit-label",
    +             "impact": "critical",
    +             "message": "Element does not have an explicit <label>",
    +             "relatedNodes": Array [],
    +           },
    +           Object {
    +             "data": null,
    +             "id": "presentational-role",
    +             "impact": "critical",
    +             "message": "Element's default semantics were not overridden with role=\"none\" or role=\"presentation\"",
    +             "relatedNodes": Array [],
    +           },
    +         ],
    +         "failureSummary": "Fix any of the following:
    +   Element does not have inner text that is visible to screen readers
    +   aria-label attribute does not exist or is empty
    +   aria-labelledby attribute does not exist, references elements that do not exist or references elements that are empty
    +   Element has no title attribute
    +   Element does not have an implicit (wrapped) <label>
    +   Element does not have an explicit <label>
    +   Element's default semantics were not overridden with role=\"none\" or role=\"presentation\"",
    +         "html": "<button class=\"header-icon-button\">",
    +         "impact": "critical",
    +         "none": Array [],
    +         "target": Array [
    +           ".header-icon-button:nth-child(1)",
    +         ],
    +       },
    +       Object {
    +         "all": Array [],
    +         "any": Array [
    +           Object {
    +             "data": null,
    +             "id": "button-has-visible-text",
    +             "impact": "critical",
    +             "message": "Element does not have inner text that is visible to screen readers",
    +             "relatedNodes": Array [],
    +           },
    +           Object {
    +             "data": null,
    +             "id": "aria-label",
    +             "impact": "critical",
    +             "message": "aria-label attribute does not exist or is empty",
    +             "relatedNodes": Array [],
    +           },
    +           Object {
    +             "data": null,
    +             "id": "aria-labelledby",
    +             "impact": "critical",
    +             "message": "aria-labelledby attribute does not exist, references elements that do not exist or references elements that are empty",
    +             "relatedNodes": Array [],
    +           },
    +           Object {
    +             "data": Object {
    +               "messageKey": "noAttr",
    +             },
    +             "id": "non-empty-title",
    +             "impact": "critical",
    +             "message": "Element has no title attribute",
    +             "relatedNodes": Array [],
    +           },
    +           Object {
    +             "data": null,
    +             "id": "implicit-label",
    +             "impact": "critical",
    +             "message": "Element does not have an implicit (wrapped) <label>",
    +             "relatedNodes": Array [],
    +           },
    +           Object {
    +             "data": null,
    +             "id": "explicit-label",
    +             "impact": "critical",
    +             "message": "Element does not have an explicit <label>",
    +             "relatedNodes": Array [],
    +           },
    +           Object {
    +             "data": null,
    +             "id": "presentational-role",
    +             "impact": "critical",
    +             "message": "Element's default semantics were not overridden with role=\"none\" or role=\"presentation\"",
    +             "relatedNodes": Array [],
    +           },
    +         ],
    +         "failureSummary": "Fix any of the following:
    +   Element does not have inner text that is visible to screen readers
    +   aria-label attribute does not exist or is empty
    +   aria-labelledby attribute does not exist, references elements that do not exist or references elements that are empty
    +   Element has no title attribute
    +   Element does not have an implicit (wrapped) <label>
    +   Element does not have an explicit <label>
    +   Element's default semantics were not overridden with role=\"none\" or role=\"presentation\"",
    +         "html": "<button class=\"header-icon-button\">",
    +         "impact": "critical",
    +         "none": Array [],
    +         "target": Array [
    +           ".header-icon-button:nth-child(3)",
    +         ],
    +       },
    +     ],
    +     "tags": Array [
    +       "cat.name-role-value",
    +       "wcag2a",
    +       "wcag412",
    +       "section508",
    +       "section508.22.a",
    +       "TTv5",
    +       "TT6.a",
    +       "EN-301-549",
    +       "EN-9.4.1.2",
    +       "ACT",
    +     ],
    +   },
    +   Object {
    +     "description": "Ensure the contrast between foreground and background colors meets WCAG 2 AA minimum contrast ratio thresholds",
    +     "help": "Elements must meet minimum color contrast ratio thresholds",
    +     "helpUrl": "https://dequeuniversity.com/rules/axe/4.10/color-contrast?application=playwright",
    +     "id": "color-contrast",
    +     "impact": "serious",
    +     "nodes": Array [
    +       Object {
    +         "all": Array [],
    +         "any": Array [
    +           Object {
    +             "data": Object {
    +               "bgColor": "#e9effd",
    +               "contrastRatio": 4.49,
    +               "expectedContrastRatio": "4.5:1",
    +               "fgColor": "#2463eb",
    +               "fontSize": "12.0pt (16px)",
    +               "fontWeight": "normal",
    +               "messageKey": null,
    +             },
    +             "id": "color-contrast",
    +             "impact": "serious",
    +             "message": "Element has insufficient color contrast of 4.49 (foreground color: #2463eb, background color: #e9effd, font size: 12.0pt (16px), font weight: normal). Expected contrast ratio of 4.5:1",
    +             "relatedNodes": Array [
    +               Object {
    +                 "html": "<button class=\"nav-module-header nav-module-header-active\">",
    +                 "target": Array [
    +                   ".nav-module-header-active",
    +                 ],
    +               },
    +               Object {
    +                 "html": "<aside class=\"sidebar sidebar-hidden\">",
    +                 "target": Array [
    +                   "aside",
    +                 ],
    +               },
    +             ],
    +           },
    +         ],
    +         "failureSummary": "Fix any of the following:
    +   Element has insufficient color contrast of 4.49 (foreground color: #2463eb, background color: #e9effd, font size: 12.0pt (16px), font weight: normal). Expected contrast ratio of 4.5:1",
    +         "html": "<span class=\"nav-module-label\">Production</span>",
    +         "impact": "serious",
    +         "none": Array [],
    +         "target": Array [
    +           ".nav-module-header-active > .nav-module-icon-text > .nav-module-label",
    +         ],
    +       },
    +       Object {
    +         "all": Array [],
    +         "any": Array [
    +           Object {
    +             "data": Object {
    +               "bgColor": "#e9effd",
    +               "contrastRatio": 4.49,
    +               "expectedContrastRatio": "4.5:1",
    +               "fgColor": "#2463eb",
    +               "fontSize": "10.5pt (14px)",
    +               "fontWeight": "normal",
    +               "messageKey": null,
    +             },
    +             "id": "color-contrast",
    +             "impact": "serious",
    +             "message": "Element has insufficient color contrast of 4.49 (foreground color: #2463eb, background color: #e9effd, font size: 10.5pt (14px), font weight: normal). Expected contrast ratio of 4.5:1",
    +             "relatedNodes": Array [
    +               Object {
    +                 "html": "<a class=\"nav-subitem nav-subitem-active\" href=\"/production/orders\"><span>Production Orders</span></a>",
    +                 "target": Array [
    +                   ".nav-subitem-active",
    +                 ],
    +               },
    +               Object {
    +                 "html": "<aside class=\"sidebar sidebar-hidden\">",
    +                 "target": Array [
    +                   "aside",
    +                 ],
    +               },
    +             ],
    +           },
    +         ],
    +         "failureSummary": "Fix any of the following:
    +   Element has insufficient color contrast of 4.49 (foreground color: #2463eb, background color: #e9effd, font size: 10.5pt (14px), font weight: normal). Expected contrast ratio of 4.5:1",
    +         "html": "<span>Production Orders</span>",
    +         "impact": "serious",
    +         "none": Array [],
    +         "target": Array [
    +           ".nav-subitem-active > span",
    +         ],
    +       },
    +     ],
    +     "tags": Array [
    +       "cat.color",
    +       "wcag2aa",
    +       "wcag143",
    +       "TTv5",
    +       "TT13.c",
    +       "EN-301-549",
    +       "EN-9.1.4.3",
    +       "ACT",
    +     ],
    +   },
    + ]

      176 |       .analyze();
      177 |
    > 178 |     expect(accessibilityScanResults.violations).toEqual([]);
          |                                                 ^
      179 |   });
      180 |
      181 |   test('Ordered Items - Should have no accessibility violations', async ({ page }) => {
        at /Users/eko3/limn-systems-enterprise/tests/e2e/accessibility/a11y.test.ts:178:49

    attachment #1: screenshot (image/png) ──────────────────────────────────────────────────────────
    ../../test-results/accessibility-a11y-Accessi-9ac8c-no-accessibility-violations-chromium-desktop/test-failed-1.png
    ────────────────────────────────────────────────────────────────────────────────────────────────

    attachment #2: video (video/webm) ──────────────────────────────────────────────────────────────
    ../../test-results/accessibility-a11y-Accessi-9ac8c-no-accessibility-violations-chromium-desktop/video-1.webm
    ────────────────────────────────────────────────────────────────────────────────────────────────

    attachment #3: video (video/webm) ──────────────────────────────────────────────────────────────
    ../../test-results/accessibility-a11y-Accessi-9ac8c-no-accessibility-violations-chromium-desktop/video.webm
    ────────────────────────────────────────────────────────────────────────────────────────────────

    Error Context: ../../test-results/accessibility-a11y-Accessi-9ac8c-no-accessibility-violations-chromium-desktop/error-context.md
]]>
</failure>
<system-out>
<![CDATA[
[[ATTACHMENT|../test-results/accessibility-a11y-Accessi-9ac8c-no-accessibility-violations-chromium-desktop/test-failed-1.png]]

[[ATTACHMENT|../test-results/accessibility-a11y-Accessi-9ac8c-no-accessibility-violations-chromium-desktop/video-1.webm]]

[[ATTACHMENT|../test-results/accessibility-a11y-Accessi-9ac8c-no-accessibility-violations-chromium-desktop/video.webm]]

[[ATTACHMENT|../test-results/accessibility-a11y-Accessi-9ac8c-no-accessibility-violations-chromium-desktop/error-context.md]]
]]>
</system-out>
</testcase>
<testcase name="Accessibility Tests - Production Module › Ordered Items - Should have no accessibility violations" classname="accessibility/a11y.test.ts" time="3.072">
<failure message="a11y.test.ts:181:7 Ordered Items - Should have no accessibility violations" type="FAILURE">
<![CDATA[  [chromium-desktop] › accessibility/a11y.test.ts:181:7 › Accessibility Tests - Production Module › Ordered Items - Should have no accessibility violations 

    Error: expect(received).toEqual(expected) // deep equality

    - Expected  -   1
    + Received  + 404

    - Array []
    + Array [
    +   Object {
    +     "description": "Ensure buttons have discernible text",
    +     "help": "Buttons must have discernible text",
    +     "helpUrl": "https://dequeuniversity.com/rules/axe/4.10/button-name?application=playwright",
    +     "id": "button-name",
    +     "impact": "critical",
    +     "nodes": Array [
    +       Object {
    +         "all": Array [],
    +         "any": Array [
    +           Object {
    +             "data": null,
    +             "id": "button-has-visible-text",
    +             "impact": "critical",
    +             "message": "Element does not have inner text that is visible to screen readers",
    +             "relatedNodes": Array [],
    +           },
    +           Object {
    +             "data": null,
    +             "id": "aria-label",
    +             "impact": "critical",
    +             "message": "aria-label attribute does not exist or is empty",
    +             "relatedNodes": Array [],
    +           },
    +           Object {
    +             "data": null,
    +             "id": "aria-labelledby",
    +             "impact": "critical",
    +             "message": "aria-labelledby attribute does not exist, references elements that do not exist or references elements that are empty",
    +             "relatedNodes": Array [],
    +           },
    +           Object {
    +             "data": Object {
    +               "messageKey": "noAttr",
    +             },
    +             "id": "non-empty-title",
    +             "impact": "critical",
    +             "message": "Element has no title attribute",
    +             "relatedNodes": Array [],
    +           },
    +           Object {
    +             "data": null,
    +             "id": "implicit-label",
    +             "impact": "critical",
    +             "message": "Element does not have an implicit (wrapped) <label>",
    +             "relatedNodes": Array [],
    +           },
    +           Object {
    +             "data": null,
    +             "id": "explicit-label",
    +             "impact": "critical",
    +             "message": "Element does not have an explicit <label>",
    +             "relatedNodes": Array [],
    +           },
    +           Object {
    +             "data": null,
    +             "id": "presentational-role",
    +             "impact": "critical",
    +             "message": "Element's default semantics were not overridden with role=\"none\" or role=\"presentation\"",
    +             "relatedNodes": Array [],
    +           },
    +         ],
    +         "failureSummary": "Fix any of the following:
    +   Element does not have inner text that is visible to screen readers
    +   aria-label attribute does not exist or is empty
    +   aria-labelledby attribute does not exist, references elements that do not exist or references elements that are empty
    +   Element has no title attribute
    +   Element does not have an implicit (wrapped) <label>
    +   Element does not have an explicit <label>
    +   Element's default semantics were not overridden with role=\"none\" or role=\"presentation\"",
    +         "html": "<button class=\"header-icon-button\">",
    +         "impact": "critical",
    +         "none": Array [],
    +         "target": Array [
    +           ".header-icon-button:nth-child(1)",
    +         ],
    +       },
    +       Object {
    +         "all": Array [],
    +         "any": Array [
    +           Object {
    +             "data": null,
    +             "id": "button-has-visible-text",
    +             "impact": "critical",
    +             "message": "Element does not have inner text that is visible to screen readers",
    +             "relatedNodes": Array [],
    +           },
    +           Object {
    +             "data": null,
    +             "id": "aria-label",
    +             "impact": "critical",
    +             "message": "aria-label attribute does not exist or is empty",
    +             "relatedNodes": Array [],
    +           },
    +           Object {
    +             "data": null,
    +             "id": "aria-labelledby",
    +             "impact": "critical",
    +             "message": "aria-labelledby attribute does not exist, references elements that do not exist or references elements that are empty",
    +             "relatedNodes": Array [],
    +           },
    +           Object {
    +             "data": Object {
    +               "messageKey": "noAttr",
    +             },
    +             "id": "non-empty-title",
    +             "impact": "critical",
    +             "message": "Element has no title attribute",
    +             "relatedNodes": Array [],
    +           },
    +           Object {
    +             "data": null,
    +             "id": "implicit-label",
    +             "impact": "critical",
    +             "message": "Element does not have an implicit (wrapped) <label>",
    +             "relatedNodes": Array [],
    +           },
    +           Object {
    +             "data": null,
    +             "id": "explicit-label",
    +             "impact": "critical",
    +             "message": "Element does not have an explicit <label>",
    +             "relatedNodes": Array [],
    +           },
    +           Object {
    +             "data": null,
    +             "id": "presentational-role",
    +             "impact": "critical",
    +             "message": "Element's default semantics were not overridden with role=\"none\" or role=\"presentation\"",
    +             "relatedNodes": Array [],
    +           },
    +         ],
    +         "failureSummary": "Fix any of the following:
    +   Element does not have inner text that is visible to screen readers
    +   aria-label attribute does not exist or is empty
    +   aria-labelledby attribute does not exist, references elements that do not exist or references elements that are empty
    +   Element has no title attribute
    +   Element does not have an implicit (wrapped) <label>
    +   Element does not have an explicit <label>
    +   Element's default semantics were not overridden with role=\"none\" or role=\"presentation\"",
    +         "html": "<button class=\"header-icon-button\">",
    +         "impact": "critical",
    +         "none": Array [],
    +         "target": Array [
    +           ".header-icon-button:nth-child(3)",
    +         ],
    +       },
    +       Object {
    +         "all": Array [],
    +         "any": Array [
    +           Object {
    +             "data": null,
    +             "id": "button-has-visible-text",
    +             "impact": "critical",
    +             "message": "Element does not have inner text that is visible to screen readers",
    +             "relatedNodes": Array [],
    +           },
    +           Object {
    +             "data": null,
    +             "id": "aria-label",
    +             "impact": "critical",
    +             "message": "aria-label attribute does not exist or is empty",
    +             "relatedNodes": Array [],
    +           },
    +           Object {
    +             "data": null,
    +             "id": "aria-labelledby",
    +             "impact": "critical",
    +             "message": "aria-labelledby attribute does not exist, references elements that do not exist or references elements that are empty",
    +             "relatedNodes": Array [],
    +           },
    +           Object {
    +             "data": Object {
    +               "messageKey": "noAttr",
    +             },
    +             "id": "non-empty-title",
    +             "impact": "critical",
    +             "message": "Element has no title attribute",
    +             "relatedNodes": Array [],
    +           },
    +           Object {
    +             "data": null,
    +             "id": "implicit-label",
    +             "impact": "critical",
    +             "message": "Element does not have an implicit (wrapped) <label>",
    +             "relatedNodes": Array [],
    +           },
    +           Object {
    +             "data": null,
    +             "id": "explicit-label",
    +             "impact": "critical",
    +             "message": "Element does not have an explicit <label>",
    +             "relatedNodes": Array [],
    +           },
    +           Object {
    +             "data": null,
    +             "id": "presentational-role",
    +             "impact": "critical",
    +             "message": "Element's default semantics were not overridden with role=\"none\" or role=\"presentation\"",
    +             "relatedNodes": Array [],
    +           },
    +         ],
    +         "failureSummary": "Fix any of the following:
    +   Element does not have inner text that is visible to screen readers
    +   aria-label attribute does not exist or is empty
    +   aria-labelledby attribute does not exist, references elements that do not exist or references elements that are empty
    +   Element has no title attribute
    +   Element does not have an implicit (wrapped) <label>
    +   Element does not have an explicit <label>
    +   Element's default semantics were not overridden with role=\"none\" or role=\"presentation\"",
    +         "html": "<button type=\"button\" role=\"combobox\" aria-controls=\"radix-_R_kslritqkndlb_\" aria-expanded=\"false\" aria-autocomplete=\"none\" dir=\"ltr\" data-state=\"closed\" class=\"flex h-auto min-h-9 w-full items-center justify-between whitespace-nowrap rounded-md border border-input bg-transparent px-3 py-2 text-sm shadow-sm ring-offset-background data-[placeholder]:text-muted-foreground focus:outline-none focus:ring-1 focus:ring-ring disabled:cursor-not-allowed disabled:opacity-50 overflow-visible filter-select\">",
    +         "impact": "critical",
    +         "none": Array [],
    +         "target": Array [
    +           "button[aria-controls=\"radix-_R_kslritqkndlb_\"]",
    +         ],
    +       },
    +       Object {
    +         "all": Array [],
    +         "any": Array [
    +           Object {
    +             "data": null,
    +             "id": "button-has-visible-text",
    +             "impact": "critical",
    +             "message": "Element does not have inner text that is visible to screen readers",
    +             "relatedNodes": Array [],
    +           },
    +           Object {
    +             "data": null,
    +             "id": "aria-label",
    +             "impact": "critical",
    +             "message": "aria-label attribute does not exist or is empty",
    +             "relatedNodes": Array [],
    +           },
    +           Object {
    +             "data": null,
    +             "id": "aria-labelledby",
    +             "impact": "critical",
    +             "message": "aria-labelledby attribute does not exist, references elements that do not exist or references elements that are empty",
    +             "relatedNodes": Array [],
    +           },
    +           Object {
    +             "data": Object {
    +               "messageKey": "noAttr",
    +             },
    +             "id": "non-empty-title",
    +             "impact": "critical",
    +             "message": "Element has no title attribute",
    +             "relatedNodes": Array [],
    +           },
    +           Object {
    +             "data": null,
    +             "id": "implicit-label",
    +             "impact": "critical",
    +             "message": "Element does not have an implicit (wrapped) <label>",
    +             "relatedNodes": Array [],
    +           },
    +           Object {
    +             "data": null,
    +             "id": "explicit-label",
    +             "impact": "critical",
    +             "message": "Element does not have an explicit <label>",
    +             "relatedNodes": Array [],
    +           },
    +           Object {
    +             "data": null,
    +             "id": "presentational-role",
    +             "impact": "critical",
    +             "message": "Element's default semantics were not overridden with role=\"none\" or role=\"presentation\"",
    +             "relatedNodes": Array [],
    +           },
    +         ],
    +         "failureSummary": "Fix any of the following:
    +   Element does not have inner text that is visible to screen readers
    +   aria-label attribute does not exist or is empty
    +   aria-labelledby attribute does not exist, references elements that do not exist or references elements that are empty
    +   Element has no title attribute
    +   Element does not have an implicit (wrapped) <label>
    +   Element does not have an explicit <label>
    +   Element's default semantics were not overridden with role=\"none\" or role=\"presentation\"",
    +         "html": "<button type=\"button\" role=\"combobox\" aria-controls=\"radix-_R_sslritqkndlb_\" aria-expanded=\"false\" aria-autocomplete=\"none\" dir=\"ltr\" data-state=\"closed\" class=\"flex h-auto min-h-9 w-full items-center justify-between whitespace-nowrap rounded-md border border-input bg-transparent px-3 py-2 text-sm shadow-sm ring-offset-background data-[placeholder]:text-muted-foreground focus:outline-none focus:ring-1 focus:ring-ring disabled:cursor-not-allowed disabled:opacity-50 overflow-visible filter-select\">",
    +         "impact": "critical",
    +         "none": Array [],
    +         "target": Array [
    +           "button[aria-controls=\"radix-_R_sslritqkndlb_\"]",
    +         ],
    +       },
    +     ],
    +     "tags": Array [
    +       "cat.name-role-value",
    +       "wcag2a",
    +       "wcag412",
    +       "section508",
    +       "section508.22.a",
    +       "TTv5",
    +       "TT6.a",
    +       "EN-301-549",
    +       "EN-9.4.1.2",
    +       "ACT",
    +     ],
    +   },
    +   Object {
    +     "description": "Ensure the contrast between foreground and background colors meets WCAG 2 AA minimum contrast ratio thresholds",
    +     "help": "Elements must meet minimum color contrast ratio thresholds",
    +     "helpUrl": "https://dequeuniversity.com/rules/axe/4.10/color-contrast?application=playwright",
    +     "id": "color-contrast",
    +     "impact": "serious",
    +     "nodes": Array [
    +       Object {
    +         "all": Array [],
    +         "any": Array [
    +           Object {
    +             "data": Object {
    +               "bgColor": "#e9effd",
    +               "contrastRatio": 4.49,
    +               "expectedContrastRatio": "4.5:1",
    +               "fgColor": "#2463eb",
    +               "fontSize": "12.0pt (16px)",
    +               "fontWeight": "normal",
    +               "messageKey": null,
    +             },
    +             "id": "color-contrast",
    +             "impact": "serious",
    +             "message": "Element has insufficient color contrast of 4.49 (foreground color: #2463eb, background color: #e9effd, font size: 12.0pt (16px), font weight: normal). Expected contrast ratio of 4.5:1",
    +             "relatedNodes": Array [
    +               Object {
    +                 "html": "<button class=\"nav-module-header nav-module-header-active\">",
    +                 "target": Array [
    +                   ".nav-module-header-active",
    +                 ],
    +               },
    +               Object {
    +                 "html": "<aside class=\"sidebar sidebar-hidden\">",
    +                 "target": Array [
    +                   "aside",
    +                 ],
    +               },
    +             ],
    +           },
    +         ],
    +         "failureSummary": "Fix any of the following:
    +   Element has insufficient color contrast of 4.49 (foreground color: #2463eb, background color: #e9effd, font size: 12.0pt (16px), font weight: normal). Expected contrast ratio of 4.5:1",
    +         "html": "<span class=\"nav-module-label\">Production</span>",
    +         "impact": "serious",
    +         "none": Array [],
    +         "target": Array [
    +           ".nav-module-header-active > .nav-module-icon-text > .nav-module-label",
    +         ],
    +       },
    +       Object {
    +         "all": Array [],
    +         "any": Array [
    +           Object {
    +             "data": Object {
    +               "bgColor": "#e9effd",
    +               "contrastRatio": 4.49,
    +               "expectedContrastRatio": "4.5:1",
    +               "fgColor": "#2463eb",
    +               "fontSize": "10.5pt (14px)",
    +               "fontWeight": "normal",
    +               "messageKey": null,
    +             },
    +             "id": "color-contrast",
    +             "impact": "serious",
    +             "message": "Element has insufficient color contrast of 4.49 (foreground color: #2463eb, background color: #e9effd, font size: 10.5pt (14px), font weight: normal). Expected contrast ratio of 4.5:1",
    +             "relatedNodes": Array [
    +               Object {
    +                 "html": "<a class=\"nav-subitem nav-subitem-active\" href=\"/production/ordered-items\"><span>Ordered Items</span></a>",
    +                 "target": Array [
    +                   ".nav-subitem-active",
    +                 ],
    +               },
    +               Object {
    +                 "html": "<aside class=\"sidebar sidebar-hidden\">",
    +                 "target": Array [
    +                   "aside",
    +                 ],
    +               },
    +             ],
    +           },
    +         ],
    +         "failureSummary": "Fix any of the following:
    +   Element has insufficient color contrast of 4.49 (foreground color: #2463eb, background color: #e9effd, font size: 10.5pt (14px), font weight: normal). Expected contrast ratio of 4.5:1",
    +         "html": "<span>Ordered Items</span>",
    +         "impact": "serious",
    +         "none": Array [],
    +         "target": Array [
    +           ".nav-subitem-active > span",
    +         ],
    +       },
    +     ],
    +     "tags": Array [
    +       "cat.color",
    +       "wcag2aa",
    +       "wcag143",
    +       "TTv5",
    +       "TT13.c",
    +       "EN-301-549",
    +       "EN-9.1.4.3",
    +       "ACT",
    +     ],
    +   },
    + ]

      186 |       .analyze();
      187 |
    > 188 |     expect(accessibilityScanResults.violations).toEqual([]);
          |                                                 ^
      189 |   });
      190 |
      191 |   test('Shipments - Should have no accessibility violations', async ({ page }) => {
        at /Users/eko3/limn-systems-enterprise/tests/e2e/accessibility/a11y.test.ts:188:49

    attachment #1: screenshot (image/png) ──────────────────────────────────────────────────────────
    ../../test-results/accessibility-a11y-Accessi-2c358-no-accessibility-violations-chromium-desktop/test-failed-1.png
    ────────────────────────────────────────────────────────────────────────────────────────────────

    attachment #2: video (video/webm) ──────────────────────────────────────────────────────────────
    ../../test-results/accessibility-a11y-Accessi-2c358-no-accessibility-violations-chromium-desktop/video-1.webm
    ────────────────────────────────────────────────────────────────────────────────────────────────

    attachment #3: video (video/webm) ──────────────────────────────────────────────────────────────
    ../../test-results/accessibility-a11y-Accessi-2c358-no-accessibility-violations-chromium-desktop/video.webm
    ────────────────────────────────────────────────────────────────────────────────────────────────

    Error Context: ../../test-results/accessibility-a11y-Accessi-2c358-no-accessibility-violations-chromium-desktop/error-context.md
]]>
</failure>
<system-out>
<![CDATA[
[[ATTACHMENT|../test-results/accessibility-a11y-Accessi-2c358-no-accessibility-violations-chromium-desktop/test-failed-1.png]]

[[ATTACHMENT|../test-results/accessibility-a11y-Accessi-2c358-no-accessibility-violations-chromium-desktop/video-1.webm]]

[[ATTACHMENT|../test-results/accessibility-a11y-Accessi-2c358-no-accessibility-violations-chromium-desktop/video.webm]]

[[ATTACHMENT|../test-results/accessibility-a11y-Accessi-2c358-no-accessibility-violations-chromium-desktop/error-context.md]]
]]>
</system-out>
</testcase>
<testcase name="Accessibility Tests - Production Module › Shipments - Should have no accessibility violations" classname="accessibility/a11y.test.ts" time="4.443">
<failure message="a11y.test.ts:191:7 Shipments - Should have no accessibility violations" type="FAILURE">
<![CDATA[  [chromium-desktop] › accessibility/a11y.test.ts:191:7 › Accessibility Tests - Production Module › Shipments - Should have no accessibility violations 

    Error: expect(received).toEqual(expected) // deep equality

    - Expected  -   1
    + Received  + 334

    - Array []
    + Array [
    +   Object {
    +     "description": "Ensure buttons have discernible text",
    +     "help": "Buttons must have discernible text",
    +     "helpUrl": "https://dequeuniversity.com/rules/axe/4.10/button-name?application=playwright",
    +     "id": "button-name",
    +     "impact": "critical",
    +     "nodes": Array [
    +       Object {
    +         "all": Array [],
    +         "any": Array [
    +           Object {
    +             "data": null,
    +             "id": "button-has-visible-text",
    +             "impact": "critical",
    +             "message": "Element does not have inner text that is visible to screen readers",
    +             "relatedNodes": Array [],
    +           },
    +           Object {
    +             "data": null,
    +             "id": "aria-label",
    +             "impact": "critical",
    +             "message": "aria-label attribute does not exist or is empty",
    +             "relatedNodes": Array [],
    +           },
    +           Object {
    +             "data": null,
    +             "id": "aria-labelledby",
    +             "impact": "critical",
    +             "message": "aria-labelledby attribute does not exist, references elements that do not exist or references elements that are empty",
    +             "relatedNodes": Array [],
    +           },
    +           Object {
    +             "data": Object {
    +               "messageKey": "noAttr",
    +             },
    +             "id": "non-empty-title",
    +             "impact": "critical",
    +             "message": "Element has no title attribute",
    +             "relatedNodes": Array [],
    +           },
    +           Object {
    +             "data": null,
    +             "id": "implicit-label",
    +             "impact": "critical",
    +             "message": "Element does not have an implicit (wrapped) <label>",
    +             "relatedNodes": Array [],
    +           },
    +           Object {
    +             "data": null,
    +             "id": "explicit-label",
    +             "impact": "critical",
    +             "message": "Element does not have an explicit <label>",
    +             "relatedNodes": Array [],
    +           },
    +           Object {
    +             "data": null,
    +             "id": "presentational-role",
    +             "impact": "critical",
    +             "message": "Element's default semantics were not overridden with role=\"none\" or role=\"presentation\"",
    +             "relatedNodes": Array [],
    +           },
    +         ],
    +         "failureSummary": "Fix any of the following:
    +   Element does not have inner text that is visible to screen readers
    +   aria-label attribute does not exist or is empty
    +   aria-labelledby attribute does not exist, references elements that do not exist or references elements that are empty
    +   Element has no title attribute
    +   Element does not have an implicit (wrapped) <label>
    +   Element does not have an explicit <label>
    +   Element's default semantics were not overridden with role=\"none\" or role=\"presentation\"",
    +         "html": "<button class=\"header-icon-button\">",
    +         "impact": "critical",
    +         "none": Array [],
    +         "target": Array [
    +           ".header-icon-button:nth-child(1)",
    +         ],
    +       },
    +       Object {
    +         "all": Array [],
    +         "any": Array [
    +           Object {
    +             "data": null,
    +             "id": "button-has-visible-text",
    +             "impact": "critical",
    +             "message": "Element does not have inner text that is visible to screen readers",
    +             "relatedNodes": Array [],
    +           },
    +           Object {
    +             "data": null,
    +             "id": "aria-label",
    +             "impact": "critical",
    +             "message": "aria-label attribute does not exist or is empty",
    +             "relatedNodes": Array [],
    +           },
    +           Object {
    +             "data": null,
    +             "id": "aria-labelledby",
    +             "impact": "critical",
    +             "message": "aria-labelledby attribute does not exist, references elements that do not exist or references elements that are empty",
    +             "relatedNodes": Array [],
    +           },
    +           Object {
    +             "data": Object {
    +               "messageKey": "noAttr",
    +             },
    +             "id": "non-empty-title",
    +             "impact": "critical",
    +             "message": "Element has no title attribute",
    +             "relatedNodes": Array [],
    +           },
    +           Object {
    +             "data": null,
    +             "id": "implicit-label",
    +             "impact": "critical",
    +             "message": "Element does not have an implicit (wrapped) <label>",
    +             "relatedNodes": Array [],
    +           },
    +           Object {
    +             "data": null,
    +             "id": "explicit-label",
    +             "impact": "critical",
    +             "message": "Element does not have an explicit <label>",
    +             "relatedNodes": Array [],
    +           },
    +           Object {
    +             "data": null,
    +             "id": "presentational-role",
    +             "impact": "critical",
    +             "message": "Element's default semantics were not overridden with role=\"none\" or role=\"presentation\"",
    +             "relatedNodes": Array [],
    +           },
    +         ],
    +         "failureSummary": "Fix any of the following:
    +   Element does not have inner text that is visible to screen readers
    +   aria-label attribute does not exist or is empty
    +   aria-labelledby attribute does not exist, references elements that do not exist or references elements that are empty
    +   Element has no title attribute
    +   Element does not have an implicit (wrapped) <label>
    +   Element does not have an explicit <label>
    +   Element's default semantics were not overridden with role=\"none\" or role=\"presentation\"",
    +         "html": "<button class=\"header-icon-button\">",
    +         "impact": "critical",
    +         "none": Array [],
    +         "target": Array [
    +           ".header-icon-button:nth-child(3)",
    +         ],
    +       },
    +       Object {
    +         "all": Array [],
    +         "any": Array [
    +           Object {
    +             "data": null,
    +             "id": "button-has-visible-text",
    +             "impact": "critical",
    +             "message": "Element does not have inner text that is visible to screen readers",
    +             "relatedNodes": Array [],
    +           },
    +           Object {
    +             "data": null,
    +             "id": "aria-label",
    +             "impact": "critical",
    +             "message": "aria-label attribute does not exist or is empty",
    +             "relatedNodes": Array [],
    +           },
    +           Object {
    +             "data": null,
    +             "id": "aria-labelledby",
    +             "impact": "critical",
    +             "message": "aria-labelledby attribute does not exist, references elements that do not exist or references elements that are empty",
    +             "relatedNodes": Array [],
    +           },
    +           Object {
    +             "data": Object {
    +               "messageKey": "noAttr",
    +             },
    +             "id": "non-empty-title",
    +             "impact": "critical",
    +             "message": "Element has no title attribute",
    +             "relatedNodes": Array [],
    +           },
    +           Object {
    +             "data": null,
    +             "id": "implicit-label",
    +             "impact": "critical",
    +             "message": "Element does not have an implicit (wrapped) <label>",
    +             "relatedNodes": Array [],
    +           },
    +           Object {
    +             "data": null,
    +             "id": "explicit-label",
    +             "impact": "critical",
    +             "message": "Element does not have an explicit <label>",
    +             "relatedNodes": Array [],
    +           },
    +           Object {
    +             "data": null,
    +             "id": "presentational-role",
    +             "impact": "critical",
    +             "message": "Element's default semantics were not overridden with role=\"none\" or role=\"presentation\"",
    +             "relatedNodes": Array [],
    +           },
    +         ],
    +         "failureSummary": "Fix any of the following:
    +   Element does not have inner text that is visible to screen readers
    +   aria-label attribute does not exist or is empty
    +   aria-labelledby attribute does not exist, references elements that do not exist or references elements that are empty
    +   Element has no title attribute
    +   Element does not have an implicit (wrapped) <label>
    +   Element does not have an explicit <label>
    +   Element's default semantics were not overridden with role=\"none\" or role=\"presentation\"",
    +         "html": "<button type=\"button\" role=\"combobox\" aria-controls=\"radix-_R_4slritqkndlb_\" aria-expanded=\"false\" aria-autocomplete=\"none\" dir=\"ltr\" data-state=\"closed\" class=\"flex h-auto min-h-9 w-full items-center justify-between whitespace-nowrap rounded-md border border-input bg-transparent px-3 py-2 text-sm shadow-sm ring-offset-background data-[placeholder]:text-muted-foreground focus:outline-none focus:ring-1 focus:ring-ring disabled:cursor-not-allowed disabled:opacity-50 overflow-visible filter-select\">",
    +         "impact": "critical",
    +         "none": Array [],
    +         "target": Array [
    +           ".h-auto",
    +         ],
    +       },
    +     ],
    +     "tags": Array [
    +       "cat.name-role-value",
    +       "wcag2a",
    +       "wcag412",
    +       "section508",
    +       "section508.22.a",
    +       "TTv5",
    +       "TT6.a",
    +       "EN-301-549",
    +       "EN-9.4.1.2",
    +       "ACT",
    +     ],
    +   },
    +   Object {
    +     "description": "Ensure the contrast between foreground and background colors meets WCAG 2 AA minimum contrast ratio thresholds",
    +     "help": "Elements must meet minimum color contrast ratio thresholds",
    +     "helpUrl": "https://dequeuniversity.com/rules/axe/4.10/color-contrast?application=playwright",
    +     "id": "color-contrast",
    +     "impact": "serious",
    +     "nodes": Array [
    +       Object {
    +         "all": Array [],
    +         "any": Array [
    +           Object {
    +             "data": Object {
    +               "bgColor": "#e9effd",
    +               "contrastRatio": 4.49,
    +               "expectedContrastRatio": "4.5:1",
    +               "fgColor": "#2463eb",
    +               "fontSize": "12.0pt (16px)",
    +               "fontWeight": "normal",
    +               "messageKey": null,
    +             },
    +             "id": "color-contrast",
    +             "impact": "serious",
    +             "message": "Element has insufficient color contrast of 4.49 (foreground color: #2463eb, background color: #e9effd, font size: 12.0pt (16px), font weight: normal). Expected contrast ratio of 4.5:1",
    +             "relatedNodes": Array [
    +               Object {
    +                 "html": "<button class=\"nav-module-header nav-module-header-active\">",
    +                 "target": Array [
    +                   ".nav-module-header-active",
    +                 ],
    +               },
    +               Object {
    +                 "html": "<aside class=\"sidebar sidebar-hidden\">",
    +                 "target": Array [
    +                   "aside",
    +                 ],
    +               },
    +             ],
    +           },
    +         ],
    +         "failureSummary": "Fix any of the following:
    +   Element has insufficient color contrast of 4.49 (foreground color: #2463eb, background color: #e9effd, font size: 12.0pt (16px), font weight: normal). Expected contrast ratio of 4.5:1",
    +         "html": "<span class=\"nav-module-label\">Production</span>",
    +         "impact": "serious",
    +         "none": Array [],
    +         "target": Array [
    +           ".nav-module-header-active > .nav-module-icon-text > .nav-module-label",
    +         ],
    +       },
    +       Object {
    +         "all": Array [],
    +         "any": Array [
    +           Object {
    +             "data": Object {
    +               "bgColor": "#e9effd",
    +               "contrastRatio": 4.49,
    +               "expectedContrastRatio": "4.5:1",
    +               "fgColor": "#2463eb",
    +               "fontSize": "10.5pt (14px)",
    +               "fontWeight": "normal",
    +               "messageKey": null,
    +             },
    +             "id": "color-contrast",
    +             "impact": "serious",
    +             "message": "Element has insufficient color contrast of 4.49 (foreground color: #2463eb, background color: #e9effd, font size: 10.5pt (14px), font weight: normal). Expected contrast ratio of 4.5:1",
    +             "relatedNodes": Array [
    +               Object {
    +                 "html": "<a class=\"nav-subitem nav-subitem-active\" href=\"/production/shipments\"><span>Shipments</span></a>",
    +                 "target": Array [
    +                   ".nav-subitem-active",
    +                 ],
    +               },
    +               Object {
    +                 "html": "<aside class=\"sidebar sidebar-hidden\">",
    +                 "target": Array [
    +                   "aside",
    +                 ],
    +               },
    +             ],
    +           },
    +         ],
    +         "failureSummary": "Fix any of the following:
    +   Element has insufficient color contrast of 4.49 (foreground color: #2463eb, background color: #e9effd, font size: 10.5pt (14px), font weight: normal). Expected contrast ratio of 4.5:1",
    +         "html": "<span>Shipments</span>",
    +         "impact": "serious",
    +         "none": Array [],
    +         "target": Array [
    +           ".nav-subitem-active > span",
    +         ],
    +       },
    +     ],
    +     "tags": Array [
    +       "cat.color",
    +       "wcag2aa",
    +       "wcag143",
    +       "TTv5",
    +       "TT13.c",
    +       "EN-301-549",
    +       "EN-9.1.4.3",
    +       "ACT",
    +     ],
    +   },
    + ]

      196 |       .analyze();
      197 |
    > 198 |     expect(accessibilityScanResults.violations).toEqual([]);
          |                                                 ^
      199 |   });
      200 | });
      201 |
        at /Users/eko3/limn-systems-enterprise/tests/e2e/accessibility/a11y.test.ts:198:49

    attachment #1: screenshot (image/png) ──────────────────────────────────────────────────────────
    ../../test-results/accessibility-a11y-Accessi-a34a7-no-accessibility-violations-chromium-desktop/test-failed-1.png
    ────────────────────────────────────────────────────────────────────────────────────────────────

    attachment #2: video (video/webm) ──────────────────────────────────────────────────────────────
    ../../test-results/accessibility-a11y-Accessi-a34a7-no-accessibility-violations-chromium-desktop/video.webm
    ────────────────────────────────────────────────────────────────────────────────────────────────

    attachment #3: video (video/webm) ──────────────────────────────────────────────────────────────
    ../../test-results/accessibility-a11y-Accessi-a34a7-no-accessibility-violations-chromium-desktop/video-1.webm
    ────────────────────────────────────────────────────────────────────────────────────────────────

    Error Context: ../../test-results/accessibility-a11y-Accessi-a34a7-no-accessibility-violations-chromium-desktop/error-context.md
]]>
</failure>
<system-out>
<![CDATA[
[[ATTACHMENT|../test-results/accessibility-a11y-Accessi-a34a7-no-accessibility-violations-chromium-desktop/test-failed-1.png]]

[[ATTACHMENT|../test-results/accessibility-a11y-Accessi-a34a7-no-accessibility-violations-chromium-desktop/video.webm]]

[[ATTACHMENT|../test-results/accessibility-a11y-Accessi-a34a7-no-accessibility-violations-chromium-desktop/video-1.webm]]

[[ATTACHMENT|../test-results/accessibility-a11y-Accessi-a34a7-no-accessibility-violations-chromium-desktop/error-context.md]]
]]>
</system-out>
</testcase>
<testcase name="Accessibility Tests - Products Module › Products Catalog - Should have no accessibility violations" classname="accessibility/a11y.test.ts" time="4.81">
<failure message="a11y.test.ts:203:7 Products Catalog - Should have no accessibility violations" type="FAILURE">
<![CDATA[  [chromium-desktop] › accessibility/a11y.test.ts:203:7 › Accessibility Tests - Products Module › Products Catalog - Should have no accessibility violations 

    Error: expect(received).toEqual(expected) // deep equality

    - Expected  -   1
    + Received  + 264

    - Array []
    + Array [
    +   Object {
    +     "description": "Ensure buttons have discernible text",
    +     "help": "Buttons must have discernible text",
    +     "helpUrl": "https://dequeuniversity.com/rules/axe/4.10/button-name?application=playwright",
    +     "id": "button-name",
    +     "impact": "critical",
    +     "nodes": Array [
    +       Object {
    +         "all": Array [],
    +         "any": Array [
    +           Object {
    +             "data": null,
    +             "id": "button-has-visible-text",
    +             "impact": "critical",
    +             "message": "Element does not have inner text that is visible to screen readers",
    +             "relatedNodes": Array [],
    +           },
    +           Object {
    +             "data": null,
    +             "id": "aria-label",
    +             "impact": "critical",
    +             "message": "aria-label attribute does not exist or is empty",
    +             "relatedNodes": Array [],
    +           },
    +           Object {
    +             "data": null,
    +             "id": "aria-labelledby",
    +             "impact": "critical",
    +             "message": "aria-labelledby attribute does not exist, references elements that do not exist or references elements that are empty",
    +             "relatedNodes": Array [],
    +           },
    +           Object {
    +             "data": Object {
    +               "messageKey": "noAttr",
    +             },
    +             "id": "non-empty-title",
    +             "impact": "critical",
    +             "message": "Element has no title attribute",
    +             "relatedNodes": Array [],
    +           },
    +           Object {
    +             "data": null,
    +             "id": "implicit-label",
    +             "impact": "critical",
    +             "message": "Element does not have an implicit (wrapped) <label>",
    +             "relatedNodes": Array [],
    +           },
    +           Object {
    +             "data": null,
    +             "id": "explicit-label",
    +             "impact": "critical",
    +             "message": "Element does not have an explicit <label>",
    +             "relatedNodes": Array [],
    +           },
    +           Object {
    +             "data": null,
    +             "id": "presentational-role",
    +             "impact": "critical",
    +             "message": "Element's default semantics were not overridden with role=\"none\" or role=\"presentation\"",
    +             "relatedNodes": Array [],
    +           },
    +         ],
    +         "failureSummary": "Fix any of the following:
    +   Element does not have inner text that is visible to screen readers
    +   aria-label attribute does not exist or is empty
    +   aria-labelledby attribute does not exist, references elements that do not exist or references elements that are empty
    +   Element has no title attribute
    +   Element does not have an implicit (wrapped) <label>
    +   Element does not have an explicit <label>
    +   Element's default semantics were not overridden with role=\"none\" or role=\"presentation\"",
    +         "html": "<button class=\"header-icon-button\">",
    +         "impact": "critical",
    +         "none": Array [],
    +         "target": Array [
    +           ".header-icon-button:nth-child(1)",
    +         ],
    +       },
    +       Object {
    +         "all": Array [],
    +         "any": Array [
    +           Object {
    +             "data": null,
    +             "id": "button-has-visible-text",
    +             "impact": "critical",
    +             "message": "Element does not have inner text that is visible to screen readers",
    +             "relatedNodes": Array [],
    +           },
    +           Object {
    +             "data": null,
    +             "id": "aria-label",
    +             "impact": "critical",
    +             "message": "aria-label attribute does not exist or is empty",
    +             "relatedNodes": Array [],
    +           },
    +           Object {
    +             "data": null,
    +             "id": "aria-labelledby",
    +             "impact": "critical",
    +             "message": "aria-labelledby attribute does not exist, references elements that do not exist or references elements that are empty",
    +             "relatedNodes": Array [],
    +           },
    +           Object {
    +             "data": Object {
    +               "messageKey": "noAttr",
    +             },
    +             "id": "non-empty-title",
    +             "impact": "critical",
    +             "message": "Element has no title attribute",
    +             "relatedNodes": Array [],
    +           },
    +           Object {
    +             "data": null,
    +             "id": "implicit-label",
    +             "impact": "critical",
    +             "message": "Element does not have an implicit (wrapped) <label>",
    +             "relatedNodes": Array [],
    +           },
    +           Object {
    +             "data": null,
    +             "id": "explicit-label",
    +             "impact": "critical",
    +             "message": "Element does not have an explicit <label>",
    +             "relatedNodes": Array [],
    +           },
    +           Object {
    +             "data": null,
    +             "id": "presentational-role",
    +             "impact": "critical",
    +             "message": "Element's default semantics were not overridden with role=\"none\" or role=\"presentation\"",
    +             "relatedNodes": Array [],
    +           },
    +         ],
    +         "failureSummary": "Fix any of the following:
    +   Element does not have inner text that is visible to screen readers
    +   aria-label attribute does not exist or is empty
    +   aria-labelledby attribute does not exist, references elements that do not exist or references elements that are empty
    +   Element has no title attribute
    +   Element does not have an implicit (wrapped) <label>
    +   Element does not have an explicit <label>
    +   Element's default semantics were not overridden with role=\"none\" or role=\"presentation\"",
    +         "html": "<button class=\"header-icon-button\">",
    +         "impact": "critical",
    +         "none": Array [],
    +         "target": Array [
    +           ".header-icon-button:nth-child(3)",
    +         ],
    +       },
    +     ],
    +     "tags": Array [
    +       "cat.name-role-value",
    +       "wcag2a",
    +       "wcag412",
    +       "section508",
    +       "section508.22.a",
    +       "TTv5",
    +       "TT6.a",
    +       "EN-301-549",
    +       "EN-9.4.1.2",
    +       "ACT",
    +     ],
    +   },
    +   Object {
    +     "description": "Ensure the contrast between foreground and background colors meets WCAG 2 AA minimum contrast ratio thresholds",
    +     "help": "Elements must meet minimum color contrast ratio thresholds",
    +     "helpUrl": "https://dequeuniversity.com/rules/axe/4.10/color-contrast?application=playwright",
    +     "id": "color-contrast",
    +     "impact": "serious",
    +     "nodes": Array [
    +       Object {
    +         "all": Array [],
    +         "any": Array [
    +           Object {
    +             "data": Object {
    +               "bgColor": "#e9effd",
    +               "contrastRatio": 4.49,
    +               "expectedContrastRatio": "4.5:1",
    +               "fgColor": "#2463eb",
    +               "fontSize": "12.0pt (16px)",
    +               "fontWeight": "normal",
    +               "messageKey": null,
    +             },
    +             "id": "color-contrast",
    +             "impact": "serious",
    +             "message": "Element has insufficient color contrast of 4.49 (foreground color: #2463eb, background color: #e9effd, font size: 12.0pt (16px), font weight: normal). Expected contrast ratio of 4.5:1",
    +             "relatedNodes": Array [
    +               Object {
    +                 "html": "<button class=\"nav-module-header nav-module-header-active\">",
    +                 "target": Array [
    +                   ".nav-module-header-active",
    +                 ],
    +               },
    +               Object {
    +                 "html": "<aside class=\"sidebar sidebar-hidden\">",
    +                 "target": Array [
    +                   "aside",
    +                 ],
    +               },
    +             ],
    +           },
    +         ],
    +         "failureSummary": "Fix any of the following:
    +   Element has insufficient color contrast of 4.49 (foreground color: #2463eb, background color: #e9effd, font size: 12.0pt (16px), font weight: normal). Expected contrast ratio of 4.5:1",
    +         "html": "<span class=\"nav-module-label\">Products</span>",
    +         "impact": "serious",
    +         "none": Array [],
    +         "target": Array [
    +           ".nav-module-header-active > .nav-module-icon-text > .nav-module-label",
    +         ],
    +       },
    +       Object {
    +         "all": Array [],
    +         "any": Array [
    +           Object {
    +             "data": Object {
    +               "bgColor": "#e9effd",
    +               "contrastRatio": 4.49,
    +               "expectedContrastRatio": "4.5:1",
    +               "fgColor": "#2463eb",
    +               "fontSize": "10.5pt (14px)",
    +               "fontWeight": "normal",
    +               "messageKey": null,
    +             },
    +             "id": "color-contrast",
    +             "impact": "serious",
    +             "message": "Element has insufficient color contrast of 4.49 (foreground color: #2463eb, background color: #e9effd, font size: 10.5pt (14px), font weight: normal). Expected contrast ratio of 4.5:1",
    +             "relatedNodes": Array [
    +               Object {
    +                 "html": "<a class=\"nav-subitem nav-subitem-active\" href=\"/products/catalog\"><span>Catalog</span></a>",
    +                 "target": Array [
    +                   ".nav-subitem-active",
    +                 ],
    +               },
    +               Object {
    +                 "html": "<aside class=\"sidebar sidebar-hidden\">",
    +                 "target": Array [
    +                   "aside",
    +                 ],
    +               },
    +             ],
    +           },
    +         ],
    +         "failureSummary": "Fix any of the following:
    +   Element has insufficient color contrast of 4.49 (foreground color: #2463eb, background color: #e9effd, font size: 10.5pt (14px), font weight: normal). Expected contrast ratio of 4.5:1",
    +         "html": "<span>Catalog</span>",
    +         "impact": "serious",
    +         "none": Array [],
    +         "target": Array [
    +           ".nav-subitem-active > span",
    +         ],
    +       },
    +     ],
    +     "tags": Array [
    +       "cat.color",
    +       "wcag2aa",
    +       "wcag143",
    +       "TTv5",
    +       "TT13.c",
    +       "EN-301-549",
    +       "EN-9.1.4.3",
    +       "ACT",
    +     ],
    +   },
    + ]

      208 |       .analyze();
      209 |
    > 210 |     expect(accessibilityScanResults.violations).toEqual([]);
          |                                                 ^
      211 |   });
      212 |
      213 |   test('Collections - Should have no accessibility violations', async ({ page }) => {
        at /Users/eko3/limn-systems-enterprise/tests/e2e/accessibility/a11y.test.ts:210:49

    attachment #1: screenshot (image/png) ──────────────────────────────────────────────────────────
    ../../test-results/accessibility-a11y-Accessi-517af-no-accessibility-violations-chromium-desktop/test-failed-1.png
    ────────────────────────────────────────────────────────────────────────────────────────────────

    attachment #2: video (video/webm) ──────────────────────────────────────────────────────────────
    ../../test-results/accessibility-a11y-Accessi-517af-no-accessibility-violations-chromium-desktop/video-1.webm
    ────────────────────────────────────────────────────────────────────────────────────────────────

    attachment #3: video (video/webm) ──────────────────────────────────────────────────────────────
    ../../test-results/accessibility-a11y-Accessi-517af-no-accessibility-violations-chromium-desktop/video.webm
    ────────────────────────────────────────────────────────────────────────────────────────────────

    Error Context: ../../test-results/accessibility-a11y-Accessi-517af-no-accessibility-violations-chromium-desktop/error-context.md
]]>
</failure>
<system-out>
<![CDATA[
[[ATTACHMENT|../test-results/accessibility-a11y-Accessi-517af-no-accessibility-violations-chromium-desktop/test-failed-1.png]]

[[ATTACHMENT|../test-results/accessibility-a11y-Accessi-517af-no-accessibility-violations-chromium-desktop/video-1.webm]]

[[ATTACHMENT|../test-results/accessibility-a11y-Accessi-517af-no-accessibility-violations-chromium-desktop/video.webm]]

[[ATTACHMENT|../test-results/accessibility-a11y-Accessi-517af-no-accessibility-violations-chromium-desktop/error-context.md]]
]]>
</system-out>
</testcase>
<testcase name="Accessibility Tests - Products Module › Collections - Should have no accessibility violations" classname="accessibility/a11y.test.ts" time="3.286">
<failure message="a11y.test.ts:213:7 Collections - Should have no accessibility violations" type="FAILURE">
<![CDATA[  [chromium-desktop] › accessibility/a11y.test.ts:213:7 › Accessibility Tests - Products Module › Collections - Should have no accessibility violations 

    Error: expect(received).toEqual(expected) // deep equality

    - Expected  -   1
    + Received  + 264

    - Array []
    + Array [
    +   Object {
    +     "description": "Ensure buttons have discernible text",
    +     "help": "Buttons must have discernible text",
    +     "helpUrl": "https://dequeuniversity.com/rules/axe/4.10/button-name?application=playwright",
    +     "id": "button-name",
    +     "impact": "critical",
    +     "nodes": Array [
    +       Object {
    +         "all": Array [],
    +         "any": Array [
    +           Object {
    +             "data": null,
    +             "id": "button-has-visible-text",
    +             "impact": "critical",
    +             "message": "Element does not have inner text that is visible to screen readers",
    +             "relatedNodes": Array [],
    +           },
    +           Object {
    +             "data": null,
    +             "id": "aria-label",
    +             "impact": "critical",
    +             "message": "aria-label attribute does not exist or is empty",
    +             "relatedNodes": Array [],
    +           },
    +           Object {
    +             "data": null,
    +             "id": "aria-labelledby",
    +             "impact": "critical",
    +             "message": "aria-labelledby attribute does not exist, references elements that do not exist or references elements that are empty",
    +             "relatedNodes": Array [],
    +           },
    +           Object {
    +             "data": Object {
    +               "messageKey": "noAttr",
    +             },
    +             "id": "non-empty-title",
    +             "impact": "critical",
    +             "message": "Element has no title attribute",
    +             "relatedNodes": Array [],
    +           },
    +           Object {
    +             "data": null,
    +             "id": "implicit-label",
    +             "impact": "critical",
    +             "message": "Element does not have an implicit (wrapped) <label>",
    +             "relatedNodes": Array [],
    +           },
    +           Object {
    +             "data": null,
    +             "id": "explicit-label",
    +             "impact": "critical",
    +             "message": "Element does not have an explicit <label>",
    +             "relatedNodes": Array [],
    +           },
    +           Object {
    +             "data": null,
    +             "id": "presentational-role",
    +             "impact": "critical",
    +             "message": "Element's default semantics were not overridden with role=\"none\" or role=\"presentation\"",
    +             "relatedNodes": Array [],
    +           },
    +         ],
    +         "failureSummary": "Fix any of the following:
    +   Element does not have inner text that is visible to screen readers
    +   aria-label attribute does not exist or is empty
    +   aria-labelledby attribute does not exist, references elements that do not exist or references elements that are empty
    +   Element has no title attribute
    +   Element does not have an implicit (wrapped) <label>
    +   Element does not have an explicit <label>
    +   Element's default semantics were not overridden with role=\"none\" or role=\"presentation\"",
    +         "html": "<button class=\"header-icon-button\">",
    +         "impact": "critical",
    +         "none": Array [],
    +         "target": Array [
    +           ".header-icon-button:nth-child(1)",
    +         ],
    +       },
    +       Object {
    +         "all": Array [],
    +         "any": Array [
    +           Object {
    +             "data": null,
    +             "id": "button-has-visible-text",
    +             "impact": "critical",
    +             "message": "Element does not have inner text that is visible to screen readers",
    +             "relatedNodes": Array [],
    +           },
    +           Object {
    +             "data": null,
    +             "id": "aria-label",
    +             "impact": "critical",
    +             "message": "aria-label attribute does not exist or is empty",
    +             "relatedNodes": Array [],
    +           },
    +           Object {
    +             "data": null,
    +             "id": "aria-labelledby",
    +             "impact": "critical",
    +             "message": "aria-labelledby attribute does not exist, references elements that do not exist or references elements that are empty",
    +             "relatedNodes": Array [],
    +           },
    +           Object {
    +             "data": Object {
    +               "messageKey": "noAttr",
    +             },
    +             "id": "non-empty-title",
    +             "impact": "critical",
    +             "message": "Element has no title attribute",
    +             "relatedNodes": Array [],
    +           },
    +           Object {
    +             "data": null,
    +             "id": "implicit-label",
    +             "impact": "critical",
    +             "message": "Element does not have an implicit (wrapped) <label>",
    +             "relatedNodes": Array [],
    +           },
    +           Object {
    +             "data": null,
    +             "id": "explicit-label",
    +             "impact": "critical",
    +             "message": "Element does not have an explicit <label>",
    +             "relatedNodes": Array [],
    +           },
    +           Object {
    +             "data": null,
    +             "id": "presentational-role",
    +             "impact": "critical",
    +             "message": "Element's default semantics were not overridden with role=\"none\" or role=\"presentation\"",
    +             "relatedNodes": Array [],
    +           },
    +         ],
    +         "failureSummary": "Fix any of the following:
    +   Element does not have inner text that is visible to screen readers
    +   aria-label attribute does not exist or is empty
    +   aria-labelledby attribute does not exist, references elements that do not exist or references elements that are empty
    +   Element has no title attribute
    +   Element does not have an implicit (wrapped) <label>
    +   Element does not have an explicit <label>
    +   Element's default semantics were not overridden with role=\"none\" or role=\"presentation\"",
    +         "html": "<button class=\"header-icon-button\">",
    +         "impact": "critical",
    +         "none": Array [],
    +         "target": Array [
    +           ".header-icon-button:nth-child(3)",
    +         ],
    +       },
    +     ],
    +     "tags": Array [
    +       "cat.name-role-value",
    +       "wcag2a",
    +       "wcag412",
    +       "section508",
    +       "section508.22.a",
    +       "TTv5",
    +       "TT6.a",
    +       "EN-301-549",
    +       "EN-9.4.1.2",
    +       "ACT",
    +     ],
    +   },
    +   Object {
    +     "description": "Ensure the contrast between foreground and background colors meets WCAG 2 AA minimum contrast ratio thresholds",
    +     "help": "Elements must meet minimum color contrast ratio thresholds",
    +     "helpUrl": "https://dequeuniversity.com/rules/axe/4.10/color-contrast?application=playwright",
    +     "id": "color-contrast",
    +     "impact": "serious",
    +     "nodes": Array [
    +       Object {
    +         "all": Array [],
    +         "any": Array [
    +           Object {
    +             "data": Object {
    +               "bgColor": "#e9effd",
    +               "contrastRatio": 4.49,
    +               "expectedContrastRatio": "4.5:1",
    +               "fgColor": "#2463eb",
    +               "fontSize": "12.0pt (16px)",
    +               "fontWeight": "normal",
    +               "messageKey": null,
    +             },
    +             "id": "color-contrast",
    +             "impact": "serious",
    +             "message": "Element has insufficient color contrast of 4.49 (foreground color: #2463eb, background color: #e9effd, font size: 12.0pt (16px), font weight: normal). Expected contrast ratio of 4.5:1",
    +             "relatedNodes": Array [
    +               Object {
    +                 "html": "<button class=\"nav-module-header nav-module-header-active\">",
    +                 "target": Array [
    +                   ".nav-module-header-active",
    +                 ],
    +               },
    +               Object {
    +                 "html": "<aside class=\"sidebar sidebar-hidden\">",
    +                 "target": Array [
    +                   "aside",
    +                 ],
    +               },
    +             ],
    +           },
    +         ],
    +         "failureSummary": "Fix any of the following:
    +   Element has insufficient color contrast of 4.49 (foreground color: #2463eb, background color: #e9effd, font size: 12.0pt (16px), font weight: normal). Expected contrast ratio of 4.5:1",
    +         "html": "<span class=\"nav-module-label\">Products</span>",
    +         "impact": "serious",
    +         "none": Array [],
    +         "target": Array [
    +           ".nav-module-header-active > .nav-module-icon-text > .nav-module-label",
    +         ],
    +       },
    +       Object {
    +         "all": Array [],
    +         "any": Array [
    +           Object {
    +             "data": Object {
    +               "bgColor": "#e9effd",
    +               "contrastRatio": 4.49,
    +               "expectedContrastRatio": "4.5:1",
    +               "fgColor": "#2463eb",
    +               "fontSize": "10.5pt (14px)",
    +               "fontWeight": "normal",
    +               "messageKey": null,
    +             },
    +             "id": "color-contrast",
    +             "impact": "serious",
    +             "message": "Element has insufficient color contrast of 4.49 (foreground color: #2463eb, background color: #e9effd, font size: 10.5pt (14px), font weight: normal). Expected contrast ratio of 4.5:1",
    +             "relatedNodes": Array [
    +               Object {
    +                 "html": "<a class=\"nav-subitem nav-subitem-active\" href=\"/products/collections\"><span>Collections</span></a>",
    +                 "target": Array [
    +                   ".nav-subitem-active",
    +                 ],
    +               },
    +               Object {
    +                 "html": "<aside class=\"sidebar sidebar-hidden\">",
    +                 "target": Array [
    +                   "aside",
    +                 ],
    +               },
    +             ],
    +           },
    +         ],
    +         "failureSummary": "Fix any of the following:
    +   Element has insufficient color contrast of 4.49 (foreground color: #2463eb, background color: #e9effd, font size: 10.5pt (14px), font weight: normal). Expected contrast ratio of 4.5:1",
    +         "html": "<span>Collections</span>",
    +         "impact": "serious",
    +         "none": Array [],
    +         "target": Array [
    +           ".nav-subitem-active > span",
    +         ],
    +       },
    +     ],
    +     "tags": Array [
    +       "cat.color",
    +       "wcag2aa",
    +       "wcag143",
    +       "TTv5",
    +       "TT13.c",
    +       "EN-301-549",
    +       "EN-9.1.4.3",
    +       "ACT",
    +     ],
    +   },
    + ]

      218 |       .analyze();
      219 |
    > 220 |     expect(accessibilityScanResults.violations).toEqual([]);
          |                                                 ^
      221 |   });
      222 |
      223 |   test('Concepts - Should have no accessibility violations', async ({ page }) => {
        at /Users/eko3/limn-systems-enterprise/tests/e2e/accessibility/a11y.test.ts:220:49

    attachment #1: screenshot (image/png) ──────────────────────────────────────────────────────────
    ../../test-results/accessibility-a11y-Accessi-d16b4-no-accessibility-violations-chromium-desktop/test-failed-1.png
    ────────────────────────────────────────────────────────────────────────────────────────────────

    attachment #2: video (video/webm) ──────────────────────────────────────────────────────────────
    ../../test-results/accessibility-a11y-Accessi-d16b4-no-accessibility-violations-chromium-desktop/video.webm
    ────────────────────────────────────────────────────────────────────────────────────────────────

    attachment #3: video (video/webm) ──────────────────────────────────────────────────────────────
    ../../test-results/accessibility-a11y-Accessi-d16b4-no-accessibility-violations-chromium-desktop/video-1.webm
    ────────────────────────────────────────────────────────────────────────────────────────────────

    Error Context: ../../test-results/accessibility-a11y-Accessi-d16b4-no-accessibility-violations-chromium-desktop/error-context.md
]]>
</failure>
<system-out>
<![CDATA[
[[ATTACHMENT|../test-results/accessibility-a11y-Accessi-d16b4-no-accessibility-violations-chromium-desktop/test-failed-1.png]]

[[ATTACHMENT|../test-results/accessibility-a11y-Accessi-d16b4-no-accessibility-violations-chromium-desktop/video.webm]]

[[ATTACHMENT|../test-results/accessibility-a11y-Accessi-d16b4-no-accessibility-violations-chromium-desktop/video-1.webm]]

[[ATTACHMENT|../test-results/accessibility-a11y-Accessi-d16b4-no-accessibility-violations-chromium-desktop/error-context.md]]
]]>
</system-out>
</testcase>
<testcase name="Accessibility Tests - Products Module › Concepts - Should have no accessibility violations" classname="accessibility/a11y.test.ts" time="2.044">
<failure message="a11y.test.ts:223:7 Concepts - Should have no accessibility violations" type="FAILURE">
<![CDATA[  [chromium-desktop] › accessibility/a11y.test.ts:223:7 › Accessibility Tests - Products Module › Concepts - Should have no accessibility violations 

    Error: expect(received).toEqual(expected) // deep equality

    - Expected  -   1
    + Received  + 264

    - Array []
    + Array [
    +   Object {
    +     "description": "Ensure buttons have discernible text",
    +     "help": "Buttons must have discernible text",
    +     "helpUrl": "https://dequeuniversity.com/rules/axe/4.10/button-name?application=playwright",
    +     "id": "button-name",
    +     "impact": "critical",
    +     "nodes": Array [
    +       Object {
    +         "all": Array [],
    +         "any": Array [
    +           Object {
    +             "data": null,
    +             "id": "button-has-visible-text",
    +             "impact": "critical",
    +             "message": "Element does not have inner text that is visible to screen readers",
    +             "relatedNodes": Array [],
    +           },
    +           Object {
    +             "data": null,
    +             "id": "aria-label",
    +             "impact": "critical",
    +             "message": "aria-label attribute does not exist or is empty",
    +             "relatedNodes": Array [],
    +           },
    +           Object {
    +             "data": null,
    +             "id": "aria-labelledby",
    +             "impact": "critical",
    +             "message": "aria-labelledby attribute does not exist, references elements that do not exist or references elements that are empty",
    +             "relatedNodes": Array [],
    +           },
    +           Object {
    +             "data": Object {
    +               "messageKey": "noAttr",
    +             },
    +             "id": "non-empty-title",
    +             "impact": "critical",
    +             "message": "Element has no title attribute",
    +             "relatedNodes": Array [],
    +           },
    +           Object {
    +             "data": null,
    +             "id": "implicit-label",
    +             "impact": "critical",
    +             "message": "Element does not have an implicit (wrapped) <label>",
    +             "relatedNodes": Array [],
    +           },
    +           Object {
    +             "data": null,
    +             "id": "explicit-label",
    +             "impact": "critical",
    +             "message": "Element does not have an explicit <label>",
    +             "relatedNodes": Array [],
    +           },
    +           Object {
    +             "data": null,
    +             "id": "presentational-role",
    +             "impact": "critical",
    +             "message": "Element's default semantics were not overridden with role=\"none\" or role=\"presentation\"",
    +             "relatedNodes": Array [],
    +           },
    +         ],
    +         "failureSummary": "Fix any of the following:
    +   Element does not have inner text that is visible to screen readers
    +   aria-label attribute does not exist or is empty
    +   aria-labelledby attribute does not exist, references elements that do not exist or references elements that are empty
    +   Element has no title attribute
    +   Element does not have an implicit (wrapped) <label>
    +   Element does not have an explicit <label>
    +   Element's default semantics were not overridden with role=\"none\" or role=\"presentation\"",
    +         "html": "<button class=\"header-icon-button\">",
    +         "impact": "critical",
    +         "none": Array [],
    +         "target": Array [
    +           ".header-icon-button:nth-child(1)",
    +         ],
    +       },
    +       Object {
    +         "all": Array [],
    +         "any": Array [
    +           Object {
    +             "data": null,
    +             "id": "button-has-visible-text",
    +             "impact": "critical",
    +             "message": "Element does not have inner text that is visible to screen readers",
    +             "relatedNodes": Array [],
    +           },
    +           Object {
    +             "data": null,
    +             "id": "aria-label",
    +             "impact": "critical",
    +             "message": "aria-label attribute does not exist or is empty",
    +             "relatedNodes": Array [],
    +           },
    +           Object {
    +             "data": null,
    +             "id": "aria-labelledby",
    +             "impact": "critical",
    +             "message": "aria-labelledby attribute does not exist, references elements that do not exist or references elements that are empty",
    +             "relatedNodes": Array [],
    +           },
    +           Object {
    +             "data": Object {
    +               "messageKey": "noAttr",
    +             },
    +             "id": "non-empty-title",
    +             "impact": "critical",
    +             "message": "Element has no title attribute",
    +             "relatedNodes": Array [],
    +           },
    +           Object {
    +             "data": null,
    +             "id": "implicit-label",
    +             "impact": "critical",
    +             "message": "Element does not have an implicit (wrapped) <label>",
    +             "relatedNodes": Array [],
    +           },
    +           Object {
    +             "data": null,
    +             "id": "explicit-label",
    +             "impact": "critical",
    +             "message": "Element does not have an explicit <label>",
    +             "relatedNodes": Array [],
    +           },
    +           Object {
    +             "data": null,
    +             "id": "presentational-role",
    +             "impact": "critical",
    +             "message": "Element's default semantics were not overridden with role=\"none\" or role=\"presentation\"",
    +             "relatedNodes": Array [],
    +           },
    +         ],
    +         "failureSummary": "Fix any of the following:
    +   Element does not have inner text that is visible to screen readers
    +   aria-label attribute does not exist or is empty
    +   aria-labelledby attribute does not exist, references elements that do not exist or references elements that are empty
    +   Element has no title attribute
    +   Element does not have an implicit (wrapped) <label>
    +   Element does not have an explicit <label>
    +   Element's default semantics were not overridden with role=\"none\" or role=\"presentation\"",
    +         "html": "<button class=\"header-icon-button\">",
    +         "impact": "critical",
    +         "none": Array [],
    +         "target": Array [
    +           ".header-icon-button:nth-child(3)",
    +         ],
    +       },
    +     ],
    +     "tags": Array [
    +       "cat.name-role-value",
    +       "wcag2a",
    +       "wcag412",
    +       "section508",
    +       "section508.22.a",
    +       "TTv5",
    +       "TT6.a",
    +       "EN-301-549",
    +       "EN-9.4.1.2",
    +       "ACT",
    +     ],
    +   },
    +   Object {
    +     "description": "Ensure the contrast between foreground and background colors meets WCAG 2 AA minimum contrast ratio thresholds",
    +     "help": "Elements must meet minimum color contrast ratio thresholds",
    +     "helpUrl": "https://dequeuniversity.com/rules/axe/4.10/color-contrast?application=playwright",
    +     "id": "color-contrast",
    +     "impact": "serious",
    +     "nodes": Array [
    +       Object {
    +         "all": Array [],
    +         "any": Array [
    +           Object {
    +             "data": Object {
    +               "bgColor": "#e9effd",
    +               "contrastRatio": 4.49,
    +               "expectedContrastRatio": "4.5:1",
    +               "fgColor": "#2463eb",
    +               "fontSize": "12.0pt (16px)",
    +               "fontWeight": "normal",
    +               "messageKey": null,
    +             },
    +             "id": "color-contrast",
    +             "impact": "serious",
    +             "message": "Element has insufficient color contrast of 4.49 (foreground color: #2463eb, background color: #e9effd, font size: 12.0pt (16px), font weight: normal). Expected contrast ratio of 4.5:1",
    +             "relatedNodes": Array [
    +               Object {
    +                 "html": "<button class=\"nav-module-header nav-module-header-active\">",
    +                 "target": Array [
    +                   ".nav-module-header-active",
    +                 ],
    +               },
    +               Object {
    +                 "html": "<aside class=\"sidebar sidebar-hidden\">",
    +                 "target": Array [
    +                   "aside",
    +                 ],
    +               },
    +             ],
    +           },
    +         ],
    +         "failureSummary": "Fix any of the following:
    +   Element has insufficient color contrast of 4.49 (foreground color: #2463eb, background color: #e9effd, font size: 12.0pt (16px), font weight: normal). Expected contrast ratio of 4.5:1",
    +         "html": "<span class=\"nav-module-label\">Products</span>",
    +         "impact": "serious",
    +         "none": Array [],
    +         "target": Array [
    +           ".nav-module-header-active > .nav-module-icon-text > .nav-module-label",
    +         ],
    +       },
    +       Object {
    +         "all": Array [],
    +         "any": Array [
    +           Object {
    +             "data": Object {
    +               "bgColor": "#e9effd",
    +               "contrastRatio": 4.49,
    +               "expectedContrastRatio": "4.5:1",
    +               "fgColor": "#2463eb",
    +               "fontSize": "10.5pt (14px)",
    +               "fontWeight": "normal",
    +               "messageKey": null,
    +             },
    +             "id": "color-contrast",
    +             "impact": "serious",
    +             "message": "Element has insufficient color contrast of 4.49 (foreground color: #2463eb, background color: #e9effd, font size: 10.5pt (14px), font weight: normal). Expected contrast ratio of 4.5:1",
    +             "relatedNodes": Array [
    +               Object {
    +                 "html": "<a class=\"nav-subitem nav-subitem-active\" href=\"/products/concepts\"><span>Concepts</span></a>",
    +                 "target": Array [
    +                   ".nav-subitem-active",
    +                 ],
    +               },
    +               Object {
    +                 "html": "<aside class=\"sidebar sidebar-hidden\">",
    +                 "target": Array [
    +                   "aside",
    +                 ],
    +               },
    +             ],
    +           },
    +         ],
    +         "failureSummary": "Fix any of the following:
    +   Element has insufficient color contrast of 4.49 (foreground color: #2463eb, background color: #e9effd, font size: 10.5pt (14px), font weight: normal). Expected contrast ratio of 4.5:1",
    +         "html": "<span>Concepts</span>",
    +         "impact": "serious",
    +         "none": Array [],
    +         "target": Array [
    +           ".nav-subitem-active > span",
    +         ],
    +       },
    +     ],
    +     "tags": Array [
    +       "cat.color",
    +       "wcag2aa",
    +       "wcag143",
    +       "TTv5",
    +       "TT13.c",
    +       "EN-301-549",
    +       "EN-9.1.4.3",
    +       "ACT",
    +     ],
    +   },
    + ]

      228 |       .analyze();
      229 |
    > 230 |     expect(accessibilityScanResults.violations).toEqual([]);
          |                                                 ^
      231 |   });
      232 |
      233 |   test('Prototypes - Should have no accessibility violations', async ({ page }) => {
        at /Users/eko3/limn-systems-enterprise/tests/e2e/accessibility/a11y.test.ts:230:49

    attachment #1: screenshot (image/png) ──────────────────────────────────────────────────────────
    ../../test-results/accessibility-a11y-Accessi-3a151-no-accessibility-violations-chromium-desktop/test-failed-1.png
    ────────────────────────────────────────────────────────────────────────────────────────────────

    attachment #2: video (video/webm) ──────────────────────────────────────────────────────────────
    ../../test-results/accessibility-a11y-Accessi-3a151-no-accessibility-violations-chromium-desktop/video.webm
    ────────────────────────────────────────────────────────────────────────────────────────────────

    attachment #3: video (video/webm) ──────────────────────────────────────────────────────────────
    ../../test-results/accessibility-a11y-Accessi-3a151-no-accessibility-violations-chromium-desktop/video-1.webm
    ────────────────────────────────────────────────────────────────────────────────────────────────

    Error Context: ../../test-results/accessibility-a11y-Accessi-3a151-no-accessibility-violations-chromium-desktop/error-context.md
]]>
</failure>
<system-out>
<![CDATA[
[[ATTACHMENT|../test-results/accessibility-a11y-Accessi-3a151-no-accessibility-violations-chromium-desktop/test-failed-1.png]]

[[ATTACHMENT|../test-results/accessibility-a11y-Accessi-3a151-no-accessibility-violations-chromium-desktop/video.webm]]

[[ATTACHMENT|../test-results/accessibility-a11y-Accessi-3a151-no-accessibility-violations-chromium-desktop/video-1.webm]]

[[ATTACHMENT|../test-results/accessibility-a11y-Accessi-3a151-no-accessibility-violations-chromium-desktop/error-context.md]]
]]>
</system-out>
</testcase>
<testcase name="Accessibility Tests - Products Module › Prototypes - Should have no accessibility violations" classname="accessibility/a11y.test.ts" time="2.611">
<failure message="a11y.test.ts:233:7 Prototypes - Should have no accessibility violations" type="FAILURE">
<![CDATA[  [chromium-desktop] › accessibility/a11y.test.ts:233:7 › Accessibility Tests - Products Module › Prototypes - Should have no accessibility violations 

    Error: expect(received).toEqual(expected) // deep equality

    - Expected  -   1
    + Received  + 264

    - Array []
    + Array [
    +   Object {
    +     "description": "Ensure buttons have discernible text",
    +     "help": "Buttons must have discernible text",
    +     "helpUrl": "https://dequeuniversity.com/rules/axe/4.10/button-name?application=playwright",
    +     "id": "button-name",
    +     "impact": "critical",
    +     "nodes": Array [
    +       Object {
    +         "all": Array [],
    +         "any": Array [
    +           Object {
    +             "data": null,
    +             "id": "button-has-visible-text",
    +             "impact": "critical",
    +             "message": "Element does not have inner text that is visible to screen readers",
    +             "relatedNodes": Array [],
    +           },
    +           Object {
    +             "data": null,
    +             "id": "aria-label",
    +             "impact": "critical",
    +             "message": "aria-label attribute does not exist or is empty",
    +             "relatedNodes": Array [],
    +           },
    +           Object {
    +             "data": null,
    +             "id": "aria-labelledby",
    +             "impact": "critical",
    +             "message": "aria-labelledby attribute does not exist, references elements that do not exist or references elements that are empty",
    +             "relatedNodes": Array [],
    +           },
    +           Object {
    +             "data": Object {
    +               "messageKey": "noAttr",
    +             },
    +             "id": "non-empty-title",
    +             "impact": "critical",
    +             "message": "Element has no title attribute",
    +             "relatedNodes": Array [],
    +           },
    +           Object {
    +             "data": null,
    +             "id": "implicit-label",
    +             "impact": "critical",
    +             "message": "Element does not have an implicit (wrapped) <label>",
    +             "relatedNodes": Array [],
    +           },
    +           Object {
    +             "data": null,
    +             "id": "explicit-label",
    +             "impact": "critical",
    +             "message": "Element does not have an explicit <label>",
    +             "relatedNodes": Array [],
    +           },
    +           Object {
    +             "data": null,
    +             "id": "presentational-role",
    +             "impact": "critical",
    +             "message": "Element's default semantics were not overridden with role=\"none\" or role=\"presentation\"",
    +             "relatedNodes": Array [],
    +           },
    +         ],
    +         "failureSummary": "Fix any of the following:
    +   Element does not have inner text that is visible to screen readers
    +   aria-label attribute does not exist or is empty
    +   aria-labelledby attribute does not exist, references elements that do not exist or references elements that are empty
    +   Element has no title attribute
    +   Element does not have an implicit (wrapped) <label>
    +   Element does not have an explicit <label>
    +   Element's default semantics were not overridden with role=\"none\" or role=\"presentation\"",
    +         "html": "<button class=\"header-icon-button\">",
    +         "impact": "critical",
    +         "none": Array [],
    +         "target": Array [
    +           ".header-icon-button:nth-child(1)",
    +         ],
    +       },
    +       Object {
    +         "all": Array [],
    +         "any": Array [
    +           Object {
    +             "data": null,
    +             "id": "button-has-visible-text",
    +             "impact": "critical",
    +             "message": "Element does not have inner text that is visible to screen readers",
    +             "relatedNodes": Array [],
    +           },
    +           Object {
    +             "data": null,
    +             "id": "aria-label",
    +             "impact": "critical",
    +             "message": "aria-label attribute does not exist or is empty",
    +             "relatedNodes": Array [],
    +           },
    +           Object {
    +             "data": null,
    +             "id": "aria-labelledby",
    +             "impact": "critical",
    +             "message": "aria-labelledby attribute does not exist, references elements that do not exist or references elements that are empty",
    +             "relatedNodes": Array [],
    +           },
    +           Object {
    +             "data": Object {
    +               "messageKey": "noAttr",
    +             },
    +             "id": "non-empty-title",
    +             "impact": "critical",
    +             "message": "Element has no title attribute",
    +             "relatedNodes": Array [],
    +           },
    +           Object {
    +             "data": null,
    +             "id": "implicit-label",
    +             "impact": "critical",
    +             "message": "Element does not have an implicit (wrapped) <label>",
    +             "relatedNodes": Array [],
    +           },
    +           Object {
    +             "data": null,
    +             "id": "explicit-label",
    +             "impact": "critical",
    +             "message": "Element does not have an explicit <label>",
    +             "relatedNodes": Array [],
    +           },
    +           Object {
    +             "data": null,
    +             "id": "presentational-role",
    +             "impact": "critical",
    +             "message": "Element's default semantics were not overridden with role=\"none\" or role=\"presentation\"",
    +             "relatedNodes": Array [],
    +           },
    +         ],
    +         "failureSummary": "Fix any of the following:
    +   Element does not have inner text that is visible to screen readers
    +   aria-label attribute does not exist or is empty
    +   aria-labelledby attribute does not exist, references elements that do not exist or references elements that are empty
    +   Element has no title attribute
    +   Element does not have an implicit (wrapped) <label>
    +   Element does not have an explicit <label>
    +   Element's default semantics were not overridden with role=\"none\" or role=\"presentation\"",
    +         "html": "<button class=\"header-icon-button\">",
    +         "impact": "critical",
    +         "none": Array [],
    +         "target": Array [
    +           ".header-icon-button:nth-child(3)",
    +         ],
    +       },
    +     ],
    +     "tags": Array [
    +       "cat.name-role-value",
    +       "wcag2a",
    +       "wcag412",
    +       "section508",
    +       "section508.22.a",
    +       "TTv5",
    +       "TT6.a",
    +       "EN-301-549",
    +       "EN-9.4.1.2",
    +       "ACT",
    +     ],
    +   },
    +   Object {
    +     "description": "Ensure the contrast between foreground and background colors meets WCAG 2 AA minimum contrast ratio thresholds",
    +     "help": "Elements must meet minimum color contrast ratio thresholds",
    +     "helpUrl": "https://dequeuniversity.com/rules/axe/4.10/color-contrast?application=playwright",
    +     "id": "color-contrast",
    +     "impact": "serious",
    +     "nodes": Array [
    +       Object {
    +         "all": Array [],
    +         "any": Array [
    +           Object {
    +             "data": Object {
    +               "bgColor": "#e9effd",
    +               "contrastRatio": 4.49,
    +               "expectedContrastRatio": "4.5:1",
    +               "fgColor": "#2463eb",
    +               "fontSize": "12.0pt (16px)",
    +               "fontWeight": "normal",
    +               "messageKey": null,
    +             },
    +             "id": "color-contrast",
    +             "impact": "serious",
    +             "message": "Element has insufficient color contrast of 4.49 (foreground color: #2463eb, background color: #e9effd, font size: 12.0pt (16px), font weight: normal). Expected contrast ratio of 4.5:1",
    +             "relatedNodes": Array [
    +               Object {
    +                 "html": "<button class=\"nav-module-header nav-module-header-active\">",
    +                 "target": Array [
    +                   ".nav-module-header-active",
    +                 ],
    +               },
    +               Object {
    +                 "html": "<aside class=\"sidebar sidebar-hidden\">",
    +                 "target": Array [
    +                   "aside",
    +                 ],
    +               },
    +             ],
    +           },
    +         ],
    +         "failureSummary": "Fix any of the following:
    +   Element has insufficient color contrast of 4.49 (foreground color: #2463eb, background color: #e9effd, font size: 12.0pt (16px), font weight: normal). Expected contrast ratio of 4.5:1",
    +         "html": "<span class=\"nav-module-label\">Products</span>",
    +         "impact": "serious",
    +         "none": Array [],
    +         "target": Array [
    +           ".nav-module-header-active > .nav-module-icon-text > .nav-module-label",
    +         ],
    +       },
    +       Object {
    +         "all": Array [],
    +         "any": Array [
    +           Object {
    +             "data": Object {
    +               "bgColor": "#e9effd",
    +               "contrastRatio": 4.49,
    +               "expectedContrastRatio": "4.5:1",
    +               "fgColor": "#2463eb",
    +               "fontSize": "10.5pt (14px)",
    +               "fontWeight": "normal",
    +               "messageKey": null,
    +             },
    +             "id": "color-contrast",
    +             "impact": "serious",
    +             "message": "Element has insufficient color contrast of 4.49 (foreground color: #2463eb, background color: #e9effd, font size: 10.5pt (14px), font weight: normal). Expected contrast ratio of 4.5:1",
    +             "relatedNodes": Array [
    +               Object {
    +                 "html": "<a class=\"nav-subitem nav-subitem-active\" href=\"/products/prototypes\"><span>Prototypes</span></a>",
    +                 "target": Array [
    +                   ".nav-subitem-active",
    +                 ],
    +               },
    +               Object {
    +                 "html": "<aside class=\"sidebar sidebar-hidden\">",
    +                 "target": Array [
    +                   "aside",
    +                 ],
    +               },
    +             ],
    +           },
    +         ],
    +         "failureSummary": "Fix any of the following:
    +   Element has insufficient color contrast of 4.49 (foreground color: #2463eb, background color: #e9effd, font size: 10.5pt (14px), font weight: normal). Expected contrast ratio of 4.5:1",
    +         "html": "<span>Prototypes</span>",
    +         "impact": "serious",
    +         "none": Array [],
    +         "target": Array [
    +           ".nav-subitem-active > span",
    +         ],
    +       },
    +     ],
    +     "tags": Array [
    +       "cat.color",
    +       "wcag2aa",
    +       "wcag143",
    +       "TTv5",
    +       "TT13.c",
    +       "EN-301-549",
    +       "EN-9.1.4.3",
    +       "ACT",
    +     ],
    +   },
    + ]

      238 |       .analyze();
      239 |
    > 240 |     expect(accessibilityScanResults.violations).toEqual([]);
          |                                                 ^
      241 |   });
      242 | });
      243 |
        at /Users/eko3/limn-systems-enterprise/tests/e2e/accessibility/a11y.test.ts:240:49

    attachment #1: screenshot (image/png) ──────────────────────────────────────────────────────────
    ../../test-results/accessibility-a11y-Accessi-03c95-no-accessibility-violations-chromium-desktop/test-failed-1.png
    ────────────────────────────────────────────────────────────────────────────────────────────────

    attachment #2: video (video/webm) ──────────────────────────────────────────────────────────────
    ../../test-results/accessibility-a11y-Accessi-03c95-no-accessibility-violations-chromium-desktop/video-1.webm
    ────────────────────────────────────────────────────────────────────────────────────────────────

    attachment #3: video (video/webm) ──────────────────────────────────────────────────────────────
    ../../test-results/accessibility-a11y-Accessi-03c95-no-accessibility-violations-chromium-desktop/video.webm
    ────────────────────────────────────────────────────────────────────────────────────────────────

    Error Context: ../../test-results/accessibility-a11y-Accessi-03c95-no-accessibility-violations-chromium-desktop/error-context.md
]]>
</failure>
<system-out>
<![CDATA[
[[ATTACHMENT|../test-results/accessibility-a11y-Accessi-03c95-no-accessibility-violations-chromium-desktop/test-failed-1.png]]

[[ATTACHMENT|../test-results/accessibility-a11y-Accessi-03c95-no-accessibility-violations-chromium-desktop/video-1.webm]]

[[ATTACHMENT|../test-results/accessibility-a11y-Accessi-03c95-no-accessibility-violations-chromium-desktop/video.webm]]

[[ATTACHMENT|../test-results/accessibility-a11y-Accessi-03c95-no-accessibility-violations-chromium-desktop/error-context.md]]
]]>
</system-out>
</testcase>
<testcase name="Accessibility Tests - Projects &amp; Tasks › Projects List - Should have no accessibility violations" classname="accessibility/a11y.test.ts" time="2.224">
<failure message="a11y.test.ts:245:7 Projects List - Should have no accessibility violations" type="FAILURE">
<![CDATA[  [chromium-desktop] › accessibility/a11y.test.ts:245:7 › Accessibility Tests - Projects & Tasks › Projects List - Should have no accessibility violations 

    Error: expect(received).toEqual(expected) // deep equality

    - Expected  -  1
    + Received  + 56

    - Array []
    + Array [
    +   Object {
    +     "description": "Ensure the contrast between foreground and background colors meets WCAG 2 AA minimum contrast ratio thresholds",
    +     "help": "Elements must meet minimum color contrast ratio thresholds",
    +     "helpUrl": "https://dequeuniversity.com/rules/axe/4.10/color-contrast?application=playwright",
    +     "id": "color-contrast",
    +     "impact": "serious",
    +     "nodes": Array [
    +       Object {
    +         "all": Array [],
    +         "any": Array [
    +           Object {
    +             "data": Object {
    +               "bgColor": "#3b82f6",
    +               "contrastRatio": 4.11,
    +               "expectedContrastRatio": "4.5:1",
    +               "fgColor": "#262626",
    +               "fontSize": "12.0pt (16px)",
    +               "fontWeight": "normal",
    +               "messageKey": null,
    +             },
    +             "id": "color-contrast",
    +             "impact": "serious",
    +             "message": "Element has insufficient color contrast of 4.11 (foreground color: #262626, background color: #3b82f6, font size: 12.0pt (16px), font weight: normal). Expected contrast ratio of 4.5:1",
    +             "relatedNodes": Array [
    +               Object {
    +                 "html": "<a href=\"/\" class=\"inline-block bg-blue-500 hover:bg-blue-600 text-foreground px-6 py-3 rounded-lg font-medium transition-colors\">Go Home</a>",
    +                 "target": Array [
    +                   "a",
    +                 ],
    +               },
    +             ],
    +           },
    +         ],
    +         "failureSummary": "Fix any of the following:
    +   Element has insufficient color contrast of 4.11 (foreground color: #262626, background color: #3b82f6, font size: 12.0pt (16px), font weight: normal). Expected contrast ratio of 4.5:1",
    +         "html": "<a href=\"/\" class=\"inline-block bg-blue-500 hover:bg-blue-600 text-foreground px-6 py-3 rounded-lg font-medium transition-colors\">Go Home</a>",
    +         "impact": "serious",
    +         "none": Array [],
    +         "target": Array [
    +           "a",
    +         ],
    +       },
    +     ],
    +     "tags": Array [
    +       "cat.color",
    +       "wcag2aa",
    +       "wcag143",
    +       "TTv5",
    +       "TT13.c",
    +       "EN-301-549",
    +       "EN-9.1.4.3",
    +       "ACT",
    +     ],
    +   },
    + ]

      250 |       .analyze();
      251 |
    > 252 |     expect(accessibilityScanResults.violations).toEqual([]);
          |                                                 ^
      253 |   });
      254 |
      255 |   test('Tasks List - Should have no accessibility violations', async ({ page }) => {
        at /Users/eko3/limn-systems-enterprise/tests/e2e/accessibility/a11y.test.ts:252:49

    attachment #1: screenshot (image/png) ──────────────────────────────────────────────────────────
    ../../test-results/accessibility-a11y-Accessi-21cde-no-accessibility-violations-chromium-desktop/test-failed-1.png
    ────────────────────────────────────────────────────────────────────────────────────────────────

    attachment #2: video (video/webm) ──────────────────────────────────────────────────────────────
    ../../test-results/accessibility-a11y-Accessi-21cde-no-accessibility-violations-chromium-desktop/video-1.webm
    ────────────────────────────────────────────────────────────────────────────────────────────────

    attachment #3: video (video/webm) ──────────────────────────────────────────────────────────────
    ../../test-results/accessibility-a11y-Accessi-21cde-no-accessibility-violations-chromium-desktop/video.webm
    ────────────────────────────────────────────────────────────────────────────────────────────────

    Error Context: ../../test-results/accessibility-a11y-Accessi-21cde-no-accessibility-violations-chromium-desktop/error-context.md
]]>
</failure>
<system-out>
<![CDATA[
[[ATTACHMENT|../test-results/accessibility-a11y-Accessi-21cde-no-accessibility-violations-chromium-desktop/test-failed-1.png]]

[[ATTACHMENT|../test-results/accessibility-a11y-Accessi-21cde-no-accessibility-violations-chromium-desktop/video-1.webm]]

[[ATTACHMENT|../test-results/accessibility-a11y-Accessi-21cde-no-accessibility-violations-chromium-desktop/video.webm]]

[[ATTACHMENT|../test-results/accessibility-a11y-Accessi-21cde-no-accessibility-violations-chromium-desktop/error-context.md]]
]]>
</system-out>
</testcase>
<testcase name="Accessibility Tests - Projects &amp; Tasks › Tasks List - Should have no accessibility violations" classname="accessibility/a11y.test.ts" time="3.571">
<failure message="a11y.test.ts:255:7 Tasks List - Should have no accessibility violations" type="FAILURE">
<![CDATA[  [chromium-desktop] › accessibility/a11y.test.ts:255:7 › Accessibility Tests - Projects & Tasks › Tasks List - Should have no accessibility violations 

    Error: expect(received).toEqual(expected) // deep equality

    - Expected  -   1
    + Received  + 474

    - Array []
    + Array [
    +   Object {
    +     "description": "Ensure buttons have discernible text",
    +     "help": "Buttons must have discernible text",
    +     "helpUrl": "https://dequeuniversity.com/rules/axe/4.10/button-name?application=playwright",
    +     "id": "button-name",
    +     "impact": "critical",
    +     "nodes": Array [
    +       Object {
    +         "all": Array [],
    +         "any": Array [
    +           Object {
    +             "data": null,
    +             "id": "button-has-visible-text",
    +             "impact": "critical",
    +             "message": "Element does not have inner text that is visible to screen readers",
    +             "relatedNodes": Array [],
    +           },
    +           Object {
    +             "data": null,
    +             "id": "aria-label",
    +             "impact": "critical",
    +             "message": "aria-label attribute does not exist or is empty",
    +             "relatedNodes": Array [],
    +           },
    +           Object {
    +             "data": null,
    +             "id": "aria-labelledby",
    +             "impact": "critical",
    +             "message": "aria-labelledby attribute does not exist, references elements that do not exist or references elements that are empty",
    +             "relatedNodes": Array [],
    +           },
    +           Object {
    +             "data": Object {
    +               "messageKey": "noAttr",
    +             },
    +             "id": "non-empty-title",
    +             "impact": "critical",
    +             "message": "Element has no title attribute",
    +             "relatedNodes": Array [],
    +           },
    +           Object {
    +             "data": null,
    +             "id": "implicit-label",
    +             "impact": "critical",
    +             "message": "Element does not have an implicit (wrapped) <label>",
    +             "relatedNodes": Array [],
    +           },
    +           Object {
    +             "data": null,
    +             "id": "explicit-label",
    +             "impact": "critical",
    +             "message": "Element does not have an explicit <label>",
    +             "relatedNodes": Array [],
    +           },
    +           Object {
    +             "data": null,
    +             "id": "presentational-role",
    +             "impact": "critical",
    +             "message": "Element's default semantics were not overridden with role=\"none\" or role=\"presentation\"",
    +             "relatedNodes": Array [],
    +           },
    +         ],
    +         "failureSummary": "Fix any of the following:
    +   Element does not have inner text that is visible to screen readers
    +   aria-label attribute does not exist or is empty
    +   aria-labelledby attribute does not exist, references elements that do not exist or references elements that are empty
    +   Element has no title attribute
    +   Element does not have an implicit (wrapped) <label>
    +   Element does not have an explicit <label>
    +   Element's default semantics were not overridden with role=\"none\" or role=\"presentation\"",
    +         "html": "<button class=\"header-icon-button\">",
    +         "impact": "critical",
    +         "none": Array [],
    +         "target": Array [
    +           ".header-icon-button:nth-child(1)",
    +         ],
    +       },
    +       Object {
    +         "all": Array [],
    +         "any": Array [
    +           Object {
    +             "data": null,
    +             "id": "button-has-visible-text",
    +             "impact": "critical",
    +             "message": "Element does not have inner text that is visible to screen readers",
    +             "relatedNodes": Array [],
    +           },
    +           Object {
    +             "data": null,
    +             "id": "aria-label",
    +             "impact": "critical",
    +             "message": "aria-label attribute does not exist or is empty",
    +             "relatedNodes": Array [],
    +           },
    +           Object {
    +             "data": null,
    +             "id": "aria-labelledby",
    +             "impact": "critical",
    +             "message": "aria-labelledby attribute does not exist, references elements that do not exist or references elements that are empty",
    +             "relatedNodes": Array [],
    +           },
    +           Object {
    +             "data": Object {
    +               "messageKey": "noAttr",
    +             },
    +             "id": "non-empty-title",
    +             "impact": "critical",
    +             "message": "Element has no title attribute",
    +             "relatedNodes": Array [],
    +           },
    +           Object {
    +             "data": null,
    +             "id": "implicit-label",
    +             "impact": "critical",
    +             "message": "Element does not have an implicit (wrapped) <label>",
    +             "relatedNodes": Array [],
    +           },
    +           Object {
    +             "data": null,
    +             "id": "explicit-label",
    +             "impact": "critical",
    +             "message": "Element does not have an explicit <label>",
    +             "relatedNodes": Array [],
    +           },
    +           Object {
    +             "data": null,
    +             "id": "presentational-role",
    +             "impact": "critical",
    +             "message": "Element's default semantics were not overridden with role=\"none\" or role=\"presentation\"",
    +             "relatedNodes": Array [],
    +           },
    +         ],
    +         "failureSummary": "Fix any of the following:
    +   Element does not have inner text that is visible to screen readers
    +   aria-label attribute does not exist or is empty
    +   aria-labelledby attribute does not exist, references elements that do not exist or references elements that are empty
    +   Element has no title attribute
    +   Element does not have an implicit (wrapped) <label>
    +   Element does not have an explicit <label>
    +   Element's default semantics were not overridden with role=\"none\" or role=\"presentation\"",
    +         "html": "<button class=\"header-icon-button\">",
    +         "impact": "critical",
    +         "none": Array [],
    +         "target": Array [
    +           ".header-icon-button:nth-child(3)",
    +         ],
    +       },
    +       Object {
    +         "all": Array [],
    +         "any": Array [
    +           Object {
    +             "data": null,
    +             "id": "button-has-visible-text",
    +             "impact": "critical",
    +             "message": "Element does not have inner text that is visible to screen readers",
    +             "relatedNodes": Array [],
    +           },
    +           Object {
    +             "data": null,
    +             "id": "aria-label",
    +             "impact": "critical",
    +             "message": "aria-label attribute does not exist or is empty",
    +             "relatedNodes": Array [],
    +           },
    +           Object {
    +             "data": null,
    +             "id": "aria-labelledby",
    +             "impact": "critical",
    +             "message": "aria-labelledby attribute does not exist, references elements that do not exist or references elements that are empty",
    +             "relatedNodes": Array [],
    +           },
    +           Object {
    +             "data": Object {
    +               "messageKey": "noAttr",
    +             },
    +             "id": "non-empty-title",
    +             "impact": "critical",
    +             "message": "Element has no title attribute",
    +             "relatedNodes": Array [],
    +           },
    +           Object {
    +             "data": null,
    +             "id": "implicit-label",
    +             "impact": "critical",
    +             "message": "Element does not have an implicit (wrapped) <label>",
    +             "relatedNodes": Array [],
    +           },
    +           Object {
    +             "data": null,
    +             "id": "explicit-label",
    +             "impact": "critical",
    +             "message": "Element does not have an explicit <label>",
    +             "relatedNodes": Array [],
    +           },
    +           Object {
    +             "data": null,
    +             "id": "presentational-role",
    +             "impact": "critical",
    +             "message": "Element's default semantics were not overridden with role=\"none\" or role=\"presentation\"",
    +             "relatedNodes": Array [],
    +           },
    +         ],
    +         "failureSummary": "Fix any of the following:
    +   Element does not have inner text that is visible to screen readers
    +   aria-label attribute does not exist or is empty
    +   aria-labelledby attribute does not exist, references elements that do not exist or references elements that are empty
    +   Element has no title attribute
    +   Element does not have an implicit (wrapped) <label>
    +   Element does not have an explicit <label>
    +   Element's default semantics were not overridden with role=\"none\" or role=\"presentation\"",
    +         "html": "<button type=\"button\" role=\"combobox\" aria-controls=\"radix-_R_aeatqkndlb_\" aria-expanded=\"false\" aria-autocomplete=\"none\" dir=\"ltr\" data-state=\"closed\" class=\"flex h-auto min-h-9 w-full items-center justify-between whitespace-nowrap rounded-md border border-input bg-transparent px-3 py-2 text-sm shadow-sm ring-offset-background data-[placeholder]:text-muted-foreground focus:outline-none focus:ring-1 focus:ring-ring disabled:cursor-not-allowed disabled:opacity-50 overflow-visible filter-select\">",
    +         "impact": "critical",
    +         "none": Array [],
    +         "target": Array [
    +           "button[aria-controls=\"radix-_R_aeatqkndlb_\"]",
    +         ],
    +       },
    +       Object {
    +         "all": Array [],
    +         "any": Array [
    +           Object {
    +             "data": null,
    +             "id": "button-has-visible-text",
    +             "impact": "critical",
    +             "message": "Element does not have inner text that is visible to screen readers",
    +             "relatedNodes": Array [],
    +           },
    +           Object {
    +             "data": null,
    +             "id": "aria-label",
    +             "impact": "critical",
    +             "message": "aria-label attribute does not exist or is empty",
    +             "relatedNodes": Array [],
    +           },
    +           Object {
    +             "data": null,
    +             "id": "aria-labelledby",
    +             "impact": "critical",
    +             "message": "aria-labelledby attribute does not exist, references elements that do not exist or references elements that are empty",
    +             "relatedNodes": Array [],
    +           },
    +           Object {
    +             "data": Object {
    +               "messageKey": "noAttr",
    +             },
    +             "id": "non-empty-title",
    +             "impact": "critical",
    +             "message": "Element has no title attribute",
    +             "relatedNodes": Array [],
    +           },
    +           Object {
    +             "data": null,
    +             "id": "implicit-label",
    +             "impact": "critical",
    +             "message": "Element does not have an implicit (wrapped) <label>",
    +             "relatedNodes": Array [],
    +           },
    +           Object {
    +             "data": null,
    +             "id": "explicit-label",
    +             "impact": "critical",
    +             "message": "Element does not have an explicit <label>",
    +             "relatedNodes": Array [],
    +           },
    +           Object {
    +             "data": null,
    +             "id": "presentational-role",
    +             "impact": "critical",
    +             "message": "Element's default semantics were not overridden with role=\"none\" or role=\"presentation\"",
    +             "relatedNodes": Array [],
    +           },
    +         ],
    +         "failureSummary": "Fix any of the following:
    +   Element does not have inner text that is visible to screen readers
    +   aria-label attribute does not exist or is empty
    +   aria-labelledby attribute does not exist, references elements that do not exist or references elements that are empty
    +   Element has no title attribute
    +   Element does not have an implicit (wrapped) <label>
    +   Element does not have an explicit <label>
    +   Element's default semantics were not overridden with role=\"none\" or role=\"presentation\"",
    +         "html": "<button type=\"button\" role=\"combobox\" aria-controls=\"radix-_R_eeatqkndlb_\" aria-expanded=\"false\" aria-autocomplete=\"none\" dir=\"ltr\" data-state=\"closed\" class=\"flex h-auto min-h-9 w-full items-center justify-between whitespace-nowrap rounded-md border border-input bg-transparent px-3 py-2 text-sm shadow-sm ring-offset-background data-[placeholder]:text-muted-foreground focus:outline-none focus:ring-1 focus:ring-ring disabled:cursor-not-allowed disabled:opacity-50 overflow-visible filter-select\">",
    +         "impact": "critical",
    +         "none": Array [],
    +         "target": Array [
    +           "button[aria-controls=\"radix-_R_eeatqkndlb_\"]",
    +         ],
    +       },
    +       Object {
    +         "all": Array [],
    +         "any": Array [
    +           Object {
    +             "data": null,
    +             "id": "button-has-visible-text",
    +             "impact": "critical",
    +             "message": "Element does not have inner text that is visible to screen readers",
    +             "relatedNodes": Array [],
    +           },
    +           Object {
    +             "data": null,
    +             "id": "aria-label",
    +             "impact": "critical",
    +             "message": "aria-label attribute does not exist or is empty",
    +             "relatedNodes": Array [],
    +           },
    +           Object {
    +             "data": null,
    +             "id": "aria-labelledby",
    +             "impact": "critical",
    +             "message": "aria-labelledby attribute does not exist, references elements that do not exist or references elements that are empty",
    +             "relatedNodes": Array [],
    +           },
    +           Object {
    +             "data": Object {
    +               "messageKey": "noAttr",
    +             },
    +             "id": "non-empty-title",
    +             "impact": "critical",
    +             "message": "Element has no title attribute",
    +             "relatedNodes": Array [],
    +           },
    +           Object {
    +             "data": null,
    +             "id": "implicit-label",
    +             "impact": "critical",
    +             "message": "Element does not have an implicit (wrapped) <label>",
    +             "relatedNodes": Array [],
    +           },
    +           Object {
    +             "data": null,
    +             "id": "explicit-label",
    +             "impact": "critical",
    +             "message": "Element does not have an explicit <label>",
    +             "relatedNodes": Array [],
    +           },
    +           Object {
    +             "data": null,
    +             "id": "presentational-role",
    +             "impact": "critical",
    +             "message": "Element's default semantics were not overridden with role=\"none\" or role=\"presentation\"",
    +             "relatedNodes": Array [],
    +           },
    +         ],
    +         "failureSummary": "Fix any of the following:
    +   Element does not have inner text that is visible to screen readers
    +   aria-label attribute does not exist or is empty
    +   aria-labelledby attribute does not exist, references elements that do not exist or references elements that are empty
    +   Element has no title attribute
    +   Element does not have an implicit (wrapped) <label>
    +   Element does not have an explicit <label>
    +   Element's default semantics were not overridden with role=\"none\" or role=\"presentation\"",
    +         "html": "<button type=\"button\" role=\"combobox\" aria-controls=\"radix-_R_ieatqkndlb_\" aria-expanded=\"false\" aria-autocomplete=\"none\" dir=\"ltr\" data-state=\"closed\" class=\"flex h-auto min-h-9 w-full items-center justify-between whitespace-nowrap rounded-md border border-input bg-transparent px-3 py-2 text-sm shadow-sm ring-offset-background data-[placeholder]:text-muted-foreground focus:outline-none focus:ring-1 focus:ring-ring disabled:cursor-not-allowed disabled:opacity-50 overflow-visible filter-select\">",
    +         "impact": "critical",
    +         "none": Array [],
    +         "target": Array [
    +           "button[aria-controls=\"radix-_R_ieatqkndlb_\"]",
    +         ],
    +       },
    +     ],
    +     "tags": Array [
    +       "cat.name-role-value",
    +       "wcag2a",
    +       "wcag412",
    +       "section508",
    +       "section508.22.a",
    +       "TTv5",
    +       "TT6.a",
    +       "EN-301-549",
    +       "EN-9.4.1.2",
    +       "ACT",
    +     ],
    +   },
    +   Object {
    +     "description": "Ensure the contrast between foreground and background colors meets WCAG 2 AA minimum contrast ratio thresholds",
    +     "help": "Elements must meet minimum color contrast ratio thresholds",
    +     "helpUrl": "https://dequeuniversity.com/rules/axe/4.10/color-contrast?application=playwright",
    +     "id": "color-contrast",
    +     "impact": "serious",
    +     "nodes": Array [
    +       Object {
    +         "all": Array [],
    +         "any": Array [
    +           Object {
    +             "data": Object {
    +               "bgColor": "#e9effd",
    +               "contrastRatio": 4.49,
    +               "expectedContrastRatio": "4.5:1",
    +               "fgColor": "#2463eb",
    +               "fontSize": "12.0pt (16px)",
    +               "fontWeight": "normal",
    +               "messageKey": null,
    +             },
    +             "id": "color-contrast",
    +             "impact": "serious",
    +             "message": "Element has insufficient color contrast of 4.49 (foreground color: #2463eb, background color: #e9effd, font size: 12.0pt (16px), font weight: normal). Expected contrast ratio of 4.5:1",
    +             "relatedNodes": Array [
    +               Object {
    +                 "html": "<button class=\"nav-module-header nav-module-header-active\">",
    +                 "target": Array [
    +                   ".nav-module-header-active",
    +                 ],
    +               },
    +               Object {
    +                 "html": "<aside class=\"sidebar sidebar-hidden\">",
    +                 "target": Array [
    +                   "aside",
    +                 ],
    +               },
    +             ],
    +           },
    +         ],
    +         "failureSummary": "Fix any of the following:
    +   Element has insufficient color contrast of 4.49 (foreground color: #2463eb, background color: #e9effd, font size: 12.0pt (16px), font weight: normal). Expected contrast ratio of 4.5:1",
    +         "html": "<span class=\"nav-module-label\">Tasks</span>",
    +         "impact": "serious",
    +         "none": Array [],
    +         "target": Array [
    +           ".nav-module-header-active > .nav-module-icon-text > .nav-module-label",
    +         ],
    +       },
    +       Object {
    +         "all": Array [],
    +         "any": Array [
    +           Object {
    +             "data": Object {
    +               "bgColor": "#e9effd",
    +               "contrastRatio": 4.49,
    +               "expectedContrastRatio": "4.5:1",
    +               "fgColor": "#2463eb",
    +               "fontSize": "10.5pt (14px)",
    +               "fontWeight": "normal",
    +               "messageKey": null,
    +             },
    +             "id": "color-contrast",
    +             "impact": "serious",
    +             "message": "Element has insufficient color contrast of 4.49 (foreground color: #2463eb, background color: #e9effd, font size: 10.5pt (14px), font weight: normal). Expected contrast ratio of 4.5:1",
    +             "relatedNodes": Array [
    +               Object {
    +                 "html": "<a class=\"nav-subitem nav-subitem-active\" href=\"/tasks\"><span>All Tasks</span></a>",
    +                 "target": Array [
    +                   ".nav-subitem-active",
    +                 ],
    +               },
    +               Object {
    +                 "html": "<aside class=\"sidebar sidebar-hidden\">",
    +                 "target": Array [
    +                   "aside",
    +                 ],
    +               },
    +             ],
    +           },
    +         ],
    +         "failureSummary": "Fix any of the following:
    +   Element has insufficient color contrast of 4.49 (foreground color: #2463eb, background color: #e9effd, font size: 10.5pt (14px), font weight: normal). Expected contrast ratio of 4.5:1",
    +         "html": "<span>All Tasks</span>",
    +         "impact": "serious",
    +         "none": Array [],
    +         "target": Array [
    +           ".nav-subitem-active > span",
    +         ],
    +       },
    +     ],
    +     "tags": Array [
    +       "cat.color",
    +       "wcag2aa",
    +       "wcag143",
    +       "TTv5",
    +       "TT13.c",
    +       "EN-301-549",
    +       "EN-9.1.4.3",
    +       "ACT",
    +     ],
    +   },
    + ]

      260 |       .analyze();
      261 |
    > 262 |     expect(accessibilityScanResults.violations).toEqual([]);
          |                                                 ^
      263 |   });
      264 | });
      265 |
        at /Users/eko3/limn-systems-enterprise/tests/e2e/accessibility/a11y.test.ts:262:49

    attachment #1: screenshot (image/png) ──────────────────────────────────────────────────────────
    ../../test-results/accessibility-a11y-Accessi-8a577-no-accessibility-violations-chromium-desktop/test-failed-1.png
    ────────────────────────────────────────────────────────────────────────────────────────────────

    attachment #2: video (video/webm) ──────────────────────────────────────────────────────────────
    ../../test-results/accessibility-a11y-Accessi-8a577-no-accessibility-violations-chromium-desktop/video.webm
    ────────────────────────────────────────────────────────────────────────────────────────────────

    attachment #3: video (video/webm) ──────────────────────────────────────────────────────────────
    ../../test-results/accessibility-a11y-Accessi-8a577-no-accessibility-violations-chromium-desktop/video-1.webm
    ────────────────────────────────────────────────────────────────────────────────────────────────

    Error Context: ../../test-results/accessibility-a11y-Accessi-8a577-no-accessibility-violations-chromium-desktop/error-context.md
]]>
</failure>
<system-out>
<![CDATA[
[[ATTACHMENT|../test-results/accessibility-a11y-Accessi-8a577-no-accessibility-violations-chromium-desktop/test-failed-1.png]]

[[ATTACHMENT|../test-results/accessibility-a11y-Accessi-8a577-no-accessibility-violations-chromium-desktop/video.webm]]

[[ATTACHMENT|../test-results/accessibility-a11y-Accessi-8a577-no-accessibility-violations-chromium-desktop/video-1.webm]]

[[ATTACHMENT|../test-results/accessibility-a11y-Accessi-8a577-no-accessibility-violations-chromium-desktop/error-context.md]]
]]>
</system-out>
</testcase>
<testcase name="Accessibility Tests - Design Module › Design Projects - Should have no accessibility violations" classname="accessibility/a11y.test.ts" time="8.264">
<failure message="a11y.test.ts:267:7 Design Projects - Should have no accessibility violations" type="FAILURE">
<![CDATA[  [chromium-desktop] › accessibility/a11y.test.ts:267:7 › Accessibility Tests - Design Module › Design Projects - Should have no accessibility violations 

    Error: expect(received).toEqual(expected) // deep equality

    - Expected  -   1
    + Received  + 264

    - Array []
    + Array [
    +   Object {
    +     "description": "Ensure buttons have discernible text",
    +     "help": "Buttons must have discernible text",
    +     "helpUrl": "https://dequeuniversity.com/rules/axe/4.10/button-name?application=playwright",
    +     "id": "button-name",
    +     "impact": "critical",
    +     "nodes": Array [
    +       Object {
    +         "all": Array [],
    +         "any": Array [
    +           Object {
    +             "data": null,
    +             "id": "button-has-visible-text",
    +             "impact": "critical",
    +             "message": "Element does not have inner text that is visible to screen readers",
    +             "relatedNodes": Array [],
    +           },
    +           Object {
    +             "data": null,
    +             "id": "aria-label",
    +             "impact": "critical",
    +             "message": "aria-label attribute does not exist or is empty",
    +             "relatedNodes": Array [],
    +           },
    +           Object {
    +             "data": null,
    +             "id": "aria-labelledby",
    +             "impact": "critical",
    +             "message": "aria-labelledby attribute does not exist, references elements that do not exist or references elements that are empty",
    +             "relatedNodes": Array [],
    +           },
    +           Object {
    +             "data": Object {
    +               "messageKey": "noAttr",
    +             },
    +             "id": "non-empty-title",
    +             "impact": "critical",
    +             "message": "Element has no title attribute",
    +             "relatedNodes": Array [],
    +           },
    +           Object {
    +             "data": null,
    +             "id": "implicit-label",
    +             "impact": "critical",
    +             "message": "Element does not have an implicit (wrapped) <label>",
    +             "relatedNodes": Array [],
    +           },
    +           Object {
    +             "data": null,
    +             "id": "explicit-label",
    +             "impact": "critical",
    +             "message": "Element does not have an explicit <label>",
    +             "relatedNodes": Array [],
    +           },
    +           Object {
    +             "data": null,
    +             "id": "presentational-role",
    +             "impact": "critical",
    +             "message": "Element's default semantics were not overridden with role=\"none\" or role=\"presentation\"",
    +             "relatedNodes": Array [],
    +           },
    +         ],
    +         "failureSummary": "Fix any of the following:
    +   Element does not have inner text that is visible to screen readers
    +   aria-label attribute does not exist or is empty
    +   aria-labelledby attribute does not exist, references elements that do not exist or references elements that are empty
    +   Element has no title attribute
    +   Element does not have an implicit (wrapped) <label>
    +   Element does not have an explicit <label>
    +   Element's default semantics were not overridden with role=\"none\" or role=\"presentation\"",
    +         "html": "<button class=\"header-icon-button\">",
    +         "impact": "critical",
    +         "none": Array [],
    +         "target": Array [
    +           ".header-icon-button:nth-child(1)",
    +         ],
    +       },
    +       Object {
    +         "all": Array [],
    +         "any": Array [
    +           Object {
    +             "data": null,
    +             "id": "button-has-visible-text",
    +             "impact": "critical",
    +             "message": "Element does not have inner text that is visible to screen readers",
    +             "relatedNodes": Array [],
    +           },
    +           Object {
    +             "data": null,
    +             "id": "aria-label",
    +             "impact": "critical",
    +             "message": "aria-label attribute does not exist or is empty",
    +             "relatedNodes": Array [],
    +           },
    +           Object {
    +             "data": null,
    +             "id": "aria-labelledby",
    +             "impact": "critical",
    +             "message": "aria-labelledby attribute does not exist, references elements that do not exist or references elements that are empty",
    +             "relatedNodes": Array [],
    +           },
    +           Object {
    +             "data": Object {
    +               "messageKey": "noAttr",
    +             },
    +             "id": "non-empty-title",
    +             "impact": "critical",
    +             "message": "Element has no title attribute",
    +             "relatedNodes": Array [],
    +           },
    +           Object {
    +             "data": null,
    +             "id": "implicit-label",
    +             "impact": "critical",
    +             "message": "Element does not have an implicit (wrapped) <label>",
    +             "relatedNodes": Array [],
    +           },
    +           Object {
    +             "data": null,
    +             "id": "explicit-label",
    +             "impact": "critical",
    +             "message": "Element does not have an explicit <label>",
    +             "relatedNodes": Array [],
    +           },
    +           Object {
    +             "data": null,
    +             "id": "presentational-role",
    +             "impact": "critical",
    +             "message": "Element's default semantics were not overridden with role=\"none\" or role=\"presentation\"",
    +             "relatedNodes": Array [],
    +           },
    +         ],
    +         "failureSummary": "Fix any of the following:
    +   Element does not have inner text that is visible to screen readers
    +   aria-label attribute does not exist or is empty
    +   aria-labelledby attribute does not exist, references elements that do not exist or references elements that are empty
    +   Element has no title attribute
    +   Element does not have an implicit (wrapped) <label>
    +   Element does not have an explicit <label>
    +   Element's default semantics were not overridden with role=\"none\" or role=\"presentation\"",
    +         "html": "<button class=\"header-icon-button\">",
    +         "impact": "critical",
    +         "none": Array [],
    +         "target": Array [
    +           ".header-icon-button:nth-child(3)",
    +         ],
    +       },
    +     ],
    +     "tags": Array [
    +       "cat.name-role-value",
    +       "wcag2a",
    +       "wcag412",
    +       "section508",
    +       "section508.22.a",
    +       "TTv5",
    +       "TT6.a",
    +       "EN-301-549",
    +       "EN-9.4.1.2",
    +       "ACT",
    +     ],
    +   },
    +   Object {
    +     "description": "Ensure the contrast between foreground and background colors meets WCAG 2 AA minimum contrast ratio thresholds",
    +     "help": "Elements must meet minimum color contrast ratio thresholds",
    +     "helpUrl": "https://dequeuniversity.com/rules/axe/4.10/color-contrast?application=playwright",
    +     "id": "color-contrast",
    +     "impact": "serious",
    +     "nodes": Array [
    +       Object {
    +         "all": Array [],
    +         "any": Array [
    +           Object {
    +             "data": Object {
    +               "bgColor": "#e9effd",
    +               "contrastRatio": 4.49,
    +               "expectedContrastRatio": "4.5:1",
    +               "fgColor": "#2463eb",
    +               "fontSize": "12.0pt (16px)",
    +               "fontWeight": "normal",
    +               "messageKey": null,
    +             },
    +             "id": "color-contrast",
    +             "impact": "serious",
    +             "message": "Element has insufficient color contrast of 4.49 (foreground color: #2463eb, background color: #e9effd, font size: 12.0pt (16px), font weight: normal). Expected contrast ratio of 4.5:1",
    +             "relatedNodes": Array [
    +               Object {
    +                 "html": "<button class=\"nav-module-header nav-module-header-active\">",
    +                 "target": Array [
    +                   ".nav-module-header-active",
    +                 ],
    +               },
    +               Object {
    +                 "html": "<aside class=\"sidebar sidebar-hidden\">",
    +                 "target": Array [
    +                   "aside",
    +                 ],
    +               },
    +             ],
    +           },
    +         ],
    +         "failureSummary": "Fix any of the following:
    +   Element has insufficient color contrast of 4.49 (foreground color: #2463eb, background color: #e9effd, font size: 12.0pt (16px), font weight: normal). Expected contrast ratio of 4.5:1",
    +         "html": "<span class=\"nav-module-label\">Design</span>",
    +         "impact": "serious",
    +         "none": Array [],
    +         "target": Array [
    +           ".nav-module-header-active > .nav-module-icon-text > .nav-module-label",
    +         ],
    +       },
    +       Object {
    +         "all": Array [],
    +         "any": Array [
    +           Object {
    +             "data": Object {
    +               "bgColor": "#e9effd",
    +               "contrastRatio": 4.49,
    +               "expectedContrastRatio": "4.5:1",
    +               "fgColor": "#2463eb",
    +               "fontSize": "10.5pt (14px)",
    +               "fontWeight": "normal",
    +               "messageKey": null,
    +             },
    +             "id": "color-contrast",
    +             "impact": "serious",
    +             "message": "Element has insufficient color contrast of 4.49 (foreground color: #2463eb, background color: #e9effd, font size: 10.5pt (14px), font weight: normal). Expected contrast ratio of 4.5:1",
    +             "relatedNodes": Array [
    +               Object {
    +                 "html": "<a class=\"nav-subitem nav-subitem-active\" href=\"/design/projects\"><span>Design Projects</span></a>",
    +                 "target": Array [
    +                   ".nav-subitem-active",
    +                 ],
    +               },
    +               Object {
    +                 "html": "<aside class=\"sidebar sidebar-hidden\">",
    +                 "target": Array [
    +                   "aside",
    +                 ],
    +               },
    +             ],
    +           },
    +         ],
    +         "failureSummary": "Fix any of the following:
    +   Element has insufficient color contrast of 4.49 (foreground color: #2463eb, background color: #e9effd, font size: 10.5pt (14px), font weight: normal). Expected contrast ratio of 4.5:1",
    +         "html": "<span>Design Projects</span>",
    +         "impact": "serious",
    +         "none": Array [],
    +         "target": Array [
    +           ".nav-subitem-active > span",
    +         ],
    +       },
    +     ],
    +     "tags": Array [
    +       "cat.color",
    +       "wcag2aa",
    +       "wcag143",
    +       "TTv5",
    +       "TT13.c",
    +       "EN-301-549",
    +       "EN-9.1.4.3",
    +       "ACT",
    +     ],
    +   },
    + ]

      272 |       .analyze();
      273 |
    > 274 |     expect(accessibilityScanResults.violations).toEqual([]);
          |                                                 ^
      275 |   });
      276 |
      277 |   test('Shop Drawings - Should have no accessibility violations', async ({ page }) => {
        at /Users/eko3/limn-systems-enterprise/tests/e2e/accessibility/a11y.test.ts:274:49

    attachment #1: screenshot (image/png) ──────────────────────────────────────────────────────────
    ../../test-results/accessibility-a11y-Accessi-c1fcc-no-accessibility-violations-chromium-desktop/test-failed-1.png
    ────────────────────────────────────────────────────────────────────────────────────────────────

    attachment #2: video (video/webm) ──────────────────────────────────────────────────────────────
    ../../test-results/accessibility-a11y-Accessi-c1fcc-no-accessibility-violations-chromium-desktop/video-1.webm
    ────────────────────────────────────────────────────────────────────────────────────────────────

    attachment #3: video (video/webm) ──────────────────────────────────────────────────────────────
    ../../test-results/accessibility-a11y-Accessi-c1fcc-no-accessibility-violations-chromium-desktop/video.webm
    ────────────────────────────────────────────────────────────────────────────────────────────────

    Error Context: ../../test-results/accessibility-a11y-Accessi-c1fcc-no-accessibility-violations-chromium-desktop/error-context.md
]]>
</failure>
<system-out>
<![CDATA[
[[ATTACHMENT|../test-results/accessibility-a11y-Accessi-c1fcc-no-accessibility-violations-chromium-desktop/test-failed-1.png]]

[[ATTACHMENT|../test-results/accessibility-a11y-Accessi-c1fcc-no-accessibility-violations-chromium-desktop/video-1.webm]]

[[ATTACHMENT|../test-results/accessibility-a11y-Accessi-c1fcc-no-accessibility-violations-chromium-desktop/video.webm]]

[[ATTACHMENT|../test-results/accessibility-a11y-Accessi-c1fcc-no-accessibility-violations-chromium-desktop/error-context.md]]
]]>
</system-out>
</testcase>
<testcase name="Accessibility Tests - Design Module › Shop Drawings - Should have no accessibility violations" classname="accessibility/a11y.test.ts" time="1.851">
<failure message="a11y.test.ts:277:7 Shop Drawings - Should have no accessibility violations" type="FAILURE">
<![CDATA[  [chromium-desktop] › accessibility/a11y.test.ts:277:7 › Accessibility Tests - Design Module › Shop Drawings - Should have no accessibility violations 

    Error: expect(received).toEqual(expected) // deep equality

    - Expected  -  1
    + Received  + 56

    - Array []
    + Array [
    +   Object {
    +     "description": "Ensure the contrast between foreground and background colors meets WCAG 2 AA minimum contrast ratio thresholds",
    +     "help": "Elements must meet minimum color contrast ratio thresholds",
    +     "helpUrl": "https://dequeuniversity.com/rules/axe/4.10/color-contrast?application=playwright",
    +     "id": "color-contrast",
    +     "impact": "serious",
    +     "nodes": Array [
    +       Object {
    +         "all": Array [],
    +         "any": Array [
    +           Object {
    +             "data": Object {
    +               "bgColor": "#3b82f6",
    +               "contrastRatio": 4.11,
    +               "expectedContrastRatio": "4.5:1",
    +               "fgColor": "#262626",
    +               "fontSize": "12.0pt (16px)",
    +               "fontWeight": "normal",
    +               "messageKey": null,
    +             },
    +             "id": "color-contrast",
    +             "impact": "serious",
    +             "message": "Element has insufficient color contrast of 4.11 (foreground color: #262626, background color: #3b82f6, font size: 12.0pt (16px), font weight: normal). Expected contrast ratio of 4.5:1",
    +             "relatedNodes": Array [
    +               Object {
    +                 "html": "<a href=\"/\" class=\"inline-block bg-blue-500 hover:bg-blue-600 text-foreground px-6 py-3 rounded-lg font-medium transition-colors\">Go Home</a>",
    +                 "target": Array [
    +                   "a",
    +                 ],
    +               },
    +             ],
    +           },
    +         ],
    +         "failureSummary": "Fix any of the following:
    +   Element has insufficient color contrast of 4.11 (foreground color: #262626, background color: #3b82f6, font size: 12.0pt (16px), font weight: normal). Expected contrast ratio of 4.5:1",
    +         "html": "<a href=\"/\" class=\"inline-block bg-blue-500 hover:bg-blue-600 text-foreground px-6 py-3 rounded-lg font-medium transition-colors\">Go Home</a>",
    +         "impact": "serious",
    +         "none": Array [],
    +         "target": Array [
    +           "a",
    +         ],
    +       },
    +     ],
    +     "tags": Array [
    +       "cat.color",
    +       "wcag2aa",
    +       "wcag143",
    +       "TTv5",
    +       "TT13.c",
    +       "EN-301-549",
    +       "EN-9.1.4.3",
    +       "ACT",
    +     ],
    +   },
    + ]

      282 |       .analyze();
      283 |
    > 284 |     expect(accessibilityScanResults.violations).toEqual([]);
          |                                                 ^
      285 |   });
      286 |
      287 |   test('Design Reviews - Should have no accessibility violations', async ({ page }) => {
        at /Users/eko3/limn-systems-enterprise/tests/e2e/accessibility/a11y.test.ts:284:49

    attachment #1: screenshot (image/png) ──────────────────────────────────────────────────────────
    ../../test-results/accessibility-a11y-Accessi-db508-no-accessibility-violations-chromium-desktop/test-failed-1.png
    ────────────────────────────────────────────────────────────────────────────────────────────────

    attachment #2: video (video/webm) ──────────────────────────────────────────────────────────────
    ../../test-results/accessibility-a11y-Accessi-db508-no-accessibility-violations-chromium-desktop/video-1.webm
    ────────────────────────────────────────────────────────────────────────────────────────────────

    attachment #3: video (video/webm) ──────────────────────────────────────────────────────────────
    ../../test-results/accessibility-a11y-Accessi-db508-no-accessibility-violations-chromium-desktop/video.webm
    ────────────────────────────────────────────────────────────────────────────────────────────────

    Error Context: ../../test-results/accessibility-a11y-Accessi-db508-no-accessibility-violations-chromium-desktop/error-context.md
]]>
</failure>
<system-out>
<![CDATA[
[[ATTACHMENT|../test-results/accessibility-a11y-Accessi-db508-no-accessibility-violations-chromium-desktop/test-failed-1.png]]

[[ATTACHMENT|../test-results/accessibility-a11y-Accessi-db508-no-accessibility-violations-chromium-desktop/video-1.webm]]

[[ATTACHMENT|../test-results/accessibility-a11y-Accessi-db508-no-accessibility-violations-chromium-desktop/video.webm]]

[[ATTACHMENT|../test-results/accessibility-a11y-Accessi-db508-no-accessibility-violations-chromium-desktop/error-context.md]]
]]>
</system-out>
</testcase>
<testcase name="Accessibility Tests - Design Module › Design Reviews - Should have no accessibility violations" classname="accessibility/a11y.test.ts" time="1.893">
<failure message="a11y.test.ts:287:7 Design Reviews - Should have no accessibility violations" type="FAILURE">
<![CDATA[  [chromium-desktop] › accessibility/a11y.test.ts:287:7 › Accessibility Tests - Design Module › Design Reviews - Should have no accessibility violations 

    Error: expect(received).toEqual(expected) // deep equality

    - Expected  -  1
    + Received  + 56

    - Array []
    + Array [
    +   Object {
    +     "description": "Ensure the contrast between foreground and background colors meets WCAG 2 AA minimum contrast ratio thresholds",
    +     "help": "Elements must meet minimum color contrast ratio thresholds",
    +     "helpUrl": "https://dequeuniversity.com/rules/axe/4.10/color-contrast?application=playwright",
    +     "id": "color-contrast",
    +     "impact": "serious",
    +     "nodes": Array [
    +       Object {
    +         "all": Array [],
    +         "any": Array [
    +           Object {
    +             "data": Object {
    +               "bgColor": "#3b82f6",
    +               "contrastRatio": 4.11,
    +               "expectedContrastRatio": "4.5:1",
    +               "fgColor": "#262626",
    +               "fontSize": "12.0pt (16px)",
    +               "fontWeight": "normal",
    +               "messageKey": null,
    +             },
    +             "id": "color-contrast",
    +             "impact": "serious",
    +             "message": "Element has insufficient color contrast of 4.11 (foreground color: #262626, background color: #3b82f6, font size: 12.0pt (16px), font weight: normal). Expected contrast ratio of 4.5:1",
    +             "relatedNodes": Array [
    +               Object {
    +                 "html": "<a href=\"/\" class=\"inline-block bg-blue-500 hover:bg-blue-600 text-foreground px-6 py-3 rounded-lg font-medium transition-colors\">Go Home</a>",
    +                 "target": Array [
    +                   "a",
    +                 ],
    +               },
    +             ],
    +           },
    +         ],
    +         "failureSummary": "Fix any of the following:
    +   Element has insufficient color contrast of 4.11 (foreground color: #262626, background color: #3b82f6, font size: 12.0pt (16px), font weight: normal). Expected contrast ratio of 4.5:1",
    +         "html": "<a href=\"/\" class=\"inline-block bg-blue-500 hover:bg-blue-600 text-foreground px-6 py-3 rounded-lg font-medium transition-colors\">Go Home</a>",
    +         "impact": "serious",
    +         "none": Array [],
    +         "target": Array [
    +           "a",
    +         ],
    +       },
    +     ],
    +     "tags": Array [
    +       "cat.color",
    +       "wcag2aa",
    +       "wcag143",
    +       "TTv5",
    +       "TT13.c",
    +       "EN-301-549",
    +       "EN-9.1.4.3",
    +       "ACT",
    +     ],
    +   },
    + ]

      292 |       .analyze();
      293 |
    > 294 |     expect(accessibilityScanResults.violations).toEqual([]);
          |                                                 ^
      295 |   });
      296 | });
      297 |
        at /Users/eko3/limn-systems-enterprise/tests/e2e/accessibility/a11y.test.ts:294:49

    attachment #1: screenshot (image/png) ──────────────────────────────────────────────────────────
    ../../test-results/accessibility-a11y-Accessi-156ea-no-accessibility-violations-chromium-desktop/test-failed-1.png
    ────────────────────────────────────────────────────────────────────────────────────────────────

    attachment #2: video (video/webm) ──────────────────────────────────────────────────────────────
    ../../test-results/accessibility-a11y-Accessi-156ea-no-accessibility-violations-chromium-desktop/video.webm
    ────────────────────────────────────────────────────────────────────────────────────────────────

    attachment #3: video (video/webm) ──────────────────────────────────────────────────────────────
    ../../test-results/accessibility-a11y-Accessi-156ea-no-accessibility-violations-chromium-desktop/video-1.webm
    ────────────────────────────────────────────────────────────────────────────────────────────────

    Error Context: ../../test-results/accessibility-a11y-Accessi-156ea-no-accessibility-violations-chromium-desktop/error-context.md
]]>
</failure>
<system-out>
<![CDATA[
[[ATTACHMENT|../test-results/accessibility-a11y-Accessi-156ea-no-accessibility-violations-chromium-desktop/test-failed-1.png]]

[[ATTACHMENT|../test-results/accessibility-a11y-Accessi-156ea-no-accessibility-violations-chromium-desktop/video.webm]]

[[ATTACHMENT|../test-results/accessibility-a11y-Accessi-156ea-no-accessibility-violations-chromium-desktop/video-1.webm]]

[[ATTACHMENT|../test-results/accessibility-a11y-Accessi-156ea-no-accessibility-violations-chromium-desktop/error-context.md]]
]]>
</system-out>
</testcase>
<testcase name="Accessibility Tests - Partners Module › Factories List - Should have no accessibility violations" classname="accessibility/a11y.test.ts" time="5.251">
<failure message="a11y.test.ts:299:7 Factories List - Should have no accessibility violations" type="FAILURE">
<![CDATA[  [chromium-desktop] › accessibility/a11y.test.ts:299:7 › Accessibility Tests - Partners Module › Factories List - Should have no accessibility violations 

    Error: expect(received).toEqual(expected) // deep equality

    - Expected  -   1
    + Received  + 334

    - Array []
    + Array [
    +   Object {
    +     "description": "Ensure buttons have discernible text",
    +     "help": "Buttons must have discernible text",
    +     "helpUrl": "https://dequeuniversity.com/rules/axe/4.10/button-name?application=playwright",
    +     "id": "button-name",
    +     "impact": "critical",
    +     "nodes": Array [
    +       Object {
    +         "all": Array [],
    +         "any": Array [
    +           Object {
    +             "data": null,
    +             "id": "button-has-visible-text",
    +             "impact": "critical",
    +             "message": "Element does not have inner text that is visible to screen readers",
    +             "relatedNodes": Array [],
    +           },
    +           Object {
    +             "data": null,
    +             "id": "aria-label",
    +             "impact": "critical",
    +             "message": "aria-label attribute does not exist or is empty",
    +             "relatedNodes": Array [],
    +           },
    +           Object {
    +             "data": null,
    +             "id": "aria-labelledby",
    +             "impact": "critical",
    +             "message": "aria-labelledby attribute does not exist, references elements that do not exist or references elements that are empty",
    +             "relatedNodes": Array [],
    +           },
    +           Object {
    +             "data": Object {
    +               "messageKey": "noAttr",
    +             },
    +             "id": "non-empty-title",
    +             "impact": "critical",
    +             "message": "Element has no title attribute",
    +             "relatedNodes": Array [],
    +           },
    +           Object {
    +             "data": null,
    +             "id": "implicit-label",
    +             "impact": "critical",
    +             "message": "Element does not have an implicit (wrapped) <label>",
    +             "relatedNodes": Array [],
    +           },
    +           Object {
    +             "data": null,
    +             "id": "explicit-label",
    +             "impact": "critical",
    +             "message": "Element does not have an explicit <label>",
    +             "relatedNodes": Array [],
    +           },
    +           Object {
    +             "data": null,
    +             "id": "presentational-role",
    +             "impact": "critical",
    +             "message": "Element's default semantics were not overridden with role=\"none\" or role=\"presentation\"",
    +             "relatedNodes": Array [],
    +           },
    +         ],
    +         "failureSummary": "Fix any of the following:
    +   Element does not have inner text that is visible to screen readers
    +   aria-label attribute does not exist or is empty
    +   aria-labelledby attribute does not exist, references elements that do not exist or references elements that are empty
    +   Element has no title attribute
    +   Element does not have an implicit (wrapped) <label>
    +   Element does not have an explicit <label>
    +   Element's default semantics were not overridden with role=\"none\" or role=\"presentation\"",
    +         "html": "<button class=\"header-icon-button\">",
    +         "impact": "critical",
    +         "none": Array [],
    +         "target": Array [
    +           ".header-icon-button:nth-child(1)",
    +         ],
    +       },
    +       Object {
    +         "all": Array [],
    +         "any": Array [
    +           Object {
    +             "data": null,
    +             "id": "button-has-visible-text",
    +             "impact": "critical",
    +             "message": "Element does not have inner text that is visible to screen readers",
    +             "relatedNodes": Array [],
    +           },
    +           Object {
    +             "data": null,
    +             "id": "aria-label",
    +             "impact": "critical",
    +             "message": "aria-label attribute does not exist or is empty",
    +             "relatedNodes": Array [],
    +           },
    +           Object {
    +             "data": null,
    +             "id": "aria-labelledby",
    +             "impact": "critical",
    +             "message": "aria-labelledby attribute does not exist, references elements that do not exist or references elements that are empty",
    +             "relatedNodes": Array [],
    +           },
    +           Object {
    +             "data": Object {
    +               "messageKey": "noAttr",
    +             },
    +             "id": "non-empty-title",
    +             "impact": "critical",
    +             "message": "Element has no title attribute",
    +             "relatedNodes": Array [],
    +           },
    +           Object {
    +             "data": null,
    +             "id": "implicit-label",
    +             "impact": "critical",
    +             "message": "Element does not have an implicit (wrapped) <label>",
    +             "relatedNodes": Array [],
    +           },
    +           Object {
    +             "data": null,
    +             "id": "explicit-label",
    +             "impact": "critical",
    +             "message": "Element does not have an explicit <label>",
    +             "relatedNodes": Array [],
    +           },
    +           Object {
    +             "data": null,
    +             "id": "presentational-role",
    +             "impact": "critical",
    +             "message": "Element's default semantics were not overridden with role=\"none\" or role=\"presentation\"",
    +             "relatedNodes": Array [],
    +           },
    +         ],
    +         "failureSummary": "Fix any of the following:
    +   Element does not have inner text that is visible to screen readers
    +   aria-label attribute does not exist or is empty
    +   aria-labelledby attribute does not exist, references elements that do not exist or references elements that are empty
    +   Element has no title attribute
    +   Element does not have an implicit (wrapped) <label>
    +   Element does not have an explicit <label>
    +   Element's default semantics were not overridden with role=\"none\" or role=\"presentation\"",
    +         "html": "<button class=\"header-icon-button\">",
    +         "impact": "critical",
    +         "none": Array [],
    +         "target": Array [
    +           ".header-icon-button:nth-child(3)",
    +         ],
    +       },
    +       Object {
    +         "all": Array [],
    +         "any": Array [
    +           Object {
    +             "data": null,
    +             "id": "button-has-visible-text",
    +             "impact": "critical",
    +             "message": "Element does not have inner text that is visible to screen readers",
    +             "relatedNodes": Array [],
    +           },
    +           Object {
    +             "data": null,
    +             "id": "aria-label",
    +             "impact": "critical",
    +             "message": "aria-label attribute does not exist or is empty",
    +             "relatedNodes": Array [],
    +           },
    +           Object {
    +             "data": null,
    +             "id": "aria-labelledby",
    +             "impact": "critical",
    +             "message": "aria-labelledby attribute does not exist, references elements that do not exist or references elements that are empty",
    +             "relatedNodes": Array [],
    +           },
    +           Object {
    +             "data": Object {
    +               "messageKey": "noAttr",
    +             },
    +             "id": "non-empty-title",
    +             "impact": "critical",
    +             "message": "Element has no title attribute",
    +             "relatedNodes": Array [],
    +           },
    +           Object {
    +             "data": null,
    +             "id": "implicit-label",
    +             "impact": "critical",
    +             "message": "Element does not have an implicit (wrapped) <label>",
    +             "relatedNodes": Array [],
    +           },
    +           Object {
    +             "data": null,
    +             "id": "explicit-label",
    +             "impact": "critical",
    +             "message": "Element does not have an explicit <label>",
    +             "relatedNodes": Array [],
    +           },
    +           Object {
    +             "data": null,
    +             "id": "presentational-role",
    +             "impact": "critical",
    +             "message": "Element's default semantics were not overridden with role=\"none\" or role=\"presentation\"",
    +             "relatedNodes": Array [],
    +           },
    +         ],
    +         "failureSummary": "Fix any of the following:
    +   Element does not have inner text that is visible to screen readers
    +   aria-label attribute does not exist or is empty
    +   aria-labelledby attribute does not exist, references elements that do not exist or references elements that are empty
    +   Element has no title attribute
    +   Element does not have an implicit (wrapped) <label>
    +   Element does not have an explicit <label>
    +   Element's default semantics were not overridden with role=\"none\" or role=\"presentation\"",
    +         "html": "<button type=\"button\" role=\"combobox\" aria-controls=\"radix-_R_4slritqkndlb_\" aria-expanded=\"false\" aria-autocomplete=\"none\" dir=\"ltr\" data-state=\"closed\" class=\"flex h-auto min-h-9 items-center justify-between whitespace-nowrap rounded-md border border-input bg-transparent px-3 py-2 text-sm shadow-sm ring-offset-background data-[placeholder]:text-muted-foreground focus:outline-none focus:ring-1 focus:ring-ring disabled:cursor-not-allowed disabled:opacity-50 overflow-visible w-full md:w-[200px]\">",
    +         "impact": "critical",
    +         "none": Array [],
    +         "target": Array [
    +           ".h-auto",
    +         ],
    +       },
    +     ],
    +     "tags": Array [
    +       "cat.name-role-value",
    +       "wcag2a",
    +       "wcag412",
    +       "section508",
    +       "section508.22.a",
    +       "TTv5",
    +       "TT6.a",
    +       "EN-301-549",
    +       "EN-9.4.1.2",
    +       "ACT",
    +     ],
    +   },
    +   Object {
    +     "description": "Ensure the contrast between foreground and background colors meets WCAG 2 AA minimum contrast ratio thresholds",
    +     "help": "Elements must meet minimum color contrast ratio thresholds",
    +     "helpUrl": "https://dequeuniversity.com/rules/axe/4.10/color-contrast?application=playwright",
    +     "id": "color-contrast",
    +     "impact": "serious",
    +     "nodes": Array [
    +       Object {
    +         "all": Array [],
    +         "any": Array [
    +           Object {
    +             "data": Object {
    +               "bgColor": "#e9effd",
    +               "contrastRatio": 4.49,
    +               "expectedContrastRatio": "4.5:1",
    +               "fgColor": "#2463eb",
    +               "fontSize": "12.0pt (16px)",
    +               "fontWeight": "normal",
    +               "messageKey": null,
    +             },
    +             "id": "color-contrast",
    +             "impact": "serious",
    +             "message": "Element has insufficient color contrast of 4.49 (foreground color: #2463eb, background color: #e9effd, font size: 12.0pt (16px), font weight: normal). Expected contrast ratio of 4.5:1",
    +             "relatedNodes": Array [
    +               Object {
    +                 "html": "<button class=\"nav-module-header nav-module-header-active\">",
    +                 "target": Array [
    +                   ".nav-module-header-active",
    +                 ],
    +               },
    +               Object {
    +                 "html": "<aside class=\"sidebar sidebar-hidden\">",
    +                 "target": Array [
    +                   "aside",
    +                 ],
    +               },
    +             ],
    +           },
    +         ],
    +         "failureSummary": "Fix any of the following:
    +   Element has insufficient color contrast of 4.49 (foreground color: #2463eb, background color: #e9effd, font size: 12.0pt (16px), font weight: normal). Expected contrast ratio of 4.5:1",
    +         "html": "<span class=\"nav-module-label\">Partners</span>",
    +         "impact": "serious",
    +         "none": Array [],
    +         "target": Array [
    +           ".nav-module-header-active > .nav-module-icon-text > .nav-module-label",
    +         ],
    +       },
    +       Object {
    +         "all": Array [],
    +         "any": Array [
    +           Object {
    +             "data": Object {
    +               "bgColor": "#e9effd",
    +               "contrastRatio": 4.49,
    +               "expectedContrastRatio": "4.5:1",
    +               "fgColor": "#2463eb",
    +               "fontSize": "10.5pt (14px)",
    +               "fontWeight": "normal",
    +               "messageKey": null,
    +             },
    +             "id": "color-contrast",
    +             "impact": "serious",
    +             "message": "Element has insufficient color contrast of 4.49 (foreground color: #2463eb, background color: #e9effd, font size: 10.5pt (14px), font weight: normal). Expected contrast ratio of 4.5:1",
    +             "relatedNodes": Array [
    +               Object {
    +                 "html": "<a class=\"nav-subitem nav-subitem-active\" href=\"/partners/factories\"><span>Factories</span></a>",
    +                 "target": Array [
    +                   ".nav-subitem-active",
    +                 ],
    +               },
    +               Object {
    +                 "html": "<aside class=\"sidebar sidebar-hidden\">",
    +                 "target": Array [
    +                   "aside",
    +                 ],
    +               },
    +             ],
    +           },
    +         ],
    +         "failureSummary": "Fix any of the following:
    +   Element has insufficient color contrast of 4.49 (foreground color: #2463eb, background color: #e9effd, font size: 10.5pt (14px), font weight: normal). Expected contrast ratio of 4.5:1",
    +         "html": "<span>Factories</span>",
    +         "impact": "serious",
    +         "none": Array [],
    +         "target": Array [
    +           ".nav-subitem-active > span",
    +         ],
    +       },
    +     ],
    +     "tags": Array [
    +       "cat.color",
    +       "wcag2aa",
    +       "wcag143",
    +       "TTv5",
    +       "TT13.c",
    +       "EN-301-549",
    +       "EN-9.1.4.3",
    +       "ACT",
    +     ],
    +   },
    + ]

      304 |       .analyze();
      305 |
    > 306 |     expect(accessibilityScanResults.violations).toEqual([]);
          |                                                 ^
      307 |   });
      308 |
      309 |   test('Designers List - Should have no accessibility violations', async ({ page }) => {
        at /Users/eko3/limn-systems-enterprise/tests/e2e/accessibility/a11y.test.ts:306:49

    attachment #1: screenshot (image/png) ──────────────────────────────────────────────────────────
    ../../test-results/accessibility-a11y-Accessi-c7f73-no-accessibility-violations-chromium-desktop/test-failed-1.png
    ────────────────────────────────────────────────────────────────────────────────────────────────

    attachment #2: video (video/webm) ──────────────────────────────────────────────────────────────
    ../../test-results/accessibility-a11y-Accessi-c7f73-no-accessibility-violations-chromium-desktop/video-1.webm
    ────────────────────────────────────────────────────────────────────────────────────────────────

    attachment #3: video (video/webm) ──────────────────────────────────────────────────────────────
    ../../test-results/accessibility-a11y-Accessi-c7f73-no-accessibility-violations-chromium-desktop/video.webm
    ────────────────────────────────────────────────────────────────────────────────────────────────

    Error Context: ../../test-results/accessibility-a11y-Accessi-c7f73-no-accessibility-violations-chromium-desktop/error-context.md
]]>
</failure>
<system-out>
<![CDATA[
[[ATTACHMENT|../test-results/accessibility-a11y-Accessi-c7f73-no-accessibility-violations-chromium-desktop/test-failed-1.png]]

[[ATTACHMENT|../test-results/accessibility-a11y-Accessi-c7f73-no-accessibility-violations-chromium-desktop/video-1.webm]]

[[ATTACHMENT|../test-results/accessibility-a11y-Accessi-c7f73-no-accessibility-violations-chromium-desktop/video.webm]]

[[ATTACHMENT|../test-results/accessibility-a11y-Accessi-c7f73-no-accessibility-violations-chromium-desktop/error-context.md]]
]]>
</system-out>
</testcase>
<testcase name="Accessibility Tests - Partners Module › Designers List - Should have no accessibility violations" classname="accessibility/a11y.test.ts" time="3.535">
<failure message="a11y.test.ts:309:7 Designers List - Should have no accessibility violations" type="FAILURE">
<![CDATA[  [chromium-desktop] › accessibility/a11y.test.ts:309:7 › Accessibility Tests - Partners Module › Designers List - Should have no accessibility violations 

    Error: expect(received).toEqual(expected) // deep equality

    - Expected  -   1
    + Received  + 334

    - Array []
    + Array [
    +   Object {
    +     "description": "Ensure buttons have discernible text",
    +     "help": "Buttons must have discernible text",
    +     "helpUrl": "https://dequeuniversity.com/rules/axe/4.10/button-name?application=playwright",
    +     "id": "button-name",
    +     "impact": "critical",
    +     "nodes": Array [
    +       Object {
    +         "all": Array [],
    +         "any": Array [
    +           Object {
    +             "data": null,
    +             "id": "button-has-visible-text",
    +             "impact": "critical",
    +             "message": "Element does not have inner text that is visible to screen readers",
    +             "relatedNodes": Array [],
    +           },
    +           Object {
    +             "data": null,
    +             "id": "aria-label",
    +             "impact": "critical",
    +             "message": "aria-label attribute does not exist or is empty",
    +             "relatedNodes": Array [],
    +           },
    +           Object {
    +             "data": null,
    +             "id": "aria-labelledby",
    +             "impact": "critical",
    +             "message": "aria-labelledby attribute does not exist, references elements that do not exist or references elements that are empty",
    +             "relatedNodes": Array [],
    +           },
    +           Object {
    +             "data": Object {
    +               "messageKey": "noAttr",
    +             },
    +             "id": "non-empty-title",
    +             "impact": "critical",
    +             "message": "Element has no title attribute",
    +             "relatedNodes": Array [],
    +           },
    +           Object {
    +             "data": null,
    +             "id": "implicit-label",
    +             "impact": "critical",
    +             "message": "Element does not have an implicit (wrapped) <label>",
    +             "relatedNodes": Array [],
    +           },
    +           Object {
    +             "data": null,
    +             "id": "explicit-label",
    +             "impact": "critical",
    +             "message": "Element does not have an explicit <label>",
    +             "relatedNodes": Array [],
    +           },
    +           Object {
    +             "data": null,
    +             "id": "presentational-role",
    +             "impact": "critical",
    +             "message": "Element's default semantics were not overridden with role=\"none\" or role=\"presentation\"",
    +             "relatedNodes": Array [],
    +           },
    +         ],
    +         "failureSummary": "Fix any of the following:
    +   Element does not have inner text that is visible to screen readers
    +   aria-label attribute does not exist or is empty
    +   aria-labelledby attribute does not exist, references elements that do not exist or references elements that are empty
    +   Element has no title attribute
    +   Element does not have an implicit (wrapped) <label>
    +   Element does not have an explicit <label>
    +   Element's default semantics were not overridden with role=\"none\" or role=\"presentation\"",
    +         "html": "<button class=\"header-icon-button\">",
    +         "impact": "critical",
    +         "none": Array [],
    +         "target": Array [
    +           ".header-icon-button:nth-child(1)",
    +         ],
    +       },
    +       Object {
    +         "all": Array [],
    +         "any": Array [
    +           Object {
    +             "data": null,
    +             "id": "button-has-visible-text",
    +             "impact": "critical",
    +             "message": "Element does not have inner text that is visible to screen readers",
    +             "relatedNodes": Array [],
    +           },
    +           Object {
    +             "data": null,
    +             "id": "aria-label",
    +             "impact": "critical",
    +             "message": "aria-label attribute does not exist or is empty",
    +             "relatedNodes": Array [],
    +           },
    +           Object {
    +             "data": null,
    +             "id": "aria-labelledby",
    +             "impact": "critical",
    +             "message": "aria-labelledby attribute does not exist, references elements that do not exist or references elements that are empty",
    +             "relatedNodes": Array [],
    +           },
    +           Object {
    +             "data": Object {
    +               "messageKey": "noAttr",
    +             },
    +             "id": "non-empty-title",
    +             "impact": "critical",
    +             "message": "Element has no title attribute",
    +             "relatedNodes": Array [],
    +           },
    +           Object {
    +             "data": null,
    +             "id": "implicit-label",
    +             "impact": "critical",
    +             "message": "Element does not have an implicit (wrapped) <label>",
    +             "relatedNodes": Array [],
    +           },
    +           Object {
    +             "data": null,
    +             "id": "explicit-label",
    +             "impact": "critical",
    +             "message": "Element does not have an explicit <label>",
    +             "relatedNodes": Array [],
    +           },
    +           Object {
    +             "data": null,
    +             "id": "presentational-role",
    +             "impact": "critical",
    +             "message": "Element's default semantics were not overridden with role=\"none\" or role=\"presentation\"",
    +             "relatedNodes": Array [],
    +           },
    +         ],
    +         "failureSummary": "Fix any of the following:
    +   Element does not have inner text that is visible to screen readers
    +   aria-label attribute does not exist or is empty
    +   aria-labelledby attribute does not exist, references elements that do not exist or references elements that are empty
    +   Element has no title attribute
    +   Element does not have an implicit (wrapped) <label>
    +   Element does not have an explicit <label>
    +   Element's default semantics were not overridden with role=\"none\" or role=\"presentation\"",
    +         "html": "<button class=\"header-icon-button\">",
    +         "impact": "critical",
    +         "none": Array [],
    +         "target": Array [
    +           ".header-icon-button:nth-child(3)",
    +         ],
    +       },
    +       Object {
    +         "all": Array [],
    +         "any": Array [
    +           Object {
    +             "data": null,
    +             "id": "button-has-visible-text",
    +             "impact": "critical",
    +             "message": "Element does not have inner text that is visible to screen readers",
    +             "relatedNodes": Array [],
    +           },
    +           Object {
    +             "data": null,
    +             "id": "aria-label",
    +             "impact": "critical",
    +             "message": "aria-label attribute does not exist or is empty",
    +             "relatedNodes": Array [],
    +           },
    +           Object {
    +             "data": null,
    +             "id": "aria-labelledby",
    +             "impact": "critical",
    +             "message": "aria-labelledby attribute does not exist, references elements that do not exist or references elements that are empty",
    +             "relatedNodes": Array [],
    +           },
    +           Object {
    +             "data": Object {
    +               "messageKey": "noAttr",
    +             },
    +             "id": "non-empty-title",
    +             "impact": "critical",
    +             "message": "Element has no title attribute",
    +             "relatedNodes": Array [],
    +           },
    +           Object {
    +             "data": null,
    +             "id": "implicit-label",
    +             "impact": "critical",
    +             "message": "Element does not have an implicit (wrapped) <label>",
    +             "relatedNodes": Array [],
    +           },
    +           Object {
    +             "data": null,
    +             "id": "explicit-label",
    +             "impact": "critical",
    +             "message": "Element does not have an explicit <label>",
    +             "relatedNodes": Array [],
    +           },
    +           Object {
    +             "data": null,
    +             "id": "presentational-role",
    +             "impact": "critical",
    +             "message": "Element's default semantics were not overridden with role=\"none\" or role=\"presentation\"",
    +             "relatedNodes": Array [],
    +           },
    +         ],
    +         "failureSummary": "Fix any of the following:
    +   Element does not have inner text that is visible to screen readers
    +   aria-label attribute does not exist or is empty
    +   aria-labelledby attribute does not exist, references elements that do not exist or references elements that are empty
    +   Element has no title attribute
    +   Element does not have an implicit (wrapped) <label>
    +   Element does not have an explicit <label>
    +   Element's default semantics were not overridden with role=\"none\" or role=\"presentation\"",
    +         "html": "<button type=\"button\" role=\"combobox\" aria-controls=\"radix-_R_4slritqkndlb_\" aria-expanded=\"false\" aria-autocomplete=\"none\" dir=\"ltr\" data-state=\"closed\" class=\"flex h-auto min-h-9 items-center justify-between whitespace-nowrap rounded-md border border-input bg-transparent px-3 py-2 text-sm shadow-sm ring-offset-background data-[placeholder]:text-muted-foreground focus:outline-none focus:ring-1 focus:ring-ring disabled:cursor-not-allowed disabled:opacity-50 overflow-visible w-full md:w-[200px]\">",
    +         "impact": "critical",
    +         "none": Array [],
    +         "target": Array [
    +           ".h-auto",
    +         ],
    +       },
    +     ],
    +     "tags": Array [
    +       "cat.name-role-value",
    +       "wcag2a",
    +       "wcag412",
    +       "section508",
    +       "section508.22.a",
    +       "TTv5",
    +       "TT6.a",
    +       "EN-301-549",
    +       "EN-9.4.1.2",
    +       "ACT",
    +     ],
    +   },
    +   Object {
    +     "description": "Ensure the contrast between foreground and background colors meets WCAG 2 AA minimum contrast ratio thresholds",
    +     "help": "Elements must meet minimum color contrast ratio thresholds",
    +     "helpUrl": "https://dequeuniversity.com/rules/axe/4.10/color-contrast?application=playwright",
    +     "id": "color-contrast",
    +     "impact": "serious",
    +     "nodes": Array [
    +       Object {
    +         "all": Array [],
    +         "any": Array [
    +           Object {
    +             "data": Object {
    +               "bgColor": "#e9effd",
    +               "contrastRatio": 4.49,
    +               "expectedContrastRatio": "4.5:1",
    +               "fgColor": "#2463eb",
    +               "fontSize": "12.0pt (16px)",
    +               "fontWeight": "normal",
    +               "messageKey": null,
    +             },
    +             "id": "color-contrast",
    +             "impact": "serious",
    +             "message": "Element has insufficient color contrast of 4.49 (foreground color: #2463eb, background color: #e9effd, font size: 12.0pt (16px), font weight: normal). Expected contrast ratio of 4.5:1",
    +             "relatedNodes": Array [
    +               Object {
    +                 "html": "<button class=\"nav-module-header nav-module-header-active\">",
    +                 "target": Array [
    +                   ".nav-module-header-active",
    +                 ],
    +               },
    +               Object {
    +                 "html": "<aside class=\"sidebar sidebar-hidden\">",
    +                 "target": Array [
    +                   "aside",
    +                 ],
    +               },
    +             ],
    +           },
    +         ],
    +         "failureSummary": "Fix any of the following:
    +   Element has insufficient color contrast of 4.49 (foreground color: #2463eb, background color: #e9effd, font size: 12.0pt (16px), font weight: normal). Expected contrast ratio of 4.5:1",
    +         "html": "<span class=\"nav-module-label\">Partners</span>",
    +         "impact": "serious",
    +         "none": Array [],
    +         "target": Array [
    +           ".nav-module-header-active > .nav-module-icon-text > .nav-module-label",
    +         ],
    +       },
    +       Object {
    +         "all": Array [],
    +         "any": Array [
    +           Object {
    +             "data": Object {
    +               "bgColor": "#e9effd",
    +               "contrastRatio": 4.49,
    +               "expectedContrastRatio": "4.5:1",
    +               "fgColor": "#2463eb",
    +               "fontSize": "10.5pt (14px)",
    +               "fontWeight": "normal",
    +               "messageKey": null,
    +             },
    +             "id": "color-contrast",
    +             "impact": "serious",
    +             "message": "Element has insufficient color contrast of 4.49 (foreground color: #2463eb, background color: #e9effd, font size: 10.5pt (14px), font weight: normal). Expected contrast ratio of 4.5:1",
    +             "relatedNodes": Array [
    +               Object {
    +                 "html": "<a class=\"nav-subitem nav-subitem-active\" href=\"/partners/designers\"><span>Designers</span></a>",
    +                 "target": Array [
    +                   ".nav-subitem-active",
    +                 ],
    +               },
    +               Object {
    +                 "html": "<aside class=\"sidebar sidebar-hidden\">",
    +                 "target": Array [
    +                   "aside",
    +                 ],
    +               },
    +             ],
    +           },
    +         ],
    +         "failureSummary": "Fix any of the following:
    +   Element has insufficient color contrast of 4.49 (foreground color: #2463eb, background color: #e9effd, font size: 10.5pt (14px), font weight: normal). Expected contrast ratio of 4.5:1",
    +         "html": "<span>Designers</span>",
    +         "impact": "serious",
    +         "none": Array [],
    +         "target": Array [
    +           ".nav-subitem-active > span",
    +         ],
    +       },
    +     ],
    +     "tags": Array [
    +       "cat.color",
    +       "wcag2aa",
    +       "wcag143",
    +       "TTv5",
    +       "TT13.c",
    +       "EN-301-549",
    +       "EN-9.1.4.3",
    +       "ACT",
    +     ],
    +   },
    + ]

      314 |       .analyze();
      315 |
    > 316 |     expect(accessibilityScanResults.violations).toEqual([]);
          |                                                 ^
      317 |   });
      318 | });
      319 |
        at /Users/eko3/limn-systems-enterprise/tests/e2e/accessibility/a11y.test.ts:316:49

    attachment #1: screenshot (image/png) ──────────────────────────────────────────────────────────
    ../../test-results/accessibility-a11y-Accessi-88f1b-no-accessibility-violations-chromium-desktop/test-failed-1.png
    ────────────────────────────────────────────────────────────────────────────────────────────────

    attachment #2: video (video/webm) ──────────────────────────────────────────────────────────────
    ../../test-results/accessibility-a11y-Accessi-88f1b-no-accessibility-violations-chromium-desktop/video.webm
    ────────────────────────────────────────────────────────────────────────────────────────────────

    attachment #3: video (video/webm) ──────────────────────────────────────────────────────────────
    ../../test-results/accessibility-a11y-Accessi-88f1b-no-accessibility-violations-chromium-desktop/video-1.webm
    ────────────────────────────────────────────────────────────────────────────────────────────────

    Error Context: ../../test-results/accessibility-a11y-Accessi-88f1b-no-accessibility-violations-chromium-desktop/error-context.md
]]>
</failure>
<system-out>
<![CDATA[
[[ATTACHMENT|../test-results/accessibility-a11y-Accessi-88f1b-no-accessibility-violations-chromium-desktop/test-failed-1.png]]

[[ATTACHMENT|../test-results/accessibility-a11y-Accessi-88f1b-no-accessibility-violations-chromium-desktop/video.webm]]

[[ATTACHMENT|../test-results/accessibility-a11y-Accessi-88f1b-no-accessibility-violations-chromium-desktop/video-1.webm]]

[[ATTACHMENT|../test-results/accessibility-a11y-Accessi-88f1b-no-accessibility-violations-chromium-desktop/error-context.md]]
]]>
</system-out>
</testcase>
<testcase name="Accessibility Tests - Documents &amp; Communication › Documents List - Should have no accessibility violations" classname="accessibility/a11y.test.ts" time="3.568">
<failure message="a11y.test.ts:321:7 Documents List - Should have no accessibility violations" type="FAILURE">
<![CDATA[  [chromium-desktop] › accessibility/a11y.test.ts:321:7 › Accessibility Tests - Documents & Communication › Documents List - Should have no accessibility violations 

    Error: expect(received).toEqual(expected) // deep equality

    - Expected  -   1
    + Received  + 293

    - Array []
    + Array [
    +   Object {
    +     "description": "Ensure buttons have discernible text",
    +     "help": "Buttons must have discernible text",
    +     "helpUrl": "https://dequeuniversity.com/rules/axe/4.10/button-name?application=playwright",
    +     "id": "button-name",
    +     "impact": "critical",
    +     "nodes": Array [
    +       Object {
    +         "all": Array [],
    +         "any": Array [
    +           Object {
    +             "data": null,
    +             "id": "button-has-visible-text",
    +             "impact": "critical",
    +             "message": "Element does not have inner text that is visible to screen readers",
    +             "relatedNodes": Array [],
    +           },
    +           Object {
    +             "data": null,
    +             "id": "aria-label",
    +             "impact": "critical",
    +             "message": "aria-label attribute does not exist or is empty",
    +             "relatedNodes": Array [],
    +           },
    +           Object {
    +             "data": null,
    +             "id": "aria-labelledby",
    +             "impact": "critical",
    +             "message": "aria-labelledby attribute does not exist, references elements that do not exist or references elements that are empty",
    +             "relatedNodes": Array [],
    +           },
    +           Object {
    +             "data": Object {
    +               "messageKey": "noAttr",
    +             },
    +             "id": "non-empty-title",
    +             "impact": "critical",
    +             "message": "Element has no title attribute",
    +             "relatedNodes": Array [],
    +           },
    +           Object {
    +             "data": null,
    +             "id": "implicit-label",
    +             "impact": "critical",
    +             "message": "Element does not have an implicit (wrapped) <label>",
    +             "relatedNodes": Array [],
    +           },
    +           Object {
    +             "data": null,
    +             "id": "explicit-label",
    +             "impact": "critical",
    +             "message": "Element does not have an explicit <label>",
    +             "relatedNodes": Array [],
    +           },
    +           Object {
    +             "data": null,
    +             "id": "presentational-role",
    +             "impact": "critical",
    +             "message": "Element's default semantics were not overridden with role=\"none\" or role=\"presentation\"",
    +             "relatedNodes": Array [],
    +           },
    +         ],
    +         "failureSummary": "Fix any of the following:
    +   Element does not have inner text that is visible to screen readers
    +   aria-label attribute does not exist or is empty
    +   aria-labelledby attribute does not exist, references elements that do not exist or references elements that are empty
    +   Element has no title attribute
    +   Element does not have an implicit (wrapped) <label>
    +   Element does not have an explicit <label>
    +   Element's default semantics were not overridden with role=\"none\" or role=\"presentation\"",
    +         "html": "<button class=\"header-icon-button\">",
    +         "impact": "critical",
    +         "none": Array [],
    +         "target": Array [
    +           ".header-icon-button:nth-child(1)",
    +         ],
    +       },
    +       Object {
    +         "all": Array [],
    +         "any": Array [
    +           Object {
    +             "data": null,
    +             "id": "button-has-visible-text",
    +             "impact": "critical",
    +             "message": "Element does not have inner text that is visible to screen readers",
    +             "relatedNodes": Array [],
    +           },
    +           Object {
    +             "data": null,
    +             "id": "aria-label",
    +             "impact": "critical",
    +             "message": "aria-label attribute does not exist or is empty",
    +             "relatedNodes": Array [],
    +           },
    +           Object {
    +             "data": null,
    +             "id": "aria-labelledby",
    +             "impact": "critical",
    +             "message": "aria-labelledby attribute does not exist, references elements that do not exist or references elements that are empty",
    +             "relatedNodes": Array [],
    +           },
    +           Object {
    +             "data": Object {
    +               "messageKey": "noAttr",
    +             },
    +             "id": "non-empty-title",
    +             "impact": "critical",
    +             "message": "Element has no title attribute",
    +             "relatedNodes": Array [],
    +           },
    +           Object {
    +             "data": null,
    +             "id": "implicit-label",
    +             "impact": "critical",
    +             "message": "Element does not have an implicit (wrapped) <label>",
    +             "relatedNodes": Array [],
    +           },
    +           Object {
    +             "data": null,
    +             "id": "explicit-label",
    +             "impact": "critical",
    +             "message": "Element does not have an explicit <label>",
    +             "relatedNodes": Array [],
    +           },
    +           Object {
    +             "data": null,
    +             "id": "presentational-role",
    +             "impact": "critical",
    +             "message": "Element's default semantics were not overridden with role=\"none\" or role=\"presentation\"",
    +             "relatedNodes": Array [],
    +           },
    +         ],
    +         "failureSummary": "Fix any of the following:
    +   Element does not have inner text that is visible to screen readers
    +   aria-label attribute does not exist or is empty
    +   aria-labelledby attribute does not exist, references elements that do not exist or references elements that are empty
    +   Element has no title attribute
    +   Element does not have an implicit (wrapped) <label>
    +   Element does not have an explicit <label>
    +   Element's default semantics were not overridden with role=\"none\" or role=\"presentation\"",
    +         "html": "<button class=\"header-icon-button\">",
    +         "impact": "critical",
    +         "none": Array [],
    +         "target": Array [
    +           ".header-icon-button:nth-child(3)",
    +         ],
    +       },
    +       Object {
    +         "all": Array [],
    +         "any": Array [
    +           Object {
    +             "data": null,
    +             "id": "button-has-visible-text",
    +             "impact": "critical",
    +             "message": "Element does not have inner text that is visible to screen readers",
    +             "relatedNodes": Array [],
    +           },
    +           Object {
    +             "data": null,
    +             "id": "aria-label",
    +             "impact": "critical",
    +             "message": "aria-label attribute does not exist or is empty",
    +             "relatedNodes": Array [],
    +           },
    +           Object {
    +             "data": null,
    +             "id": "aria-labelledby",
    +             "impact": "critical",
    +             "message": "aria-labelledby attribute does not exist, references elements that do not exist or references elements that are empty",
    +             "relatedNodes": Array [],
    +           },
    +           Object {
    +             "data": Object {
    +               "messageKey": "noAttr",
    +             },
    +             "id": "non-empty-title",
    +             "impact": "critical",
    +             "message": "Element has no title attribute",
    +             "relatedNodes": Array [],
    +           },
    +           Object {
    +             "data": null,
    +             "id": "implicit-label",
    +             "impact": "critical",
    +             "message": "Element does not have an implicit (wrapped) <label>",
    +             "relatedNodes": Array [],
    +           },
    +           Object {
    +             "data": null,
    +             "id": "explicit-label",
    +             "impact": "critical",
    +             "message": "Element does not have an explicit <label>",
    +             "relatedNodes": Array [],
    +           },
    +           Object {
    +             "data": null,
    +             "id": "presentational-role",
    +             "impact": "critical",
    +             "message": "Element's default semantics were not overridden with role=\"none\" or role=\"presentation\"",
    +             "relatedNodes": Array [],
    +           },
    +         ],
    +         "failureSummary": "Fix any of the following:
    +   Element does not have inner text that is visible to screen readers
    +   aria-label attribute does not exist or is empty
    +   aria-labelledby attribute does not exist, references elements that do not exist or references elements that are empty
    +   Element has no title attribute
    +   Element does not have an implicit (wrapped) <label>
    +   Element does not have an explicit <label>
    +   Element's default semantics were not overridden with role=\"none\" or role=\"presentation\"",
    +         "html": "<button type=\"button\" role=\"combobox\" aria-controls=\"radix-_R_2eatqkndlb_\" aria-expanded=\"false\" aria-autocomplete=\"none\" dir=\"ltr\" data-state=\"closed\" class=\"flex h-auto min-h-9 w-full items-center justify-between whitespace-nowrap rounded-md border border-input bg-transparent px-3 py-2 text-sm shadow-sm ring-offset-background data-[placeholder]:text-muted-foreground focus:outline-none focus:ring-1 focus:ring-ring disabled:cursor-not-allowed disabled:opacity-50 overflow-visible filter-select\">",
    +         "impact": "critical",
    +         "none": Array [],
    +         "target": Array [
    +           ".h-auto",
    +         ],
    +       },
    +     ],
    +     "tags": Array [
    +       "cat.name-role-value",
    +       "wcag2a",
    +       "wcag412",
    +       "section508",
    +       "section508.22.a",
    +       "TTv5",
    +       "TT6.a",
    +       "EN-301-549",
    +       "EN-9.4.1.2",
    +       "ACT",
    +     ],
    +   },
    +   Object {
    +     "description": "Ensure the contrast between foreground and background colors meets WCAG 2 AA minimum contrast ratio thresholds",
    +     "help": "Elements must meet minimum color contrast ratio thresholds",
    +     "helpUrl": "https://dequeuniversity.com/rules/axe/4.10/color-contrast?application=playwright",
    +     "id": "color-contrast",
    +     "impact": "serious",
    +     "nodes": Array [
    +       Object {
    +         "all": Array [],
    +         "any": Array [
    +           Object {
    +             "data": Object {
    +               "bgColor": "#e9effd",
    +               "contrastRatio": 4.49,
    +               "expectedContrastRatio": "4.5:1",
    +               "fgColor": "#2463eb",
    +               "fontSize": "12.0pt (16px)",
    +               "fontWeight": "normal",
    +               "messageKey": null,
    +             },
    +             "id": "color-contrast",
    +             "impact": "serious",
    +             "message": "Element has insufficient color contrast of 4.49 (foreground color: #2463eb, background color: #e9effd, font size: 12.0pt (16px), font weight: normal). Expected contrast ratio of 4.5:1",
    +             "relatedNodes": Array [
    +               Object {
    +                 "html": "<button class=\"nav-module-header nav-module-header-active\">",
    +                 "target": Array [
    +                   ".nav-module-header-active",
    +                 ],
    +               },
    +               Object {
    +                 "html": "<aside class=\"sidebar sidebar-hidden\">",
    +                 "target": Array [
    +                   "aside",
    +                 ],
    +               },
    +             ],
    +           },
    +         ],
    +         "failureSummary": "Fix any of the following:
    +   Element has insufficient color contrast of 4.49 (foreground color: #2463eb, background color: #e9effd, font size: 12.0pt (16px), font weight: normal). Expected contrast ratio of 4.5:1",
    +         "html": "<span class=\"nav-module-label\">Documents</span>",
    +         "impact": "serious",
    +         "none": Array [],
    +         "target": Array [
    +           ".nav-module-header-active > .nav-module-icon-text > .nav-module-label",
    +         ],
    +       },
    +     ],
    +     "tags": Array [
    +       "cat.color",
    +       "wcag2aa",
    +       "wcag143",
    +       "TTv5",
    +       "TT13.c",
    +       "EN-301-549",
    +       "EN-9.1.4.3",
    +       "ACT",
    +     ],
    +   },
    + ]

      326 |       .analyze();
      327 |
    > 328 |     expect(accessibilityScanResults.violations).toEqual([]);
          |                                                 ^
      329 |   });
      330 |
      331 |   test('Shipping Page - Should have no accessibility violations', async ({ page }) => {
        at /Users/eko3/limn-systems-enterprise/tests/e2e/accessibility/a11y.test.ts:328:49

    attachment #1: screenshot (image/png) ──────────────────────────────────────────────────────────
    ../../test-results/accessibility-a11y-Accessi-c3a0a-no-accessibility-violations-chromium-desktop/test-failed-1.png
    ────────────────────────────────────────────────────────────────────────────────────────────────

    attachment #2: video (video/webm) ──────────────────────────────────────────────────────────────
    ../../test-results/accessibility-a11y-Accessi-c3a0a-no-accessibility-violations-chromium-desktop/video.webm
    ────────────────────────────────────────────────────────────────────────────────────────────────

    attachment #3: video (video/webm) ──────────────────────────────────────────────────────────────
    ../../test-results/accessibility-a11y-Accessi-c3a0a-no-accessibility-violations-chromium-desktop/video-1.webm
    ────────────────────────────────────────────────────────────────────────────────────────────────

    Error Context: ../../test-results/accessibility-a11y-Accessi-c3a0a-no-accessibility-violations-chromium-desktop/error-context.md
]]>
</failure>
<system-out>
<![CDATA[
[[ATTACHMENT|../test-results/accessibility-a11y-Accessi-c3a0a-no-accessibility-violations-chromium-desktop/test-failed-1.png]]

[[ATTACHMENT|../test-results/accessibility-a11y-Accessi-c3a0a-no-accessibility-violations-chromium-desktop/video.webm]]

[[ATTACHMENT|../test-results/accessibility-a11y-Accessi-c3a0a-no-accessibility-violations-chromium-desktop/video-1.webm]]

[[ATTACHMENT|../test-results/accessibility-a11y-Accessi-c3a0a-no-accessibility-violations-chromium-desktop/error-context.md]]
]]>
</system-out>
</testcase>
<testcase name="Accessibility Tests - Documents &amp; Communication › Shipping Page - Should have no accessibility violations" classname="accessibility/a11y.test.ts" time="2.383">
<failure message="a11y.test.ts:331:7 Shipping Page - Should have no accessibility violations" type="FAILURE">
<![CDATA[  [chromium-desktop] › accessibility/a11y.test.ts:331:7 › Accessibility Tests - Documents & Communication › Shipping Page - Should have no accessibility violations 

    Error: expect(received).toEqual(expected) // deep equality

    - Expected  -   1
    + Received  + 369

    - Array []
    + Array [
    +   Object {
    +     "description": "Ensure buttons have discernible text",
    +     "help": "Buttons must have discernible text",
    +     "helpUrl": "https://dequeuniversity.com/rules/axe/4.10/button-name?application=playwright",
    +     "id": "button-name",
    +     "impact": "critical",
    +     "nodes": Array [
    +       Object {
    +         "all": Array [],
    +         "any": Array [
    +           Object {
    +             "data": null,
    +             "id": "button-has-visible-text",
    +             "impact": "critical",
    +             "message": "Element does not have inner text that is visible to screen readers",
    +             "relatedNodes": Array [],
    +           },
    +           Object {
    +             "data": null,
    +             "id": "aria-label",
    +             "impact": "critical",
    +             "message": "aria-label attribute does not exist or is empty",
    +             "relatedNodes": Array [],
    +           },
    +           Object {
    +             "data": null,
    +             "id": "aria-labelledby",
    +             "impact": "critical",
    +             "message": "aria-labelledby attribute does not exist, references elements that do not exist or references elements that are empty",
    +             "relatedNodes": Array [],
    +           },
    +           Object {
    +             "data": Object {
    +               "messageKey": "noAttr",
    +             },
    +             "id": "non-empty-title",
    +             "impact": "critical",
    +             "message": "Element has no title attribute",
    +             "relatedNodes": Array [],
    +           },
    +           Object {
    +             "data": null,
    +             "id": "implicit-label",
    +             "impact": "critical",
    +             "message": "Element does not have an implicit (wrapped) <label>",
    +             "relatedNodes": Array [],
    +           },
    +           Object {
    +             "data": null,
    +             "id": "explicit-label",
    +             "impact": "critical",
    +             "message": "Element does not have an explicit <label>",
    +             "relatedNodes": Array [],
    +           },
    +           Object {
    +             "data": null,
    +             "id": "presentational-role",
    +             "impact": "critical",
    +             "message": "Element's default semantics were not overridden with role=\"none\" or role=\"presentation\"",
    +             "relatedNodes": Array [],
    +           },
    +         ],
    +         "failureSummary": "Fix any of the following:
    +   Element does not have inner text that is visible to screen readers
    +   aria-label attribute does not exist or is empty
    +   aria-labelledby attribute does not exist, references elements that do not exist or references elements that are empty
    +   Element has no title attribute
    +   Element does not have an implicit (wrapped) <label>
    +   Element does not have an explicit <label>
    +   Element's default semantics were not overridden with role=\"none\" or role=\"presentation\"",
    +         "html": "<button class=\"header-icon-button\">",
    +         "impact": "critical",
    +         "none": Array [],
    +         "target": Array [
    +           ".header-icon-button:nth-child(1)",
    +         ],
    +       },
    +       Object {
    +         "all": Array [],
    +         "any": Array [
    +           Object {
    +             "data": null,
    +             "id": "button-has-visible-text",
    +             "impact": "critical",
    +             "message": "Element does not have inner text that is visible to screen readers",
    +             "relatedNodes": Array [],
    +           },
    +           Object {
    +             "data": null,
    +             "id": "aria-label",
    +             "impact": "critical",
    +             "message": "aria-label attribute does not exist or is empty",
    +             "relatedNodes": Array [],
    +           },
    +           Object {
    +             "data": null,
    +             "id": "aria-labelledby",
    +             "impact": "critical",
    +             "message": "aria-labelledby attribute does not exist, references elements that do not exist or references elements that are empty",
    +             "relatedNodes": Array [],
    +           },
    +           Object {
    +             "data": Object {
    +               "messageKey": "noAttr",
    +             },
    +             "id": "non-empty-title",
    +             "impact": "critical",
    +             "message": "Element has no title attribute",
    +             "relatedNodes": Array [],
    +           },
    +           Object {
    +             "data": null,
    +             "id": "implicit-label",
    +             "impact": "critical",
    +             "message": "Element does not have an implicit (wrapped) <label>",
    +             "relatedNodes": Array [],
    +           },
    +           Object {
    +             "data": null,
    +             "id": "explicit-label",
    +             "impact": "critical",
    +             "message": "Element does not have an explicit <label>",
    +             "relatedNodes": Array [],
    +           },
    +           Object {
    +             "data": null,
    +             "id": "presentational-role",
    +             "impact": "critical",
    +             "message": "Element's default semantics were not overridden with role=\"none\" or role=\"presentation\"",
    +             "relatedNodes": Array [],
    +           },
    +         ],
    +         "failureSummary": "Fix any of the following:
    +   Element does not have inner text that is visible to screen readers
    +   aria-label attribute does not exist or is empty
    +   aria-labelledby attribute does not exist, references elements that do not exist or references elements that are empty
    +   Element has no title attribute
    +   Element does not have an implicit (wrapped) <label>
    +   Element does not have an explicit <label>
    +   Element's default semantics were not overridden with role=\"none\" or role=\"presentation\"",
    +         "html": "<button class=\"header-icon-button\">",
    +         "impact": "critical",
    +         "none": Array [],
    +         "target": Array [
    +           ".header-icon-button:nth-child(3)",
    +         ],
    +       },
    +     ],
    +     "tags": Array [
    +       "cat.name-role-value",
    +       "wcag2a",
    +       "wcag412",
    +       "section508",
    +       "section508.22.a",
    +       "TTv5",
    +       "TT6.a",
    +       "EN-301-549",
    +       "EN-9.4.1.2",
    +       "ACT",
    +     ],
    +   },
    +   Object {
    +     "description": "Ensure the contrast between foreground and background colors meets WCAG 2 AA minimum contrast ratio thresholds",
    +     "help": "Elements must meet minimum color contrast ratio thresholds",
    +     "helpUrl": "https://dequeuniversity.com/rules/axe/4.10/color-contrast?application=playwright",
    +     "id": "color-contrast",
    +     "impact": "serious",
    +     "nodes": Array [
    +       Object {
    +         "all": Array [],
    +         "any": Array [
    +           Object {
    +             "data": Object {
    +               "bgColor": "#e9effd",
    +               "contrastRatio": 4.49,
    +               "expectedContrastRatio": "4.5:1",
    +               "fgColor": "#2463eb",
    +               "fontSize": "12.0pt (16px)",
    +               "fontWeight": "normal",
    +               "messageKey": null,
    +             },
    +             "id": "color-contrast",
    +             "impact": "serious",
    +             "message": "Element has insufficient color contrast of 4.49 (foreground color: #2463eb, background color: #e9effd, font size: 12.0pt (16px), font weight: normal). Expected contrast ratio of 4.5:1",
    +             "relatedNodes": Array [
    +               Object {
    +                 "html": "<button class=\"nav-module-header nav-module-header-active\">",
    +                 "target": Array [
    +                   ".nav-module-header-active",
    +                 ],
    +               },
    +               Object {
    +                 "html": "<aside class=\"sidebar sidebar-hidden\">",
    +                 "target": Array [
    +                   "aside",
    +                 ],
    +               },
    +             ],
    +           },
    +         ],
    +         "failureSummary": "Fix any of the following:
    +   Element has insufficient color contrast of 4.49 (foreground color: #2463eb, background color: #e9effd, font size: 12.0pt (16px), font weight: normal). Expected contrast ratio of 4.5:1",
    +         "html": "<span class=\"nav-module-label\">Shipping</span>",
    +         "impact": "serious",
    +         "none": Array [],
    +         "target": Array [
    +           ".nav-module-header-active > .nav-module-icon-text > .nav-module-label",
    +         ],
    +       },
    +       Object {
    +         "all": Array [],
    +         "any": Array [
    +           Object {
    +             "data": Object {
    +               "bgColor": "#e9effd",
    +               "contrastRatio": 4.49,
    +               "expectedContrastRatio": "4.5:1",
    +               "fgColor": "#2463eb",
    +               "fontSize": "10.5pt (14px)",
    +               "fontWeight": "normal",
    +               "messageKey": null,
    +             },
    +             "id": "color-contrast",
    +             "impact": "serious",
    +             "message": "Element has insufficient color contrast of 4.49 (foreground color: #2463eb, background color: #e9effd, font size: 10.5pt (14px), font weight: normal). Expected contrast ratio of 4.5:1",
    +             "relatedNodes": Array [
    +               Object {
    +                 "html": "<a class=\"nav-subitem nav-subitem-active\" href=\"/shipping\"><span>Dashboard</span></a>",
    +                 "target": Array [
    +                   ".nav-subitem-active",
    +                 ],
    +               },
    +               Object {
    +                 "html": "<aside class=\"sidebar sidebar-hidden\">",
    +                 "target": Array [
    +                   "aside",
    +                 ],
    +               },
    +             ],
    +           },
    +         ],
    +         "failureSummary": "Fix any of the following:
    +   Element has insufficient color contrast of 4.49 (foreground color: #2463eb, background color: #e9effd, font size: 10.5pt (14px), font weight: normal). Expected contrast ratio of 4.5:1",
    +         "html": "<span>Dashboard</span>",
    +         "impact": "serious",
    +         "none": Array [],
    +         "target": Array [
    +           ".nav-subitem-active > span",
    +         ],
    +       },
    +       Object {
    +         "all": Array [],
    +         "any": Array [
    +           Object {
    +             "data": Object {
    +               "bgColor": "#ffffff",
    +               "contrastRatio": 1.12,
    +               "expectedContrastRatio": "4.5:1",
    +               "fgColor": "#f1f2f4",
    +               "fontSize": "10.5pt (14px)",
    +               "fontWeight": "normal",
    +               "messageKey": null,
    +             },
    +             "id": "color-contrast",
    +             "impact": "serious",
    +             "message": "Element has insufficient color contrast of 1.12 (foreground color: #f1f2f4, background color: #ffffff, font size: 10.5pt (14px), font weight: normal). Expected contrast ratio of 4.5:1",
    +             "relatedNodes": Array [
    +               Object {
    +                 "html": "<div class=\"rounded-xl border bg-card text-card-foreground shadow cursor-pointer hover:card transition-all\">",
    +                 "target": Array [
    +                   ".cursor-pointer.hover\\:card.transition-all:nth-child(1)",
    +                 ],
    +               },
    +             ],
    +           },
    +         ],
    +         "failureSummary": "Fix any of the following:
    +   Element has insufficient color contrast of 1.12 (foreground color: #f1f2f4, background color: #ffffff, font size: 10.5pt (14px), font weight: normal). Expected contrast ratio of 4.5:1",
    +         "html": "<p class=\"text-sm text-muted\">View and create shipments</p>",
    +         "impact": "serious",
    +         "none": Array [],
    +         "target": Array [
    +           ".cursor-pointer.hover\\:card.transition-all:nth-child(1) > .card-content-compact.pt-0.p-6 > .justify-between.items-center.flex > div > .text-muted.text-sm",
    +         ],
    +       },
    +       Object {
    +         "all": Array [],
    +         "any": Array [
    +           Object {
    +             "data": Object {
    +               "bgColor": "#ffffff",
    +               "contrastRatio": 1.12,
    +               "expectedContrastRatio": "4.5:1",
    +               "fgColor": "#f1f2f4",
    +               "fontSize": "10.5pt (14px)",
    +               "fontWeight": "normal",
    +               "messageKey": null,
    +             },
    +             "id": "color-contrast",
    +             "impact": "serious",
    +             "message": "Element has insufficient color contrast of 1.12 (foreground color: #f1f2f4, background color: #ffffff, font size: 10.5pt (14px), font weight: normal). Expected contrast ratio of 4.5:1",
    +             "relatedNodes": Array [
    +               Object {
    +                 "html": "<div class=\"rounded-xl border bg-card text-card-foreground shadow cursor-pointer hover:card transition-all\">",
    +                 "target": Array [
    +                   ".cursor-pointer.hover\\:card.transition-all:nth-child(2)",
    +                 ],
    +               },
    +             ],
    +           },
    +         ],
    +         "failureSummary": "Fix any of the following:
    +   Element has insufficient color contrast of 1.12 (foreground color: #f1f2f4, background color: #ffffff, font size: 10.5pt (14px), font weight: normal). Expected contrast ratio of 4.5:1",
    +         "html": "<p class=\"text-sm text-muted\">Real-time tracking lookup</p>",
    +         "impact": "serious",
    +         "none": Array [],
    +         "target": Array [
    +           ".cursor-pointer.hover\\:card.transition-all:nth-child(2) > .card-content-compact.pt-0.p-6 > .justify-between.items-center.flex > div > .text-muted.text-sm",
    +         ],
    +       },
    +       Object {
    +         "all": Array [],
    +         "any": Array [
    +           Object {
    +             "data": Object {
    +               "bgColor": "#ffffff",
    +               "contrastRatio": 1.12,
    +               "expectedContrastRatio": "4.5:1",
    +               "fgColor": "#f1f2f4",
    +               "fontSize": "10.5pt (14px)",
    +               "fontWeight": "normal",
    +               "messageKey": null,
    +             },
    +             "id": "color-contrast",
    +             "impact": "serious",
    +             "message": "Element has insufficient color contrast of 1.12 (foreground color: #f1f2f4, background color: #ffffff, font size: 10.5pt (14px), font weight: normal). Expected contrast ratio of 4.5:1",
    +             "relatedNodes": Array [
    +               Object {
    +                 "html": "<div class=\"rounded-xl border bg-card text-card-foreground shadow cursor-pointer hover:card transition-all\">",
    +                 "target": Array [
    +                   ".cursor-pointer.hover\\:card.transition-all:nth-child(3)",
    +                 ],
    +               },
    +             ],
    +           },
    +         ],
    +         "failureSummary": "Fix any of the following:
    +   Element has insufficient color contrast of 1.12 (foreground color: #f1f2f4, background color: #ffffff, font size: 10.5pt (14px), font weight: normal). Expected contrast ratio of 4.5:1",
    +         "html": "<p class=\"text-sm text-muted\">From production orders</p>",
    +         "impact": "serious",
    +         "none": Array [],
    +         "target": Array [
    +           ".cursor-pointer.hover\\:card.transition-all:nth-child(3) > .card-content-compact.pt-0.p-6 > .justify-between.items-center.flex > div > .text-muted.text-sm",
    +         ],
    +       },
    +     ],
    +     "tags": Array [
    +       "cat.color",
    +       "wcag2aa",
    +       "wcag143",
    +       "TTv5",
    +       "TT13.c",
    +       "EN-301-549",
    +       "EN-9.1.4.3",
    +       "ACT",
    +     ],
    +   },
    + ]

      336 |       .analyze();
      337 |
    > 338 |     expect(accessibilityScanResults.violations).toEqual([]);
          |                                                 ^
      339 |   });
      340 | });
      341 |
        at /Users/eko3/limn-systems-enterprise/tests/e2e/accessibility/a11y.test.ts:338:49

    attachment #1: screenshot (image/png) ──────────────────────────────────────────────────────────
    ../../test-results/accessibility-a11y-Accessi-67f36-no-accessibility-violations-chromium-desktop/test-failed-1.png
    ────────────────────────────────────────────────────────────────────────────────────────────────

    attachment #2: video (video/webm) ──────────────────────────────────────────────────────────────
    ../../test-results/accessibility-a11y-Accessi-67f36-no-accessibility-violations-chromium-desktop/video-1.webm
    ────────────────────────────────────────────────────────────────────────────────────────────────

    attachment #3: video (video/webm) ──────────────────────────────────────────────────────────────
    ../../test-results/accessibility-a11y-Accessi-67f36-no-accessibility-violations-chromium-desktop/video.webm
    ────────────────────────────────────────────────────────────────────────────────────────────────

    Error Context: ../../test-results/accessibility-a11y-Accessi-67f36-no-accessibility-violations-chromium-desktop/error-context.md
]]>
</failure>
<system-out>
<![CDATA[
[[ATTACHMENT|../test-results/accessibility-a11y-Accessi-67f36-no-accessibility-violations-chromium-desktop/test-failed-1.png]]

[[ATTACHMENT|../test-results/accessibility-a11y-Accessi-67f36-no-accessibility-violations-chromium-desktop/video-1.webm]]

[[ATTACHMENT|../test-results/accessibility-a11y-Accessi-67f36-no-accessibility-violations-chromium-desktop/video.webm]]

[[ATTACHMENT|../test-results/accessibility-a11y-Accessi-67f36-no-accessibility-violations-chromium-desktop/error-context.md]]
]]>
</system-out>
</testcase>
</testsuite>
</testsuites>